TN:
SF:src/AsyncMessageChannel.ts
FN:40,(anonymous_0)
FN:44,(anonymous_1)
FN:46,(anonymous_2)
FN:53,(anonymous_3)
FN:56,(anonymous_4)
FN:63,(anonymous_5)
FN:66,(anonymous_6)
FN:67,(anonymous_7)
FN:111,(anonymous_8)
FN:118,(anonymous_9)
FN:123,(anonymous_10)
FN:124,(anonymous_11)
FNF:12
FNH:12
FNDA:212,(anonymous_0)
FNDA:496,(anonymous_1)
FNDA:75,(anonymous_2)
FNDA:8,(anonymous_3)
FNDA:166,(anonymous_4)
FNDA:8,(anonymous_5)
FNDA:27,(anonymous_6)
FNDA:96,(anonymous_7)
FNDA:68,(anonymous_8)
FNDA:469,(anonymous_9)
FNDA:469,(anonymous_10)
FNDA:145,(anonymous_11)
DA:32,106
DA:34,106
DA:36,212
DA:38,212
DA:41,212
DA:45,496
DA:46,42
DA:47,75
DA:48,75
DA:49,28
DA:52,42
DA:53,42
DA:56,454
DA:57,166
DA:58,166
DA:59,16
DA:62,454
DA:63,454
DA:67,27
DA:69,96
DA:72,6
DA:74,90
DA:75,90
DA:76,47
DA:79,47
DA:80,46
DA:84,46
DA:85,17
DA:90,29
DA:95,1
DA:96,1
DA:97,1
DA:102,0
DA:115,68
DA:119,469
DA:123,469
DA:124,469
DA:125,145
DA:126,44
DA:127,43
DA:129,1
DA:131,44
DA:133,101
DA:136,469
DA:137,29
DA:139,440
DA:144,469
DA:148,106
LF:48
LH:47
BRDA:45,0,0,42
BRDA:45,0,1,454
BRDA:48,1,0,28
BRDA:48,1,1,47
BRDA:48,2,0,75
BRDA:48,2,1,47
BRDA:48,2,2,47
BRDA:58,3,0,16
BRDA:58,3,1,150
BRDA:58,4,0,166
BRDA:58,4,1,150
BRDA:58,4,2,49
BRDA:69,5,0,6
BRDA:69,5,1,90
BRDA:69,6,0,96
BRDA:69,6,1,96
BRDA:69,6,2,90
BRDA:69,6,3,90
BRDA:75,7,0,47
BRDA:75,7,1,43
BRDA:80,8,0,41
BRDA:80,8,1,5
BRDA:84,9,0,17
BRDA:84,9,1,29
BRDA:96,10,0,1
BRDA:96,10,1,0
BRDA:125,11,0,44
BRDA:125,11,1,101
BRDA:126,12,0,43
BRDA:126,12,1,1
BRDA:136,13,0,29
BRDA:136,13,1,440
BRDA:148,14,0,106
BRDA:148,14,1,0
BRF:34
BRH:32
end_of_record
TN:
SF:src/AsyncMessageChannelPreview.ts
FN:35,(anonymous_0)
FN:40,(anonymous_1)
FN:46,(anonymous_2)
FN:50,(anonymous_3)
FN:54,(anonymous_4)
FN:102,(anonymous_5)
FN:117,(anonymous_6)
FN:121,(anonymous_7)
FN:125,(anonymous_8)
FN:129,(anonymous_9)
FN:129,(anonymous_10)
FN:130,(anonymous_11)
FN:140,(anonymous_12)
FN:145,(anonymous_13)
FN:155,(anonymous_14)
FN:161,(anonymous_15)
FN:174,(anonymous_16)
FN:178,(anonymous_17)
FN:181,(anonymous_18)
FN:183,(anonymous_19)
FN:190,(anonymous_20)
FN:197,(anonymous_21)
FN:251,(anonymous_22)
FN:259,(anonymous_23)
FN:263,(anonymous_24)
FN:268,(anonymous_25)
FN:270,(anonymous_26)
FNF:27
FNH:16
FNDA:0,(anonymous_0)
FNDA:0,(anonymous_1)
FNDA:1,(anonymous_2)
FNDA:1,(anonymous_3)
FNDA:0,(anonymous_4)
FNDA:212,(anonymous_5)
FNDA:0,(anonymous_6)
FNDA:0,(anonymous_7)
FNDA:0,(anonymous_8)
FNDA:3,(anonymous_9)
FNDA:1,(anonymous_10)
FNDA:3,(anonymous_11)
FNDA:3,(anonymous_12)
FNDA:1,(anonymous_13)
FNDA:2,(anonymous_14)
FNDA:1,(anonymous_15)
FNDA:0,(anonymous_16)
FNDA:0,(anonymous_17)
FNDA:0,(anonymous_18)
FNDA:0,(anonymous_19)
FNDA:0,(anonymous_20)
FNDA:2,(anonymous_21)
FNDA:2,(anonymous_22)
FNDA:1,(anonymous_23)
FNDA:1,(anonymous_24)
FNDA:1,(anonymous_25)
FNDA:1,(anonymous_26)
DA:33,106
DA:35,106
DA:36,0
DA:37,0
DA:38,0
DA:40,0
DA:41,0
DA:46,106
DA:47,1
DA:50,106
DA:51,1
DA:54,106
DA:55,0
DA:56,0
DA:57,0
DA:58,0
DA:59,0
DA:62,0
DA:63,0
DA:65,0
DA:86,106
DA:88,106
DA:90,212
DA:92,212
DA:94,212
DA:96,212
DA:98,212
DA:100,212
DA:103,212
DA:104,212
DA:105,106
DA:106,106
DA:107,0
DA:109,106
DA:112,212
DA:113,0
DA:117,212
DA:118,0
DA:121,212
DA:122,0
DA:126,0
DA:129,1
DA:130,3
DA:131,3
DA:132,3
DA:133,1
DA:137,3
DA:141,3
DA:143,1
DA:144,1
DA:145,1
DA:149,2
DA:152,2
DA:155,2
DA:157,2
DA:158,2
DA:159,0
DA:161,2
DA:162,1
DA:163,1
DA:164,0
DA:169,0
DA:175,0
DA:176,0
DA:177,0
DA:178,0
DA:179,0
DA:181,0
DA:182,0
DA:183,0
DA:184,0
DA:185,0
DA:190,0
DA:191,0
DA:192,0
DA:197,212
DA:199,2
DA:201,0
DA:202,0
DA:203,0
DA:205,0
DA:207,0
DA:209,0
DA:211,2
DA:212,2
DA:213,0
DA:214,0
DA:216,0
DA:218,0
DA:220,2
DA:221,1
DA:224,1
DA:225,1
DA:227,1
DA:228,1
DA:232,0
DA:233,0
DA:235,0
DA:238,0
DA:239,0
DA:240,0
DA:245,0
DA:252,2
DA:253,0
DA:256,2
DA:260,1
DA:264,1
DA:268,1
DA:269,1
DA:271,1
DA:272,1
DA:273,1
DA:275,0
DA:277,1
DA:279,0
DA:283,1
DA:285,0
DA:286,0
DA:289,1
DA:290,0
DA:292,1
DA:294,1
DA:297,0
DA:298,0
DA:301,0
DA:304,1
LF:126
LH:66
BRDA:37,0,0,0
BRDA:37,0,1,0
BRDA:37,1,0,0
BRDA:37,1,1,0
BRDA:57,2,0,0
BRDA:57,2,1,0
BRDA:104,3,0,106
BRDA:104,3,1,106
BRDA:106,4,0,0
BRDA:106,4,1,106
BRDA:112,5,0,0
BRDA:112,5,1,212
BRDA:129,6,0,1
BRDA:132,7,0,1
BRDA:132,7,1,2
BRDA:132,8,0,3
BRDA:132,8,1,2
BRDA:132,8,2,2
BRDA:141,9,0,1
BRDA:141,9,1,0
BRDA:141,9,2,2
BRDA:141,9,3,0
BRDA:149,10,0,0
BRDA:149,10,1,2
BRDA:158,11,0,0
BRDA:158,11,1,2
BRDA:163,12,0,0
BRDA:163,12,1,1
BRDA:175,13,0,0
BRDA:175,13,1,0
BRDA:191,14,0,0
BRDA:191,14,1,0
BRDA:199,15,0,0
BRDA:199,15,1,2
BRDA:199,16,0,2
BRDA:199,16,1,2
BRDA:199,16,2,2
BRDA:199,16,3,2
BRDA:201,17,0,0
BRDA:201,17,1,0
BRDA:201,18,0,0
BRDA:201,18,1,0
BRDA:202,19,0,0
BRDA:202,19,1,0
BRDA:212,20,0,0
BRDA:212,20,1,2
BRDA:212,21,0,2
BRDA:212,21,1,1
BRDA:213,22,0,0
BRDA:213,22,1,0
BRDA:220,23,0,1
BRDA:220,23,1,1
BRDA:225,24,0,1
BRDA:225,24,1,0
BRDA:227,25,0,1
BRDA:227,25,1,0
BRDA:232,26,0,0
BRDA:232,26,1,0
BRDA:239,27,0,0
BRDA:239,27,1,0
BRDA:252,28,0,0
BRDA:252,28,1,2
BRDA:252,29,0,2
BRDA:252,29,1,1
BRDA:271,30,0,1
BRDA:271,30,1,0
BRDA:272,31,0,1
BRDA:272,31,1,0
BRDA:283,32,0,0
BRDA:283,32,1,1
BRDA:283,32,2,0
BRDA:283,32,3,0
BRDA:289,33,0,0
BRDA:289,33,1,1
BRF:74
BRH:34
end_of_record
TN:
SF:src/stitches.config.ts
FNF:0
FNH:0
DA:5,37
DA:46,37
DA:48,37
DA:59,37
LF:4
LH:4
BRF:0
BRH:0
end_of_record
TN:
SF:src/supabase.ts
FN:37,(anonymous_0)
FN:44,(anonymous_1)
FN:53,(anonymous_2)
FN:60,(anonymous_3)
FN:69,(anonymous_4)
FN:77,(anonymous_5)
FN:87,(anonymous_6)
FN:110,(anonymous_7)
FN:124,(anonymous_8)
FN:129,(anonymous_9)
FN:153,(anonymous_10)
FN:159,(anonymous_11)
FN:176,(anonymous_12)
FN:183,(anonymous_13)
FN:206,(anonymous_14)
FNF:15
FNH:4
FNDA:7,(anonymous_0)
FNDA:7,(anonymous_1)
FNDA:0,(anonymous_2)
FNDA:0,(anonymous_3)
FNDA:0,(anonymous_4)
FNDA:0,(anonymous_5)
FNDA:0,(anonymous_6)
FNDA:0,(anonymous_7)
FNDA:0,(anonymous_8)
FNDA:0,(anonymous_9)
FNDA:1,(anonymous_10)
FNDA:0,(anonymous_11)
FNDA:1,(anonymous_12)
FNDA:0,(anonymous_13)
FNDA:0,(anonymous_14)
DA:10,7
DA:31,7
DA:38,7
DA:39,7
DA:40,7
DA:41,7
DA:45,7
DA:46,7
DA:47,7
DA:48,7
DA:49,7
DA:50,7
DA:54,0
DA:61,0
DA:62,0
DA:66,0
DA:70,0
DA:71,0
DA:72,0
DA:73,0
DA:74,0
DA:78,0
DA:79,0
DA:80,0
DA:81,0
DA:82,0
DA:83,0
DA:86,0
DA:87,0
DA:88,0
DA:89,0
DA:90,0
DA:93,0
DA:94,0
DA:95,0
DA:100,0
DA:104,0
DA:111,0
DA:112,0
DA:113,0
DA:115,0
DA:116,0
DA:118,0
DA:121,0
DA:125,0
DA:126,0
DA:130,0
DA:131,0
DA:133,0
DA:137,0
DA:138,0
DA:141,0
DA:142,0
DA:144,0
DA:145,0
DA:146,0
DA:148,0
DA:149,0
DA:154,1
DA:155,1
DA:159,0
DA:161,0
DA:162,0
DA:165,0
DA:166,0
DA:169,0
DA:170,0
DA:172,1
DA:177,1
DA:178,1
DA:179,1
DA:183,0
DA:185,0
DA:186,0
DA:188,0
DA:189,0
DA:192,0
DA:193,0
DA:195,1
DA:207,0
DA:211,7
LF:81
LH:20
BRDA:46,0,0,7
BRDA:46,0,1,7
BRDA:47,1,0,7
BRDA:47,1,1,7
BRDA:89,2,0,0
BRDA:89,2,1,0
BRDA:93,3,0,0
BRDA:93,3,1,0
BRDA:113,4,0,0
BRDA:113,4,1,0
BRDA:115,5,0,0
BRDA:115,5,1,0
BRDA:131,6,0,0
BRDA:131,6,1,0
BRDA:137,7,0,0
BRDA:137,7,1,0
BRDA:144,8,0,0
BRDA:144,8,1,0
BRDA:146,9,0,0
BRDA:146,9,1,0
BRDA:161,10,0,0
BRDA:161,10,1,0
BRDA:177,11,0,1
BRDA:177,11,1,0
BRDA:185,12,0,0
BRDA:185,12,1,0
BRDA:206,13,0,0
BRDA:211,14,0,7
BRDA:211,14,1,7
BRDA:211,15,0,7
BRDA:211,15,1,7
BRF:31
BRH:9
end_of_record
TN:
SF:src/wdyr.ts
FNF:0
FNH:0
DA:5,0
LF:1
LH:0
BRF:0
BRH:0
end_of_record
TN:
SF:src/app/index.tsx
FNF:0
FNH:0
DA:12,0
DA:13,0
DA:15,0
DA:16,0
DA:18,0
LF:5
LH:0
BRF:0
BRH:0
end_of_record
TN:
SF:src/app/sentry.ts
FN:18,(anonymous_0)
FN:19,(anonymous_1)
FN:35,(anonymous_2)
FNF:3
FNH:0
FNDA:0,(anonymous_0)
FNDA:0,(anonymous_1)
FNDA:0,(anonymous_2)
DA:5,66
DA:8,66
DA:9,66
DA:10,66
DA:12,66
DA:18,66
DA:19,0
DA:20,0
DA:21,0
DA:23,0
DA:24,0
DA:26,0
DA:30,0
DA:35,66
DA:36,0
DA:40,0
DA:52,0
DA:53,0
DA:55,0
LF:19
LH:7
BRDA:8,0,0,66
BRDA:8,0,1,66
BRDA:9,1,0,66
BRDA:9,1,1,66
BRDA:10,2,0,66
BRDA:10,2,1,66
BRDA:23,3,0,0
BRDA:23,3,1,0
BRDA:24,4,0,0
BRDA:24,4,1,0
BRDA:36,5,0,0
BRDA:36,5,1,0
BRDA:36,5,2,0
BRDA:36,5,3,0
BRF:14
BRH:6
end_of_record
TN:
SF:src/app/store.ts
FN:20,(anonymous_0)
FNF:1
FNH:1
FNDA:76,(anonymous_0)
DA:14,66
DA:20,76
DA:26,66
LF:3
LH:3
BRF:0
BRH:0
end_of_record
TN:
SF:src/app/assets/hints/images.ts
FNF:0
FNH:0
LF:0
LH:0
BRF:0
BRH:0
end_of_record
TN:
SF:src/app/asyncMessageHandlers/getThemeInfo.ts
FN:12,(anonymous_0)
FNF:1
FNH:0
FNDA:0,(anonymous_0)
DA:12,0
DA:13,0
DA:14,0
DA:15,0
DA:17,0
LF:5
LH:0
BRF:0
BRH:0
end_of_record
TN:
SF:src/app/asyncMessageHandlers/index.ts
FNF:0
FNH:0
LF:0
LH:0
BRF:0
BRH:0
end_of_record
TN:
SF:src/app/asyncMessageHandlers/startup.tsx
FN:19,(anonymous_0)
FN:25,(anonymous_1)
FN:29,(anonymous_2)
FN:30,(anonymous_3)
FN:34,(anonymous_4)
FN:35,(anonymous_5)
FN:56,(anonymous_6)
FNF:7
FNH:0
FNDA:0,(anonymous_0)
FNDA:0,(anonymous_1)
FNDA:0,(anonymous_2)
FNDA:0,(anonymous_3)
FNDA:0,(anonymous_4)
FNDA:0,(anonymous_5)
FNDA:0,(anonymous_6)
DA:17,0
DA:19,0
DA:20,0
DA:21,0
DA:22,0
DA:23,0
DA:25,0
DA:26,0
DA:29,0
DA:30,0
DA:31,0
DA:34,0
DA:35,0
DA:40,0
DA:49,0
DA:56,0
DA:57,0
DA:61,0
DA:62,0
LF:19
LH:0
BRDA:26,0,0,0
BRDA:26,0,1,0
BRDA:26,0,2,0
BRDA:40,1,0,0
BRDA:40,1,1,0
BRDA:49,2,0,0
BRDA:49,2,1,0
BRF:7
BRH:0
end_of_record
TN:
SF:src/app/components/AnnotationBuilder.tsx
FN:13,AnnotationBuilder
FN:17,(anonymous_1)
FN:21,(anonymous_2)
FN:25,(anonymous_3)
FN:29,(anonymous_4)
FNF:5
FNH:0
FNDA:0,AnnotationBuilder
FNDA:0,(anonymous_1)
FNDA:0,(anonymous_2)
FNDA:0,(anonymous_3)
FNDA:0,(anonymous_4)
DA:14,0
DA:15,0
DA:17,0
DA:18,0
DA:21,0
DA:22,0
DA:25,0
DA:26,0
DA:29,0
DA:30,0
DA:33,0
LF:11
LH:0
BRDA:33,0,0,0
BRDA:33,0,1,0
BRF:2
BRH:0
end_of_record
TN:
SF:src/app/components/App.tsx
FN:18,App
FNF:1
FNH:1
FNDA:4,App
DA:19,4
DA:21,3
LF:2
LH:2
BRDA:31,0,0,3
BRDA:31,0,1,0
BRDA:50,1,0,3
BRDA:50,1,1,3
BRDA:51,2,0,3
BRDA:51,2,1,3
BRDA:51,2,2,0
BRDA:52,3,0,3
BRDA:52,3,1,0
BRDA:54,4,0,3
BRDA:54,4,1,0
BRDA:55,5,0,3
BRDA:55,5,1,0
BRDA:56,6,0,3
BRDA:56,6,1,0
BRDA:58,7,0,3
BRDA:58,7,1,0
BRDA:58,7,2,0
BRF:18
BRH:10
end_of_record
TN:
SF:src/app/components/ApplySelector.tsx
FN:16,ApplySelector
FN:24,(anonymous_1)
FN:28,(anonymous_2)
FN:32,(anonymous_3)
FN:36,(anonymous_4)
FN:40,(anonymous_5)
FNF:6
FNH:1
FNDA:8,ApplySelector
FNDA:0,(anonymous_1)
FNDA:0,(anonymous_2)
FNDA:0,(anonymous_3)
FNDA:0,(anonymous_4)
FNDA:0,(anonymous_5)
DA:17,8
DA:18,8
DA:20,8
DA:22,8
DA:24,8
DA:25,0
DA:28,8
DA:29,0
DA:32,8
DA:33,0
DA:36,8
DA:37,0
DA:40,8
DA:41,0
DA:44,8
LF:15
LH:10
BRF:0
BRH:0
end_of_record
TN:
SF:src/app/components/BitbucketMigrationDialog.tsx
FN:13,BitbucketMigrationDialog
FN:24,(anonymous_1)
FN:24,(anonymous_2)
FN:29,(anonymous_3)
FN:32,(anonymous_4)
FN:37,(anonymous_5)
FN:57,(anonymous_6)
FNF:7
FNH:3
FNDA:47,BitbucketMigrationDialog
FNDA:0,(anonymous_1)
FNDA:0,(anonymous_2)
FNDA:17,(anonymous_3)
FNDA:0,(anonymous_4)
FNDA:17,(anonymous_5)
FNDA:0,(anonymous_6)
DA:20,47
DA:21,46
DA:22,46
DA:24,46
DA:25,0
DA:29,46
DA:30,17
DA:32,17
DA:33,0
DA:34,0
DA:37,17
DA:39,0
DA:42,46
DA:58,0
LF:14
LH:9
BRDA:30,0,0,17
BRDA:30,0,1,0
BRF:2
BRH:1
end_of_record
TN:
SF:src/app/components/BorderTokenDownShiftInput.tsx
FN:9,BorderTokenDownShiftInput
FN:30,(anonymous_1)
FN:40,(anonymous_2)
FN:43,(anonymous_3)
FNF:4
FNH:0
FNDA:0,BorderTokenDownShiftInput
FNDA:0,(anonymous_1)
FNDA:0,(anonymous_2)
FNDA:0,(anonymous_3)
DA:28,0
DA:30,0
DA:31,0
DA:32,0
DA:33,0
DA:35,0
DA:39,0
DA:40,0
DA:43,0
DA:45,0
DA:46,0
DA:52,0
LF:12
LH:0
BRDA:28,0,0,0
BRDA:28,0,1,0
BRDA:31,1,0,0
BRDA:31,1,1,0
BRDA:31,2,0,0
BRDA:31,2,1,0
BRDA:31,2,2,0
BRDA:33,3,0,0
BRDA:33,3,1,0
BRDA:35,4,0,0
BRDA:35,4,1,0
BRDA:64,5,0,0
BRDA:64,5,1,0
BRF:13
BRH:0
end_of_record
TN:
SF:src/app/components/BorderTokenForm.tsx
FN:24,BorderTokenForm
FN:50,(anonymous_1)
FN:53,(anonymous_2)
FN:59,(anonymous_3)
FN:61,(anonymous_4)
FN:67,(anonymous_5)
FN:97,(anonymous_6)
FNF:7
FNH:0
FNDA:0,BorderTokenForm
FNDA:0,(anonymous_1)
FNDA:0,(anonymous_2)
FNDA:0,(anonymous_3)
FNDA:0,(anonymous_4)
FNDA:0,(anonymous_5)
FNDA:0,(anonymous_6)
DA:18,5
DA:43,0
DA:44,0
DA:45,0
DA:46,0
DA:47,0
DA:48,0
DA:50,0
DA:51,0
DA:52,0
DA:53,0
DA:54,0
DA:56,0
DA:59,0
DA:60,0
DA:62,0
DA:67,0
DA:68,0
DA:69,0
DA:71,0
DA:72,0
DA:75,0
DA:98,0
LF:23
LH:1
BRDA:44,0,0,0
BRDA:44,0,1,0
BRDA:45,1,0,0
BRDA:45,1,1,0
BRDA:52,2,0,0
BRDA:52,2,1,0
BRDA:52,3,0,0
BRDA:52,3,1,0
BRDA:54,4,0,0
BRDA:54,4,1,0
BRDA:68,5,0,0
BRDA:68,5,1,0
BRDA:68,6,0,0
BRDA:68,6,1,0
BRDA:69,7,0,0
BRDA:69,7,1,0
BRDA:71,8,0,0
BRDA:71,8,1,0
BRDA:79,9,0,0
BRDA:79,9,1,0
BRDA:95,10,0,0
BRDA:95,10,1,0
BRDA:95,11,0,0
BRDA:95,11,1,0
BRDA:97,12,0,0
BRDA:97,12,1,0
BRDA:102,13,0,0
BRDA:102,13,1,0
BRDA:110,14,0,0
BRDA:110,14,1,0
BRDA:110,14,2,0
BRDA:112,15,0,0
BRDA:112,15,1,0
BRDA:122,16,0,0
BRDA:122,16,1,0
BRDA:135,17,0,0
BRDA:135,17,1,0
BRDA:135,17,2,0
BRDA:135,17,3,0
BRF:39
BRH:0
end_of_record
TN:
SF:src/app/components/Box.tsx
FNF:0
FNH:0
DA:3,29
LF:1
LH:1
BRF:0
BRH:0
end_of_record
TN:
SF:src/app/components/BoxShadowInput.tsx
FN:22,BoxShadowInput
FN:42,(anonymous_1)
FN:48,(anonymous_2)
FN:51,(anonymous_3)
FN:57,(anonymous_4)
FN:63,(anonymous_5)
FN:73,(anonymous_6)
FN:75,(anonymous_7)
FN:120,(anonymous_8)
FNF:9
FNH:0
FNDA:0,BoxShadowInput
FNDA:0,(anonymous_1)
FNDA:0,(anonymous_2)
FNDA:0,(anonymous_3)
FNDA:0,(anonymous_4)
FNDA:0,(anonymous_5)
FNDA:0,(anonymous_6)
FNDA:0,(anonymous_7)
FNDA:0,(anonymous_8)
DA:37,0
DA:38,0
DA:39,0
DA:40,0
DA:42,0
DA:43,0
DA:44,0
DA:45,0
DA:48,0
DA:49,0
DA:50,0
DA:51,0
DA:52,0
DA:54,0
DA:57,0
DA:58,0
DA:59,0
DA:60,0
DA:63,0
DA:64,0
DA:65,0
DA:66,0
DA:67,0
DA:68,0
DA:69,0
DA:73,0
DA:74,0
DA:75,0
DA:79,0
DA:121,0
LF:30
LH:0
BRDA:38,0,0,0
BRDA:38,0,1,0
BRDA:39,1,0,0
BRDA:39,1,1,0
BRDA:43,2,0,0
BRDA:43,2,1,0
BRDA:49,3,0,0
BRDA:49,3,1,0
BRDA:50,4,0,0
BRDA:50,4,1,0
BRDA:50,5,0,0
BRDA:50,5,1,0
BRDA:52,6,0,0
BRDA:52,6,1,0
BRDA:58,7,0,0
BRDA:58,7,1,0
BRDA:58,8,0,0
BRDA:58,8,1,0
BRDA:59,9,0,0
BRDA:59,9,1,0
BRDA:64,10,0,0
BRDA:64,10,1,0
BRDA:66,11,0,0
BRDA:66,11,1,0
BRDA:66,12,0,0
BRDA:66,12,1,0
BRDA:68,13,0,0
BRDA:68,13,1,0
BRDA:74,14,0,0
BRDA:74,14,1,0
BRDA:74,15,0,0
BRDA:74,15,1,0
BRDA:84,16,0,0
BRDA:84,16,1,0
BRDA:117,17,0,0
BRDA:117,17,1,0
BRDA:119,18,0,0
BRDA:119,18,1,0
BRDA:152,19,0,0
BRDA:152,19,1,0
BRDA:164,20,0,0
BRDA:164,20,1,0
BRDA:164,20,2,0
BRDA:164,20,3,0
BRDA:164,20,4,0
BRF:45
BRH:0
end_of_record
TN:
SF:src/app/components/BranchSelector.tsx
FN:30,BranchSelector
FN:53,(anonymous_1)
FN:57,(anonymous_2)
FN:61,(anonymous_3)
FN:65,(anonymous_4)
FN:69,(anonymous_5)
FN:82,(anonymous_6)
FN:90,(anonymous_7)
FN:104,(anonymous_8)
FN:128,(anonymous_9)
FN:142,(anonymous_10)
FNF:11
FNH:2
FNDA:7,BranchSelector
FNDA:0,(anonymous_1)
FNDA:0,(anonymous_2)
FNDA:0,(anonymous_3)
FNDA:4,(anonymous_4)
FNDA:0,(anonymous_5)
FNDA:0,(anonymous_6)
FNDA:0,(anonymous_7)
FNDA:0,(anonymous_8)
FNDA:0,(anonymous_9)
FNDA:0,(anonymous_10)
DA:31,7
DA:34,7
DA:35,7
DA:36,7
DA:37,7
DA:39,7
DA:40,7
DA:41,7
DA:42,7
DA:43,7
DA:44,7
DA:45,7
DA:46,7
DA:47,7
DA:48,7
DA:49,7
DA:50,7
DA:51,7
DA:53,7
DA:54,0
DA:57,7
DA:61,7
DA:62,0
DA:65,7
DA:66,4
DA:69,7
DA:70,0
DA:76,0
DA:77,0
DA:79,0
DA:82,7
DA:83,0
DA:84,0
DA:85,0
DA:86,0
DA:89,7
DA:91,0
DA:93,0
DA:94,0
DA:97,0
DA:98,0
DA:103,7
DA:105,0
DA:106,0
DA:107,0
DA:108,0
DA:109,0
DA:110,0
DA:111,0
DA:114,0
DA:118,0
DA:120,0
DA:127,7
DA:129,0
DA:130,0
DA:131,0
DA:132,0
DA:135,0
DA:141,7
DA:143,0
DA:144,0
DA:145,0
DA:146,0
DA:147,0
DA:148,0
DA:154,7
LF:66
LH:30
BRDA:76,0,0,0
BRDA:76,0,1,0
BRDA:85,1,0,0
BRDA:85,1,1,0
BRDA:93,2,0,0
BRDA:93,2,1,0
BRDA:93,3,0,0
BRDA:93,3,1,0
BRDA:105,4,0,0
BRDA:105,4,1,0
BRDA:105,5,0,0
BRDA:105,5,1,0
BRDA:130,6,0,0
BRDA:130,6,1,0
BRDA:131,7,0,0
BRDA:131,7,1,0
BRDA:145,8,0,0
BRDA:145,8,1,0
BRDA:145,9,0,0
BRDA:145,9,1,0
BRDA:146,10,0,0
BRDA:146,10,1,0
BRDA:154,11,0,7
BRDA:154,11,1,0
BRDA:165,12,0,7
BRDA:165,12,1,0
BRDA:165,12,2,0
BRDA:174,13,0,7
BRDA:174,13,1,0
BRF:29
BRH:3
end_of_record
TN:
SF:src/app/components/BranchSelectorPopover.tsx
FN:32,(anonymous_0)
FN:51,(anonymous_1)
FN:53,(anonymous_2)
FN:56,(anonymous_3)
FN:62,(anonymous_4)
FN:69,(anonymous_5)
FN:73,(anonymous_6)
FN:76,(anonymous_7)
FN:81,(anonymous_8)
FN:86,(anonymous_9)
FN:94,(anonymous_10)
FN:100,(anonymous_11)
FN:107,(anonymous_12)
FN:111,(anonymous_13)
FN:115,(anonymous_14)
FN:118,(anonymous_15)
FN:125,(anonymous_16)
FN:129,(anonymous_17)
FN:145,(anonymous_18)
FN:166,(anonymous_19)
FN:204,(anonymous_20)
FN:326,(anonymous_21)
FNF:22
FNH:5
FNDA:7,(anonymous_0)
FNDA:4,(anonymous_1)
FNDA:0,(anonymous_2)
FNDA:0,(anonymous_3)
FNDA:4,(anonymous_4)
FNDA:4,(anonymous_5)
FNDA:0,(anonymous_6)
FNDA:0,(anonymous_7)
FNDA:0,(anonymous_8)
FNDA:0,(anonymous_9)
FNDA:0,(anonymous_10)
FNDA:0,(anonymous_11)
FNDA:0,(anonymous_12)
FNDA:0,(anonymous_13)
FNDA:0,(anonymous_14)
FNDA:7,(anonymous_15)
FNDA:0,(anonymous_16)
FNDA:0,(anonymous_17)
FNDA:0,(anonymous_18)
FNDA:0,(anonymous_19)
FNDA:0,(anonymous_20)
FNDA:0,(anonymous_21)
DA:32,5
DA:41,7
DA:42,7
DA:43,7
DA:44,7
DA:45,7
DA:46,7
DA:47,7
DA:48,7
DA:51,7
DA:52,4
DA:53,0
DA:54,0
DA:56,0
DA:58,4
DA:62,7
DA:63,4
DA:64,4
DA:69,7
DA:70,4
DA:71,4
DA:73,0
DA:76,7
DA:77,0
DA:78,0
DA:81,7
DA:82,0
DA:86,7
DA:87,0
DA:88,0
DA:94,7
DA:95,0
DA:96,0
DA:97,0
DA:100,7
DA:101,0
DA:102,0
DA:104,0
DA:107,7
DA:108,0
DA:111,7
DA:112,0
DA:115,7
DA:118,7
DA:125,7
DA:129,0
DA:132,7
DA:133,0
DA:142,7
DA:145,7
DA:146,0
DA:147,0
DA:149,0
DA:150,0
DA:151,0
DA:154,0
DA:155,0
DA:156,0
DA:158,0
DA:159,0
DA:161,0
DA:162,0
DA:166,7
DA:168,7
DA:205,0
DA:327,0
DA:329,0
LF:67
LH:33
BRDA:52,0,0,0
BRDA:52,0,1,4
BRDA:52,1,0,4
BRDA:52,1,1,0
BRDA:63,2,0,4
BRDA:63,2,1,0
BRDA:70,3,0,4
BRDA:70,3,1,0
BRDA:87,4,0,0
BRDA:87,4,1,0
BRDA:115,5,0,0
BRDA:115,5,1,0
BRDA:129,6,0,0
BRDA:129,6,1,0
BRDA:132,7,0,0
BRDA:132,7,1,7
BRDA:132,8,0,7
BRDA:132,8,1,7
BRDA:135,9,0,0
BRDA:135,9,1,0
BRDA:146,10,0,0
BRDA:146,10,1,0
BRDA:149,11,0,0
BRDA:149,11,1,0
BRDA:154,12,0,0
BRDA:154,12,1,0
BRDA:158,13,0,0
BRDA:158,13,1,0
BRDA:161,14,0,0
BRDA:161,14,1,0
BRDA:166,15,0,0
BRDA:166,15,1,0
BRDA:171,16,0,7
BRDA:171,16,1,0
BRDA:265,17,0,0
BRDA:265,17,1,0
BRDA:278,18,0,0
BRDA:278,18,1,0
BRDA:326,19,0,0
BRDA:326,19,1,0
BRDA:342,20,0,0
BRDA:342,20,1,0
BRDA:346,21,0,0
BRDA:346,21,1,0
BRDA:354,22,0,0
BRDA:354,22,1,0
BRDA:361,23,0,0
BRDA:361,23,1,0
BRDA:361,23,2,0
BRF:49
BRH:8
end_of_record
TN:
SF:src/app/components/BranchSwitchMenuRadioElement.tsx
FN:11,(anonymous_0)
FN:16,(anonymous_1)
FNF:2
FNH:0
FNDA:0,(anonymous_0)
FNDA:0,(anonymous_1)
DA:11,0
DA:16,0
DA:18,0
LF:3
LH:0
BRF:0
BRH:0
end_of_record
TN:
SF:src/app/components/BrokenReferenceIndicator.tsx
FN:10,BrokenReferenceIndicator
FN:13,(anonymous_1)
FN:14,(anonymous_2)
FNF:3
FNH:2
FNDA:67,BrokenReferenceIndicator
FNDA:44,(anonymous_1)
FNDA:0,(anonymous_2)
DA:11,67
DA:13,67
DA:14,44
DA:17,67
DA:18,0
DA:22,67
LF:6
LH:5
BRDA:17,0,0,0
BRDA:17,0,1,67
BRF:2
BRH:1
end_of_record
TN:
SF:src/app/components/Callout.tsx
FN:21,Callout
FNF:1
FNH:1
FNDA:5,Callout
DA:24,5
LF:1
LH:1
BRDA:38,0,0,5
BRDA:38,0,1,0
BRDA:38,0,2,5
BRDA:40,1,0,5
BRDA:40,1,1,5
BRDA:45,2,0,5
BRDA:45,2,1,1
BRF:7
BRH:6
end_of_record
TN:
SF:src/app/components/ChangeStateListingHeading.tsx
FN:39,ChangeStateListingHeading
FN:46,(anonymous_1)
FNF:2
FNH:0
FNDA:0,ChangeStateListingHeading
FNDA:0,(anonymous_1)
DA:19,3
DA:46,0
DA:47,0
DA:50,0
LF:4
LH:1
BRDA:58,0,0,0
BRDA:58,0,1,0
BRDA:60,1,0,0
BRDA:60,1,1,0
BRF:4
BRH:0
end_of_record
TN:
SF:src/app/components/ChangedStateList.tsx
FN:9,ChangedStateList
FN:17,(anonymous_1)
FN:28,(anonymous_2)
FN:36,(anonymous_3)
FN:40,(anonymous_4)
FN:51,(anonymous_5)
FNF:6
FNH:0
FNDA:0,ChangedStateList
FNDA:0,(anonymous_1)
FNDA:0,(anonymous_2)
FNDA:0,(anonymous_3)
FNDA:0,(anonymous_4)
FNDA:0,(anonymous_5)
DA:10,0
DA:11,0
DA:12,0
DA:13,0
DA:15,0
DA:17,0
DA:18,0
DA:19,0
DA:20,0
DA:21,0
DA:23,0
DA:24,0
DA:26,0
DA:27,0
DA:28,0
DA:30,0
DA:34,0
DA:37,0
DA:41,0
DA:52,0
LF:20
LH:0
BRDA:15,0,0,0
BRDA:15,0,1,0
BRDA:19,1,0,0
BRDA:19,1,1,0
BRDA:20,2,0,0
BRDA:20,2,1,0
BRDA:27,3,0,0
BRDA:27,3,1,0
BRDA:36,4,0,0
BRDA:36,4,1,0
BRDA:39,5,0,0
BRDA:39,5,1,0
BRDA:39,5,2,0
BRDA:47,6,0,0
BRDA:47,6,1,0
BRDA:50,7,0,0
BRDA:50,7,1,0
BRDA:62,8,0,0
BRDA:62,8,1,0
BRDA:69,9,0,0
BRDA:69,9,1,0
BRDA:69,9,2,0
BRDA:71,10,0,0
BRDA:71,10,1,0
BRDA:82,11,0,0
BRDA:82,11,1,0
BRDA:82,11,2,0
BRDA:85,12,0,0
BRDA:85,12,1,0
BRF:29
BRH:0
end_of_record
TN:
SF:src/app/components/ChangedTokenItem.tsx
FN:8,ChangedTokenItem
FNF:1
FNH:0
FNDA:0,ChangedTokenItem
DA:13,0
DA:15,0
LF:2
LH:0
BRDA:17,0,0,0
BRDA:17,0,1,0
BRDA:20,1,0,0
BRDA:20,1,1,0
BRDA:20,1,2,0
BRDA:20,1,3,0
BRDA:24,2,0,0
BRDA:24,2,1,0
BRDA:26,3,0,0
BRDA:26,3,1,0
BRDA:30,4,0,0
BRDA:30,4,1,0
BRDA:36,5,0,0
BRDA:36,5,1,0
BRDA:36,5,2,0
BRDA:36,5,3,0
BRDA:36,5,4,0
BRDA:40,6,0,0
BRDA:40,6,1,0
BRDA:52,7,0,0
BRDA:52,7,1,0
BRF:21
BRH:0
end_of_record
TN:
SF:src/app/components/Changelog.tsx
FN:21,Changelog
FN:28,(anonymous_1)
FN:32,(anonymous_2)
FN:36,(anonymous_3)
FN:44,(anonymous_4)
FNF:5
FNH:1
FNDA:47,Changelog
FNDA:0,(anonymous_1)
FNDA:0,(anonymous_2)
FNDA:0,(anonymous_3)
FNDA:0,(anonymous_4)
DA:11,2
DA:16,2
DA:22,47
DA:23,46
DA:24,46
DA:26,46
DA:28,46
DA:29,0
DA:32,46
DA:33,0
DA:36,46
DA:37,0
DA:40,46
DA:45,0
LF:14
LH:10
BRDA:41,0,0,46
BRDA:41,0,1,0
BRDA:51,1,0,0
BRDA:51,1,1,0
BRDA:53,2,0,0
BRDA:53,2,1,0
BRDA:56,3,0,0
BRDA:56,3,1,0
BRDA:62,4,0,0
BRDA:62,4,1,0
BRDA:73,5,0,46
BRDA:73,5,1,0
BRDA:78,6,0,46
BRDA:78,6,1,0
BRF:14
BRH:3
end_of_record
TN:
SF:src/app/components/ColorPickerTrigger.tsx
FN:18,(anonymous_0)
FNF:1
FNH:0
FNDA:0,(anonymous_0)
DA:4,5
DA:18,5
DA:21,0
LF:3
LH:2
BRF:0
BRH:0
end_of_record
TN:
SF:src/app/components/ColorTokenForm.tsx
FN:28,ColorTokenForm
FN:54,(anonymous_1)
FN:60,(anonymous_2)
FN:69,(anonymous_3)
FN:73,(anonymous_4)
FN:95,(anonymous_5)
FN:112,(anonymous_6)
FN:116,(anonymous_7)
FN:120,(anonymous_8)
FN:124,(anonymous_9)
FN:128,(anonymous_10)
FN:136,(anonymous_11)
FN:141,(anonymous_12)
FN:150,(anonymous_13)
FN:159,(anonymous_14)
FN:168,(anonymous_15)
FN:177,(anonymous_16)
FN:186,(anonymous_17)
FN:195,(anonymous_18)
FN:260,(anonymous_19)
FN:266,(anonymous_20)
FNF:21
FNH:0
FNDA:0,ColorTokenForm
FNDA:0,(anonymous_1)
FNDA:0,(anonymous_2)
FNDA:0,(anonymous_3)
FNDA:0,(anonymous_4)
FNDA:0,(anonymous_5)
FNDA:0,(anonymous_6)
FNDA:0,(anonymous_7)
FNDA:0,(anonymous_8)
FNDA:0,(anonymous_9)
FNDA:0,(anonymous_10)
FNDA:0,(anonymous_11)
FNDA:0,(anonymous_12)
FNDA:0,(anonymous_13)
FNDA:0,(anonymous_14)
FNDA:0,(anonymous_15)
FNDA:0,(anonymous_16)
FNDA:0,(anonymous_17)
FNDA:0,(anonymous_18)
FNDA:0,(anonymous_19)
FNDA:0,(anonymous_20)
DA:26,5
DA:47,0
DA:48,0
DA:49,0
DA:50,0
DA:51,0
DA:52,0
DA:54,0
DA:55,0
DA:56,0
DA:60,0
DA:61,0
DA:62,0
DA:66,0
DA:69,0
DA:73,0
DA:74,0
DA:75,0
DA:76,0
DA:77,0
DA:78,0
DA:79,0
DA:81,0
DA:82,0
DA:84,0
DA:86,0
DA:88,0
DA:90,0
DA:91,0
DA:95,0
DA:96,0
DA:97,0
DA:98,0
DA:99,0
DA:100,0
DA:102,0
DA:103,0
DA:105,0
DA:107,0
DA:109,0
DA:112,0
DA:113,0
DA:116,0
DA:117,0
DA:120,0
DA:121,0
DA:124,0
DA:125,0
DA:128,0
DA:129,0
DA:136,0
DA:137,0
DA:138,0
DA:141,0
DA:142,0
DA:143,0
DA:150,0
DA:151,0
DA:152,0
DA:159,0
DA:160,0
DA:161,0
DA:168,0
DA:169,0
DA:170,0
DA:177,0
DA:178,0
DA:179,0
DA:186,0
DA:187,0
DA:188,0
DA:195,0
DA:197,0
DA:260,0
DA:266,0
LF:75
LH:1
BRDA:55,0,0,0
BRDA:55,0,1,0
BRDA:61,1,0,0
BRDA:61,1,1,0
BRDA:61,2,0,0
BRDA:61,2,1,0
BRDA:62,3,0,0
BRDA:62,3,1,0
BRDA:69,4,0,0
BRDA:69,4,1,0
BRDA:75,5,0,0
BRDA:75,5,1,0
BRDA:76,6,0,0
BRDA:76,6,1,0
BRDA:78,7,0,0
BRDA:78,7,1,0
BRDA:78,8,0,0
BRDA:78,8,1,0
BRDA:78,8,2,0
BRDA:81,9,0,0
BRDA:81,9,1,0
BRDA:81,10,0,0
BRDA:81,10,1,0
BRDA:96,11,0,0
BRDA:96,11,1,0
BRDA:97,12,0,0
BRDA:97,12,1,0
BRDA:99,13,0,0
BRDA:99,13,1,0
BRDA:99,14,0,0
BRDA:99,14,1,0
BRDA:99,14,2,0
BRDA:102,15,0,0
BRDA:102,15,1,0
BRDA:102,16,0,0
BRDA:102,16,1,0
BRDA:142,17,0,0
BRDA:142,17,1,0
BRDA:151,18,0,0
BRDA:151,18,1,0
BRDA:160,19,0,0
BRDA:160,19,1,0
BRDA:169,20,0,0
BRDA:169,20,1,0
BRDA:178,21,0,0
BRDA:178,21,1,0
BRDA:187,22,0,0
BRDA:187,22,1,0
BRDA:195,23,0,0
BRDA:195,23,1,0
BRDA:214,24,0,0
BRDA:214,24,1,0
BRDA:223,25,0,0
BRDA:223,25,1,0
BRDA:245,26,0,0
BRDA:245,26,1,0
BRDA:245,26,2,0
BRDA:257,27,0,0
BRDA:257,27,1,0
BRDA:258,28,0,0
BRDA:258,28,1,0
BRDA:263,29,0,0
BRDA:263,29,1,0
BRDA:264,30,0,0
BRDA:264,30,1,0
BRDA:271,31,0,0
BRDA:271,31,1,0
BRDA:286,32,0,0
BRDA:286,32,1,0
BRDA:307,33,0,0
BRDA:307,33,1,0
BRDA:307,33,2,0
BRDA:312,34,0,0
BRDA:312,34,1,0
BRF:74
BRH:0
end_of_record
TN:
SF:src/app/components/CompositionTokenForm.tsx
FN:19,CompositionTokenForm
FN:35,(anonymous_1)
FN:36,(anonymous_2)
FN:41,(anonymous_3)
FN:43,(anonymous_4)
FN:50,(anonymous_5)
FN:52,(anonymous_6)
FN:53,(anonymous_7)
FN:56,(anonymous_8)
FN:65,(anonymous_9)
FN:71,(anonymous_10)
FN:75,(anonymous_11)
FN:78,(anonymous_12)
FN:81,(anonymous_13)
FN:82,(anonymous_14)
FN:124,(anonymous_15)
FNF:16
FNH:0
FNDA:0,CompositionTokenForm
FNDA:0,(anonymous_1)
FNDA:0,(anonymous_2)
FNDA:0,(anonymous_3)
FNDA:0,(anonymous_4)
FNDA:0,(anonymous_5)
FNDA:0,(anonymous_6)
FNDA:0,(anonymous_7)
FNDA:0,(anonymous_8)
FNDA:0,(anonymous_9)
FNDA:0,(anonymous_10)
FNDA:0,(anonymous_11)
FNDA:0,(anonymous_12)
FNDA:0,(anonymous_13)
FNDA:0,(anonymous_14)
FNDA:0,(anonymous_15)
DA:30,0
DA:31,0
DA:32,0
DA:33,0
DA:35,0
DA:36,0
DA:37,0
DA:41,0
DA:42,0
DA:43,0
DA:44,0
DA:46,0
DA:50,0
DA:51,0
DA:52,0
DA:53,0
DA:56,0
DA:57,0
DA:58,0
DA:59,0
DA:61,0
DA:62,0
DA:65,0
DA:66,0
DA:67,0
DA:68,0
DA:71,0
DA:72,0
DA:75,0
DA:76,0
DA:77,0
DA:78,0
DA:79,0
DA:81,0
DA:82,0
DA:83,0
DA:84,0
DA:87,0
DA:125,0
LF:39
LH:0
BRDA:43,0,0,0
BRDA:43,0,1,0
BRDA:51,1,0,0
BRDA:51,1,1,0
BRDA:57,2,0,0
BRDA:57,2,1,0
BRDA:58,3,0,0
BRDA:58,3,1,0
BRDA:58,4,0,0
BRDA:58,4,1,0
BRDA:66,5,0,0
BRDA:66,5,1,0
BRDA:77,6,0,0
BRDA:77,6,1,0
BRDA:92,7,0,0
BRDA:92,7,1,0
BRDA:103,8,0,0
BRDA:103,8,1,0
BRF:18
BRH:0
end_of_record
TN:
SF:src/app/components/ConfirmDialog.tsx
FN:12,(anonymous_0)
FN:17,(anonymous_1)
FN:31,ConfirmDialog
FN:40,(anonymous_3)
FN:45,(anonymous_4)
FN:51,(anonymous_5)
FN:57,(anonymous_6)
FN:60,(anonymous_7)
FN:65,(anonymous_8)
FN:69,(anonymous_9)
FN:78,(anonymous_10)
FN:79,(anonymous_11)
FN:79,(anonymous_12)
FN:109,(anonymous_13)
FNF:14
FNH:11
FNDA:9,(anonymous_0)
FNDA:1,(anonymous_1)
FNDA:61,ConfirmDialog
FNDA:27,(anonymous_3)
FNDA:1,(anonymous_4)
FNDA:0,(anonymous_5)
FNDA:3,(anonymous_6)
FNDA:0,(anonymous_7)
FNDA:0,(anonymous_8)
FNDA:2,(anonymous_9)
FNDA:27,(anonymous_10)
FNDA:3,(anonymous_11)
FNDA:3,(anonymous_12)
FNDA:9,(anonymous_13)
DA:12,4
DA:17,9
DA:18,1
DA:21,9
DA:32,61
DA:33,61
DA:36,61
DA:37,61
DA:38,61
DA:40,61
DA:41,27
DA:44,61
DA:46,1
DA:47,0
DA:48,0
DA:49,0
DA:51,0
DA:53,1
DA:54,1
DA:55,0
DA:57,3
DA:60,1
DA:65,61
DA:66,0
DA:69,61
DA:70,2
DA:71,2
DA:72,0
DA:74,2
DA:78,61
DA:79,27
DA:80,27
DA:81,0
DA:82,27
DA:83,2
DA:87,61
DA:89,61
DA:110,9
LF:38
LH:30
BRDA:46,0,0,0
BRDA:46,0,1,1
BRDA:48,1,0,0
BRDA:48,1,1,0
BRDA:54,2,0,0
BRDA:54,2,1,1
BRDA:71,3,0,0
BRDA:71,3,1,2
BRDA:79,4,0,2
BRDA:79,4,1,25
BRDA:80,5,0,0
BRDA:80,5,1,27
BRDA:82,6,0,2
BRDA:82,6,1,25
BRDA:89,7,0,5
BRDA:89,7,1,56
BRDA:90,8,0,5
BRDA:90,8,1,5
BRDA:94,9,0,5
BRDA:94,9,1,5
BRDA:97,10,0,0
BRDA:97,10,1,5
BRDA:107,11,0,3
BRDA:107,11,1,2
BRDA:127,12,0,0
BRDA:127,12,1,5
BRDA:131,13,0,0
BRDA:131,13,1,5
BRF:28
BRH:19
end_of_record
TN:
SF:src/app/components/ConvertToDTCGModal.tsx
FN:20,ConvertToDTCGModal
FN:31,(anonymous_1)
FN:35,(anonymous_2)
FNF:3
FNH:1
FNDA:4,ConvertToDTCGModal
FNDA:0,(anonymous_1)
FNDA:0,(anonymous_2)
DA:21,4
DA:22,3
DA:23,3
DA:24,3
DA:25,3
DA:26,3
DA:27,3
DA:29,3
DA:31,3
DA:32,0
DA:35,3
DA:36,0
DA:37,0
DA:38,0
DA:39,0
DA:50,3
DA:52,3
LF:17
LH:12
BRDA:36,0,0,0
BRDA:36,0,1,0
BRDA:38,1,0,0
BRDA:38,1,1,0
BRDA:40,2,0,0
BRDA:40,2,1,0
BRDA:50,3,0,3
BRDA:50,3,1,3
BRDA:53,4,0,0
BRDA:53,4,1,3
BRDA:55,5,0,0
BRDA:55,5,1,3
BRDA:57,6,0,0
BRDA:57,6,1,3
BRDA:61,7,0,0
BRDA:61,7,1,3
BRDA:65,8,0,3
BRDA:65,8,1,0
BRF:18
BRH:7
end_of_record
TN:
SF:src/app/components/Count.tsx
FN:4,Count
FNF:1
FNH:1
FNDA:48,Count
DA:5,48
LF:1
LH:1
BRF:0
BRH:0
end_of_record
TN:
SF:src/app/components/DirtyStateBadgeWrapper.tsx
FN:5,DirtyStateBadgeWrapper
FNF:1
FNH:1
FNDA:14,DirtyStateBadgeWrapper
DA:6,14
LF:1
LH:1
BRDA:8,0,0,14
BRDA:8,0,1,7
BRF:2
BRH:2
end_of_record
TN:
SF:src/app/components/Divider.tsx
FNF:0
FNH:0
DA:3,5
LF:1
LH:1
BRF:0
BRH:0
end_of_record
TN:
SF:src/app/components/EditTokenForm.tsx
FN:57,EditTokenForm
FN:75,(anonymous_1)
FN:81,(anonymous_2)
FN:88,(anonymous_3)
FN:105,(anonymous_4)
FN:107,(anonymous_5)
FN:108,(anonymous_6)
FN:118,(anonymous_7)
FN:119,(anonymous_8)
FN:120,(anonymous_9)
FN:121,(anonymous_10)
FN:125,(anonymous_11)
FN:132,(anonymous_12)
FN:139,(anonymous_13)
FN:140,(anonymous_14)
FN:143,(anonymous_15)
FN:148,(anonymous_16)
FN:155,(anonymous_17)
FN:159,(anonymous_18)
FN:168,(anonymous_19)
FN:193,(anonymous_20)
FN:203,(anonymous_21)
FN:212,(anonymous_22)
FN:219,(anonymous_23)
FN:222,(anonymous_24)
FN:229,(anonymous_25)
FN:231,(anonymous_26)
FN:238,(anonymous_27)
FN:260,(anonymous_28)
FN:272,(anonymous_29)
FN:284,(anonymous_30)
FN:299,(anonymous_31)
FN:311,(anonymous_32)
FN:322,(anonymous_33)
FN:335,(anonymous_34)
FN:351,(anonymous_35)
FN:361,(anonymous_36)
FN:372,(anonymous_37)
FN:382,(anonymous_38)
FN:393,(anonymous_39)
FN:465,(anonymous_40)
FN:466,(anonymous_41)
FN:483,(anonymous_42)
FN:518,(anonymous_43)
FN:529,(anonymous_44)
FN:538,(anonymous_45)
FN:540,(anonymous_46)
FN:548,(anonymous_47)
FN:555,(anonymous_48)
FN:559,(anonymous_49)
FN:564,(anonymous_50)
FNF:51
FNH:22
FNDA:7,EditTokenForm
FNDA:5,(anonymous_1)
FNDA:5,(anonymous_2)
FNDA:5,(anonymous_3)
FNDA:5,(anonymous_4)
FNDA:0,(anonymous_5)
FNDA:0,(anonymous_6)
FNDA:5,(anonymous_7)
FNDA:0,(anonymous_8)
FNDA:0,(anonymous_9)
FNDA:0,(anonymous_10)
FNDA:5,(anonymous_11)
FNDA:5,(anonymous_12)
FNDA:5,(anonymous_13)
FNDA:0,(anonymous_14)
FNDA:0,(anonymous_15)
FNDA:0,(anonymous_16)
FNDA:5,(anonymous_17)
FNDA:5,(anonymous_18)
FNDA:5,(anonymous_19)
FNDA:1,(anonymous_20)
FNDA:1,(anonymous_21)
FNDA:0,(anonymous_22)
FNDA:0,(anonymous_23)
FNDA:0,(anonymous_24)
FNDA:0,(anonymous_25)
FNDA:0,(anonymous_26)
FNDA:0,(anonymous_27)
FNDA:0,(anonymous_28)
FNDA:0,(anonymous_29)
FNDA:0,(anonymous_30)
FNDA:0,(anonymous_31)
FNDA:0,(anonymous_32)
FNDA:0,(anonymous_33)
FNDA:0,(anonymous_34)
FNDA:0,(anonymous_35)
FNDA:0,(anonymous_36)
FNDA:5,(anonymous_37)
FNDA:1,(anonymous_38)
FNDA:1,(anonymous_39)
FNDA:0,(anonymous_40)
FNDA:0,(anonymous_41)
FNDA:0,(anonymous_42)
FNDA:1,(anonymous_43)
FNDA:1,(anonymous_44)
FNDA:7,(anonymous_45)
FNDA:0,(anonymous_46)
FNDA:6,(anonymous_47)
FNDA:0,(anonymous_48)
FNDA:0,(anonymous_49)
FNDA:7,(anonymous_50)
DA:47,5
DA:48,5
DA:58,7
DA:59,7
DA:60,7
DA:61,7
DA:62,7
DA:63,7
DA:66,7
DA:69,7
DA:70,7
DA:71,7
DA:72,7
DA:73,7
DA:74,7
DA:75,5
DA:81,7
DA:82,5
DA:83,0
DA:85,5
DA:88,7
DA:89,5
DA:94,0
DA:96,5
DA:97,0
DA:99,5
DA:100,0
DA:102,5
DA:105,7
DA:106,5
DA:107,0
DA:108,0
DA:110,5
DA:111,0
DA:114,5
DA:117,7
DA:118,5
DA:119,0
DA:120,0
DA:121,0
DA:125,7
DA:126,5
DA:127,2
DA:129,3
DA:132,7
DA:133,5
DA:134,2
DA:136,3
DA:139,7
DA:140,5
DA:141,5
DA:143,5
DA:145,0
DA:147,0
DA:148,0
DA:151,0
DA:154,7
DA:155,5
DA:159,7
DA:160,5
DA:161,2
DA:165,3
DA:168,7
DA:169,5
DA:170,0
DA:172,5
DA:176,0
DA:178,5
DA:179,0
DA:181,5
DA:182,0
DA:184,5
DA:185,0
DA:187,5
DA:188,0
DA:192,7
DA:194,1
DA:195,1
DA:196,1
DA:202,7
DA:204,1
DA:205,1
DA:206,1
DA:212,7
DA:213,0
DA:214,0
DA:218,7
DA:220,0
DA:221,0
DA:222,0
DA:228,7
DA:230,0
DA:231,0
DA:237,7
DA:239,0
DA:240,0
DA:241,0
DA:248,0
DA:249,0
DA:250,0
DA:259,7
DA:261,0
DA:262,0
DA:271,7
DA:273,0
DA:274,0
DA:283,7
DA:285,0
DA:286,0
DA:298,7
DA:300,0
DA:301,0
DA:310,7
DA:312,0
DA:313,0
DA:322,7
DA:323,0
DA:324,0
DA:325,0
DA:334,7
DA:336,0
DA:350,7
DA:352,0
DA:360,7
DA:362,0
DA:363,0
DA:372,7
DA:373,5
DA:374,5
DA:378,0
DA:382,7
DA:385,1
DA:387,1
DA:388,0
DA:390,1
DA:391,1
DA:393,1
DA:395,1
DA:396,1
DA:397,1
DA:405,0
DA:406,0
DA:415,0
DA:416,0
DA:426,0
DA:427,0
DA:428,0
DA:448,0
DA:449,0
DA:454,0
DA:458,0
DA:464,0
DA:465,0
DA:466,0
DA:467,0
DA:470,0
DA:471,0
DA:476,0
DA:481,0
DA:482,0
DA:483,0
DA:485,0
DA:486,0
DA:488,0
DA:489,0
DA:491,0
DA:492,0
DA:493,0
DA:495,0
DA:496,0
DA:500,0
DA:502,0
DA:503,0
DA:504,0
DA:518,7
DA:519,1
DA:520,0
DA:521,0
DA:523,1
DA:524,1
DA:525,1
DA:529,7
DA:530,1
DA:531,1
DA:535,7
DA:538,7
DA:539,7
DA:540,6
DA:541,0
DA:542,0
DA:543,0
DA:547,6
DA:548,6
DA:549,6
DA:552,1
DA:555,7
DA:556,0
DA:559,7
DA:560,0
DA:561,0
DA:564,7
DA:565,7
DA:567,7
DA:569,0
DA:581,0
DA:595,0
DA:605,0
DA:619,0
DA:633,7
DA:673,7
LF:210
LH:111
BRDA:75,0,0,5
BRDA:75,0,1,0
BRDA:75,0,2,0
BRDA:75,0,3,0
BRDA:82,1,0,0
BRDA:82,1,1,5
BRDA:89,2,0,0
BRDA:89,2,1,5
BRDA:90,3,0,5
BRDA:90,3,1,0
BRDA:90,3,2,0
BRDA:90,3,3,0
BRDA:96,4,0,0
BRDA:96,4,1,5
BRDA:99,5,0,0
BRDA:99,5,1,5
BRDA:102,6,0,5
BRDA:102,6,1,1
BRDA:102,6,2,1
BRDA:107,7,0,0
BRDA:107,7,1,0
BRDA:110,8,0,0
BRDA:110,8,1,5
BRDA:126,9,0,2
BRDA:126,9,1,3
BRDA:127,10,0,2
BRDA:127,10,1,2
BRDA:133,11,0,2
BRDA:133,11,1,3
BRDA:141,12,0,5
BRDA:141,12,1,0
BRDA:141,13,0,5
BRDA:141,13,1,5
BRDA:145,14,0,0
BRDA:145,14,1,0
BRDA:148,15,0,0
BRDA:148,15,1,0
BRDA:160,16,0,2
BRDA:160,16,1,3
BRDA:161,17,0,2
BRDA:161,17,1,2
BRDA:161,17,2,2
BRDA:169,18,0,0
BRDA:169,18,1,5
BRDA:169,19,0,5
BRDA:169,19,1,0
BRDA:169,19,2,5
BRDA:172,20,0,0
BRDA:172,20,1,5
BRDA:173,21,0,5
BRDA:173,21,1,0
BRDA:173,21,2,5
BRDA:178,22,0,0
BRDA:178,22,1,5
BRDA:178,23,0,5
BRDA:178,23,1,0
BRDA:178,23,2,5
BRDA:181,24,0,0
BRDA:181,24,1,5
BRDA:181,25,0,5
BRDA:181,25,1,0
BRDA:181,25,2,5
BRDA:184,26,0,0
BRDA:184,26,1,5
BRDA:184,27,0,5
BRDA:184,27,1,0
BRDA:184,27,2,5
BRDA:187,28,0,0
BRDA:187,28,1,5
BRDA:187,29,0,5
BRDA:187,29,1,0
BRDA:187,29,2,5
BRDA:195,30,0,1
BRDA:195,30,1,0
BRDA:205,31,0,1
BRDA:205,31,1,0
BRDA:213,32,0,0
BRDA:213,32,1,0
BRDA:213,33,0,0
BRDA:213,33,1,0
BRDA:221,34,0,0
BRDA:221,34,1,0
BRDA:230,35,0,0
BRDA:230,35,1,0
BRDA:239,36,0,0
BRDA:239,36,1,0
BRDA:239,37,0,0
BRDA:239,37,1,0
BRDA:240,38,0,0
BRDA:240,38,1,0
BRDA:248,39,0,0
BRDA:248,39,1,0
BRDA:261,40,0,0
BRDA:261,40,1,0
BRDA:261,41,0,0
BRDA:261,41,1,0
BRDA:273,42,0,0
BRDA:273,42,1,0
BRDA:273,43,0,0
BRDA:273,43,1,0
BRDA:285,44,0,0
BRDA:285,44,1,0
BRDA:285,45,0,0
BRDA:285,45,1,0
BRDA:300,46,0,0
BRDA:300,46,1,0
BRDA:300,47,0,0
BRDA:300,47,1,0
BRDA:312,48,0,0
BRDA:312,48,1,0
BRDA:312,49,0,0
BRDA:312,49,1,0
BRDA:329,50,0,0
BRDA:329,50,1,0
BRDA:362,51,0,0
BRDA:362,51,1,0
BRDA:373,52,0,5
BRDA:373,52,1,0
BRDA:374,53,0,1
BRDA:374,53,1,4
BRDA:385,54,0,1
BRDA:385,54,1,0
BRDA:385,55,0,1
BRDA:385,55,1,1
BRDA:385,55,2,1
BRDA:387,56,0,0
BRDA:387,56,1,1
BRDA:387,57,0,1
BRDA:387,57,1,1
BRDA:395,58,0,1
BRDA:395,58,1,0
BRDA:398,59,0,1
BRDA:398,59,1,1
BRDA:403,60,0,0
BRDA:403,60,1,1
BRDA:405,61,0,0
BRDA:405,61,1,0
BRDA:407,62,0,0
BRDA:407,62,1,0
BRDA:413,63,0,0
BRDA:413,63,1,0
BRDA:415,64,0,0
BRDA:415,64,1,0
BRDA:415,65,0,0
BRDA:415,65,1,0
BRDA:418,66,0,0
BRDA:418,66,1,0
BRDA:422,67,0,0
BRDA:422,67,1,0
BRDA:426,68,0,0
BRDA:426,68,1,0
BRDA:426,69,0,0
BRDA:426,69,1,0
BRDA:448,70,0,0
BRDA:448,70,1,0
BRDA:448,71,0,0
BRDA:448,71,1,0
BRDA:454,72,0,0
BRDA:454,72,1,0
BRDA:455,73,0,0
BRDA:455,73,1,0
BRDA:466,74,0,0
BRDA:466,74,1,0
BRDA:470,75,0,0
BRDA:470,75,1,0
BRDA:481,76,0,0
BRDA:481,76,1,0
BRDA:481,77,0,0
BRDA:481,77,1,0
BRDA:482,78,0,0
BRDA:482,78,1,0
BRDA:488,79,0,0
BRDA:488,79,1,0
BRDA:491,80,0,0
BRDA:491,80,1,0
BRDA:495,81,0,0
BRDA:495,81,1,0
BRDA:502,82,0,0
BRDA:502,82,1,0
BRDA:505,83,0,0
BRDA:505,83,1,0
BRDA:512,84,0,0
BRDA:512,84,1,0
BRDA:519,85,0,0
BRDA:519,85,1,1
BRDA:519,86,0,1
BRDA:519,86,1,0
BRDA:523,87,0,1
BRDA:523,87,1,0
BRDA:523,88,0,1
BRDA:523,88,1,1
BRDA:539,89,0,6
BRDA:539,89,1,1
BRDA:541,90,0,0
BRDA:541,90,1,0
BRDA:541,91,0,0
BRDA:541,91,1,0
BRDA:541,91,2,0
BRDA:561,92,0,0
BRDA:561,92,1,0
BRDA:565,93,0,0
BRDA:565,93,1,7
BRDA:567,94,0,0
BRDA:567,94,1,0
BRDA:567,94,2,0
BRDA:567,94,3,0
BRDA:567,94,4,0
BRDA:567,94,5,7
BRDA:636,95,0,0
BRDA:636,95,1,7
BRDA:649,96,0,7
BRDA:649,96,1,0
BRDA:690,97,0,7
BRDA:690,97,1,0
BRDA:699,98,0,7
BRDA:699,98,1,7
BRDA:706,99,0,7
BRDA:706,99,1,0
BRDA:720,100,0,7
BRDA:720,100,1,2
BRDA:721,101,0,7
BRDA:721,101,1,7
BRDA:722,102,0,7
BRDA:722,102,1,0
BRDA:723,103,0,7
BRDA:723,103,1,0
BRDA:723,103,2,0
BRF:227
BRH:79
end_of_record
TN:
SF:src/app/components/EditTokenFormModal.tsx
FN:16,(anonymous_0)
FN:23,(anonymous_1)
FNF:2
FNH:1
FNDA:2,(anonymous_0)
FNDA:0,(anonymous_1)
DA:16,4
DA:17,2
DA:18,2
DA:19,2
DA:21,2
DA:23,2
DA:24,0
DA:25,0
DA:29,2
DA:30,0
DA:33,2
LF:11
LH:8
BRDA:24,0,0,0
BRDA:24,0,1,0
BRDA:29,1,0,0
BRDA:29,1,1,2
BRDA:41,2,0,2
BRDA:41,2,1,0
BRDA:42,3,0,0
BRDA:42,3,1,0
BRF:8
BRH:2
end_of_record
TN:
SF:src/app/components/ErrorMessage.tsx
FNF:0
FNH:0
DA:3,13
LF:1
LH:1
BRF:0
BRH:0
end_of_record
TN:
SF:src/app/components/ErrorValidation.tsx
FNF:0
FNH:0
DA:3,16
LF:1
LH:1
BRF:0
BRH:0
end_of_record
TN:
SF:src/app/components/ExplainerModal.tsx
FN:6,ExplainerModal
FN:8,(anonymous_1)
FN:9,(anonymous_2)
FNF:3
FNH:1
FNDA:12,ExplainerModal
FNDA:0,(anonymous_1)
FNDA:0,(anonymous_2)
DA:7,12
DA:8,12
DA:9,12
DA:10,12
LF:4
LH:4
BRF:0
BRH:0
end_of_record
TN:
SF:src/app/components/FigmaLoading.tsx
FN:39,FigmaLoading
FNF:1
FNH:1
FNDA:49,FigmaLoading
DA:9,3
DA:15,3
DA:20,3
DA:25,3
DA:42,49
DA:44,49
DA:45,4
DA:52,45
LF:8
LH:8
BRDA:44,0,0,4
BRDA:44,0,1,45
BRDA:67,1,0,45
BRDA:67,1,1,17
BRF:4
BRH:4
end_of_record
TN:
SF:src/app/components/Footer.tsx
FN:39,Footer
FN:54,(anonymous_1)
FN:55,(anonymous_2)
FN:58,(anonymous_3)
FN:61,(anonymous_4)
FN:62,(anonymous_5)
FN:63,(anonymous_6)
FNF:7
FNH:3
FNDA:16,Footer
FNDA:10,(anonymous_1)
FNDA:0,(anonymous_2)
FNDA:10,(anonymous_3)
FNDA:0,(anonymous_4)
FNDA:0,(anonymous_5)
FNDA:0,(anonymous_6)
DA:40,16
DA:41,15
DA:42,15
DA:43,15
DA:44,15
DA:45,15
DA:46,15
DA:47,15
DA:48,15
DA:49,15
DA:50,15
DA:51,15
DA:52,15
DA:54,15
DA:55,10
DA:56,0
DA:58,10
DA:61,15
DA:62,15
DA:63,15
DA:64,0
DA:67,15
DA:69,15
LF:23
LH:21
BRDA:83,0,0,15
BRDA:83,0,1,10
BRDA:83,0,2,10
BRDA:83,0,3,0
BRDA:90,1,0,0
BRDA:90,1,1,0
BRDA:93,2,0,15
BRDA:93,2,1,8
BRDA:93,2,2,7
BRDA:93,2,3,8
BRDA:120,3,0,8
BRDA:120,3,1,5
BRDA:130,4,0,0
BRDA:130,4,1,15
BRDA:130,5,0,15
BRDA:130,5,1,5
BRDA:130,5,2,0
BRDA:130,5,3,0
BRDA:130,5,4,0
BRDA:130,5,5,0
BRDA:138,6,0,0
BRDA:138,6,1,0
BRF:22
BRH:12
end_of_record
TN:
SF:src/app/components/GenerateDocumentationButton.tsx
FN:9,GenerateDocumentationButton
FNF:1
FNH:1
FNDA:6,GenerateDocumentationButton
DA:10,6
DA:11,6
DA:15,6
LF:3
LH:3
BRF:0
BRH:0
end_of_record
TN:
SF:src/app/components/IconToggleableDisclosure.tsx
FNF:0
FNH:0
DA:4,3
LF:1
LH:1
BRF:0
BRH:0
end_of_record
TN:
SF:src/app/components/ImportVariablesDialog.tsx
FN:16,ImportVariablesDialog
FN:24,(anonymous_1)
FN:27,(anonymous_2)
FN:30,(anonymous_3)
FN:37,(anonymous_4)
FN:38,(anonymous_5)
FN:51,(anonymous_6)
FN:57,(anonymous_7)
FN:58,(anonymous_8)
FN:64,(anonymous_9)
FN:84,(anonymous_10)
FN:88,(anonymous_11)
FN:92,(anonymous_12)
FN:97,(anonymous_13)
FN:97,(anonymous_14)
FN:102,(anonymous_15)
FN:102,(anonymous_16)
FN:107,(anonymous_17)
FN:109,(anonymous_18)
FN:114,(anonymous_19)
FN:116,(anonymous_20)
FN:195,(anonymous_21)
FN:215,(anonymous_22)
FNF:23
FNH:2
FNDA:6,ImportVariablesDialog
FNDA:4,(anonymous_1)
FNDA:0,(anonymous_2)
FNDA:0,(anonymous_3)
FNDA:0,(anonymous_4)
FNDA:0,(anonymous_5)
FNDA:0,(anonymous_6)
FNDA:0,(anonymous_7)
FNDA:0,(anonymous_8)
FNDA:0,(anonymous_9)
FNDA:0,(anonymous_10)
FNDA:0,(anonymous_11)
FNDA:0,(anonymous_12)
FNDA:0,(anonymous_13)
FNDA:0,(anonymous_14)
FNDA:0,(anonymous_15)
FNDA:0,(anonymous_16)
FNDA:0,(anonymous_17)
FNDA:0,(anonymous_18)
FNDA:0,(anonymous_19)
FNDA:0,(anonymous_20)
FNDA:0,(anonymous_21)
FNDA:0,(anonymous_22)
DA:19,6
DA:20,6
DA:21,6
DA:24,6
DA:25,4
DA:26,0
DA:27,0
DA:28,0
DA:30,0
DA:33,0
DA:37,6
DA:38,0
DA:39,0
DA:40,0
DA:42,0
DA:43,0
DA:44,0
DA:47,0
DA:51,0
DA:57,6
DA:58,0
DA:59,0
DA:60,0
DA:62,0
DA:63,0
DA:64,0
DA:68,0
DA:69,0
DA:70,0
DA:71,0
DA:74,0
DA:84,6
DA:85,0
DA:88,6
DA:89,0
DA:92,6
DA:93,0
DA:96,6
DA:97,0
DA:101,6
DA:102,0
DA:106,6
DA:107,6
DA:109,6
DA:111,0
DA:112,0
DA:114,0
DA:116,0
DA:121,6
DA:196,0
DA:197,0
DA:199,0
DA:216,0
LF:53
LH:16
BRDA:25,0,0,0
BRDA:25,0,1,4
BRDA:40,1,0,0
BRDA:40,1,1,0
BRDA:60,2,0,0
BRDA:60,2,1,0
BRDA:63,3,0,0
BRDA:63,3,1,0
BRDA:68,4,0,0
BRDA:68,4,1,0
BRDA:111,5,0,0
BRDA:111,5,1,0
BRDA:186,6,0,6
BRDA:186,6,1,0
BRDA:197,7,0,0
BRDA:197,7,1,0
BRDA:209,8,0,0
BRDA:209,8,1,0
BRDA:213,9,0,0
BRDA:213,9,1,0
BRDA:223,10,0,0
BRDA:223,10,1,0
BRDA:237,11,0,6
BRDA:237,11,1,6
BRF:24
BRH:4
end_of_record
TN:
SF:src/app/components/ImportedTokensDialog.tsx
FN:21,NewOrExistingToken
FN:35,(anonymous_1)
FN:39,(anonymous_2)
FN:45,(anonymous_3)
FN:45,(anonymous_4)
FN:99,ImportedTokensDialog
FN:114,(anonymous_6)
FN:115,(anonymous_7)
FN:119,(anonymous_8)
FN:120,(anonymous_9)
FN:123,(anonymous_10)
FN:124,(anonymous_11)
FN:138,(anonymous_12)
FN:139,(anonymous_13)
FN:153,(anonymous_14)
FN:154,(anonymous_15)
FN:163,(anonymous_16)
FN:174,(anonymous_17)
FN:174,(anonymous_18)
FN:192,(anonymous_19)
FN:203,(anonymous_20)
FN:204,(anonymous_21)
FN:205,(anonymous_22)
FN:206,(anonymous_23)
FN:207,(anonymous_24)
FN:217,(anonymous_25)
FN:228,(anonymous_26)
FN:231,(anonymous_27)
FN:243,(anonymous_28)
FN:246,(anonymous_29)
FN:251,(anonymous_30)
FN:256,(anonymous_31)
FN:298,(anonymous_32)
FN:343,(anonymous_33)
FNF:34
FNH:32
FNDA:76,NewOrExistingToken
FNDA:2,(anonymous_1)
FNDA:2,(anonymous_2)
FNDA:213,(anonymous_3)
FNDA:142,(anonymous_4)
FNDA:90,ImportedTokensDialog
FNDA:1,(anonymous_6)
FNDA:2,(anonymous_7)
FNDA:1,(anonymous_8)
FNDA:3,(anonymous_9)
FNDA:2,(anonymous_10)
FNDA:5,(anonymous_11)
FNDA:2,(anonymous_12)
FNDA:3,(anonymous_13)
FNDA:1,(anonymous_14)
FNDA:2,(anonymous_15)
FNDA:3,(anonymous_16)
FNDA:0,(anonymous_17)
FNDA:0,(anonymous_18)
FNDA:5,(anonymous_19)
FNDA:5,(anonymous_20)
FNDA:5,(anonymous_21)
FNDA:5,(anonymous_22)
FNDA:5,(anonymous_23)
FNDA:5,(anonymous_24)
FNDA:1,(anonymous_25)
FNDA:3,(anonymous_26)
FNDA:1,(anonymous_27)
FNDA:2,(anonymous_28)
FNDA:1,(anonymous_29)
FNDA:27,(anonymous_30)
FNDA:26,(anonymous_31)
FNDA:59,(anonymous_32)
FNDA:38,(anonymous_33)
DA:34,76
DA:35,76
DA:36,2
DA:39,76
DA:40,2
DA:43,76
DA:45,213
DA:46,76
DA:48,76
DA:100,90
DA:101,89
DA:102,89
DA:103,89
DA:104,89
DA:105,89
DA:106,89
DA:107,89
DA:108,89
DA:109,89
DA:110,89
DA:112,89
DA:114,89
DA:115,2
DA:116,1
DA:119,89
DA:120,3
DA:123,89
DA:124,5
DA:134,2
DA:135,2
DA:138,89
DA:139,3
DA:149,2
DA:150,2
DA:153,89
DA:154,2
DA:163,3
DA:172,1
DA:173,0
DA:174,0
DA:181,1
DA:182,0
DA:184,0
DA:188,1
DA:190,1
DA:192,1
DA:193,5
DA:194,1
DA:196,5
DA:199,1
DA:203,5
DA:204,5
DA:205,5
DA:206,5
DA:207,5
DA:211,1
DA:212,1
DA:213,1
DA:214,1
DA:217,89
DA:219,1
DA:227,1
DA:228,3
DA:231,89
DA:233,1
DA:241,1
DA:243,2
DA:246,89
DA:247,1
DA:251,89
DA:252,27
DA:253,27
DA:256,89
DA:257,26
DA:258,26
DA:261,89
DA:263,89
DA:299,59
DA:344,38
LF:79
LH:75
BRDA:52,0,0,76
BRDA:52,0,1,0
BRDA:66,1,0,30
BRDA:66,1,1,46
BRDA:68,2,0,0
BRDA:68,2,1,76
BRDA:79,3,0,0
BRDA:79,3,1,0
BRDA:83,4,0,76
BRDA:83,4,1,46
BRDA:83,4,2,30
BRDA:87,5,0,0
BRDA:87,5,1,30
BRDA:125,6,0,5
BRDA:125,6,1,5
BRDA:140,7,0,3
BRDA:140,7,1,3
BRDA:155,8,0,2
BRDA:155,8,1,2
BRDA:164,9,0,3
BRDA:164,9,1,3
BRDA:172,10,0,0
BRDA:172,10,1,1
BRDA:172,11,0,1
BRDA:172,11,1,1
BRDA:181,12,0,0
BRDA:181,12,1,1
BRDA:181,13,0,1
BRDA:181,13,1,0
BRDA:193,14,0,1
BRDA:193,14,1,4
BRDA:193,15,0,5
BRDA:193,15,1,5
BRDA:268,16,0,89
BRDA:268,16,1,68
BRDA:283,17,0,89
BRDA:283,17,1,21
BRDA:310,18,0,21
BRDA:310,18,1,0
BRDA:328,19,0,89
BRDA:328,19,1,21
BRDA:354,20,0,21
BRDA:354,20,1,0
BRF:43
BRH:33
end_of_record
TN:
SF:src/app/components/Initiator.tsx
FN:21,(anonymous_0)
FN:35,Initiator
FN:41,(anonymous_2)
FN:42,(anonymous_3)
FN:55,(anonymous_4)
FN:72,(anonymous_5)
FN:189,(anonymous_6)
FN:194,(anonymous_7)
FN:199,(anonymous_8)
FNF:9
FNH:6
FNDA:0,(anonymous_0)
FNDA:65,Initiator
FNDA:36,(anonymous_2)
FNDA:18,(anonymous_3)
FNDA:2,(anonymous_4)
FNDA:2,(anonymous_5)
FNDA:0,(anonymous_6)
FNDA:0,(anonymous_7)
FNDA:36,(anonymous_8)
DA:21,3
DA:22,0
DA:23,0
DA:24,0
DA:25,0
DA:26,0
DA:29,0
DA:30,0
DA:32,0
DA:36,65
DA:37,65
DA:38,65
DA:39,65
DA:41,65
DA:42,36
DA:47,18
DA:48,18
DA:49,18
DA:51,4
DA:52,4
DA:53,4
DA:54,4
DA:55,1
DA:56,2
DA:58,1
DA:59,1
DA:60,3
DA:62,1
DA:63,1
DA:66,2
DA:70,4
DA:71,1
DA:72,2
DA:73,1
DA:75,3
DA:77,4
DA:80,1
DA:81,1
DA:82,1
DA:83,1
DA:84,1
DA:87,2
DA:88,2
DA:89,2
DA:90,2
DA:91,2
DA:92,1
DA:94,2
DA:97,0
DA:98,0
DA:101,0
DA:102,0
DA:105,1
DA:106,1
DA:109,1
DA:110,1
DA:111,1
DA:114,1
DA:115,1
DA:116,1
DA:117,1
DA:118,1
DA:120,1
DA:124,0
DA:125,0
DA:126,0
DA:127,0
DA:129,0
DA:130,0
DA:132,0
DA:136,0
DA:137,0
DA:138,0
DA:140,0
DA:144,1
DA:145,1
DA:148,1
DA:149,1
DA:152,1
DA:153,1
DA:156,1
DA:157,1
DA:160,1
DA:165,1
DA:168,1
DA:173,1
DA:177,2
DA:179,1
DA:181,2
DA:184,0
DA:188,36
DA:189,0
DA:190,0
DA:191,0
DA:193,0
DA:194,0
DA:195,0
DA:198,36
DA:199,36
DA:202,65
LF:100
LH:70
BRDA:24,0,0,0
BRDA:24,0,1,0
BRDA:47,1,0,18
BRDA:47,1,1,0
BRDA:49,2,0,4
BRDA:49,2,1,1
BRDA:49,2,2,2
BRDA:49,2,3,0
BRDA:49,2,4,0
BRDA:49,2,5,1
BRDA:49,2,6,1
BRDA:49,2,7,1
BRDA:49,2,8,0
BRDA:49,2,9,0
BRDA:49,2,10,1
BRDA:49,2,11,1
BRDA:49,2,12,1
BRDA:49,2,13,1
BRDA:49,2,14,1
BRDA:49,2,15,1
BRDA:49,2,16,2
BRDA:49,2,17,0
BRDA:54,3,0,1
BRDA:54,3,1,3
BRDA:60,4,0,1
BRDA:60,4,1,2
BRDA:70,5,0,1
BRDA:70,5,1,3
BRDA:88,6,0,2
BRDA:88,6,1,0
BRDA:90,7,0,2
BRDA:90,7,1,0
BRDA:91,8,0,1
BRDA:91,8,1,1
BRDA:115,9,0,1
BRDA:115,9,1,0
BRDA:125,10,0,0
BRDA:125,10,1,0
BRDA:129,11,0,0
BRDA:129,11,1,0
BRDA:137,12,0,0
BRDA:137,12,1,0
BRDA:137,13,0,0
BRDA:137,13,1,0
BRDA:177,14,0,1
BRDA:177,14,1,1
BRDA:188,15,0,0
BRDA:188,15,1,36
BRF:48
BRH:28
end_of_record
TN:
SF:src/app/components/Input.tsx
FN:155,(anonymous_0)
FN:183,(anonymous_1)
FN:191,(anonymous_2)
FNF:3
FNH:2
FNDA:15,(anonymous_0)
FNDA:0,(anonymous_1)
FNDA:10,(anonymous_2)
DA:35,16
DA:46,16
DA:85,16
DA:114,16
DA:149,16
DA:155,16
DA:179,15
DA:180,15
DA:181,15
DA:183,15
DA:184,0
DA:185,0
DA:186,0
DA:187,0
DA:191,15
DA:192,10
DA:193,7
DA:197,15
LF:18
LH:14
BRDA:159,0,0,8
BRDA:160,1,0,4
BRDA:161,2,0,15
BRDA:162,3,0,8
BRDA:171,4,0,15
BRDA:173,5,0,4
BRDA:174,6,0,15
BRDA:175,7,0,15
BRDA:181,8,0,15
BRDA:181,8,1,15
BRDA:186,9,0,0
BRDA:186,9,1,0
BRDA:187,10,0,0
BRDA:187,10,1,0
BRDA:192,11,0,7
BRDA:192,11,1,3
BRDA:192,12,0,10
BRDA:192,12,1,7
BRDA:192,12,2,7
BRDA:198,13,0,15
BRDA:198,13,1,0
BRDA:199,14,0,15
BRDA:199,14,1,8
BRDA:199,14,2,7
BRDA:201,15,0,7
BRDA:201,15,1,0
BRDA:202,16,0,0
BRDA:202,16,1,7
BRDA:207,17,0,15
BRDA:207,17,1,0
BRDA:208,18,0,15
BRDA:208,18,1,0
BRDA:211,19,0,15
BRDA:211,19,1,15
BRDA:211,19,2,11
BRDA:213,20,0,15
BRDA:213,20,1,15
BRDA:230,21,0,15
BRDA:230,21,1,0
BRDA:231,22,0,15
BRDA:231,22,1,0
BRDA:233,23,0,0
BRDA:233,23,1,0
BRF:43
BRH:30
end_of_record
TN:
SF:src/app/components/InspectSearchOptionDropdown.tsx
FN:11,InspectSearchOptionDropdown
FN:15,(anonymous_1)
FN:19,(anonymous_2)
FNF:3
FNH:0
FNDA:0,InspectSearchOptionDropdown
FNDA:0,(anonymous_1)
FNDA:0,(anonymous_2)
DA:12,0
DA:13,0
DA:15,0
DA:16,0
DA:19,0
DA:20,0
DA:23,0
DA:25,0
LF:8
LH:0
BRF:0
BRH:0
end_of_record
TN:
SF:src/app/components/Inspector.tsx
FN:26,Inspector
FN:35,(anonymous_1)
FN:39,(anonymous_2)
FN:46,renderInspectView
FN:54,(anonymous_4)
FN:58,(anonymous_5)
FNF:6
FNH:0
FNDA:0,Inspector
FNDA:0,(anonymous_1)
FNDA:0,(anonymous_2)
FNDA:0,renderInspectView
FNDA:0,(anonymous_4)
FNDA:0,(anonymous_5)
DA:27,0
DA:28,0
DA:29,0
DA:30,0
DA:31,0
DA:32,0
DA:33,0
DA:35,0
DA:36,0
DA:39,0
DA:40,0
DA:41,0
DA:42,0
DA:47,0
DA:48,0
DA:49,0
DA:50,0
DA:54,0
DA:55,0
DA:58,0
DA:60,0
LF:21
LH:0
BRDA:40,0,0,0
BRDA:40,0,1,0
BRDA:47,1,0,0
BRDA:47,1,1,0
BRDA:47,1,2,0
BRF:5
BRH:0
end_of_record
TN:
SF:src/app/components/InspectorDebugView.tsx
FN:24,InspectorDebugView
FN:28,(anonymous_1)
FN:31,(anonymous_2)
FN:43,renderBlankslate
FN:62,(anonymous_4)
FN:63,(anonymous_5)
FNF:6
FNH:0
FNDA:0,InspectorDebugView
FNDA:0,(anonymous_1)
FNDA:0,(anonymous_2)
FNDA:0,renderBlankslate
FNDA:0,(anonymous_4)
FNDA:0,(anonymous_5)
DA:17,3
DA:25,0
DA:26,0
DA:27,0
DA:28,0
DA:29,0
DA:30,0
DA:31,0
DA:32,0
DA:33,0
DA:40,0
DA:44,0
DA:45,0
DA:48,0
DA:62,0
DA:64,0
LF:16
LH:1
BRDA:30,0,0,0
BRDA:30,0,1,0
BRDA:31,1,0,0
BRDA:31,1,1,0
BRDA:32,2,0,0
BRDA:32,2,1,0
BRDA:44,3,0,0
BRDA:44,3,1,0
BRDA:45,4,0,0
BRDA:45,4,1,0
BRDA:45,5,0,0
BRDA:45,5,1,0
BRDA:58,6,0,0
BRDA:58,6,1,0
BRDA:58,7,0,0
BRDA:58,7,1,0
BRDA:62,8,0,0
BRDA:62,8,1,0
BRDA:70,9,0,0
BRDA:70,9,1,0
BRF:20
BRH:0
end_of_record
TN:
SF:src/app/components/InspectorMultiView.tsx
FN:21,InspectorMultiView
FN:36,(anonymous_1)
FN:40,(anonymous_2)
FN:43,(anonymous_3)
FN:43,(anonymous_4)
FN:46,(anonymous_5)
FN:46,(anonymous_6)
FN:48,(anonymous_7)
FN:51,(anonymous_8)
FN:55,(anonymous_9)
FN:58,(anonymous_10)
FN:73,(anonymous_11)
FN:75,(anonymous_12)
FN:76,(anonymous_13)
FN:84,(anonymous_14)
FN:88,(anonymous_15)
FN:92,(anonymous_16)
FN:96,(anonymous_17)
FN:100,(anonymous_18)
FN:104,(anonymous_19)
FN:152,(anonymous_20)
FNF:21
FNH:0
FNDA:0,InspectorMultiView
FNDA:0,(anonymous_1)
FNDA:0,(anonymous_2)
FNDA:0,(anonymous_3)
FNDA:0,(anonymous_4)
FNDA:0,(anonymous_5)
FNDA:0,(anonymous_6)
FNDA:0,(anonymous_7)
FNDA:0,(anonymous_8)
FNDA:0,(anonymous_9)
FNDA:0,(anonymous_10)
FNDA:0,(anonymous_11)
FNDA:0,(anonymous_12)
FNDA:0,(anonymous_13)
FNDA:0,(anonymous_14)
FNDA:0,(anonymous_15)
FNDA:0,(anonymous_16)
FNDA:0,(anonymous_17)
FNDA:0,(anonymous_18)
FNDA:0,(anonymous_19)
FNDA:0,(anonymous_20)
DA:22,0
DA:24,0
DA:30,0
DA:31,0
DA:32,0
DA:33,0
DA:34,0
DA:36,0
DA:37,0
DA:40,0
DA:41,0
DA:42,0
DA:43,0
DA:45,0
DA:46,0
DA:48,0
DA:51,0
DA:52,0
DA:56,0
DA:57,0
DA:58,0
DA:60,0
DA:61,0
DA:63,0
DA:66,0
DA:69,0
DA:73,0
DA:74,0
DA:75,0
DA:76,0
DA:81,0
DA:84,0
DA:85,0
DA:88,0
DA:92,0
DA:93,0
DA:96,0
DA:97,0
DA:100,0
DA:101,0
DA:104,0
DA:105,0
DA:108,0
DA:152,0
LF:44
LH:0
BRDA:42,0,0,0
BRDA:42,0,1,0
BRDA:43,1,0,0
BRDA:43,1,1,0
BRDA:45,2,0,0
BRDA:45,2,1,0
BRDA:46,3,0,0
BRDA:46,3,1,0
BRDA:48,4,0,0
BRDA:48,4,1,0
BRDA:56,5,0,0
BRDA:56,5,1,0
BRDA:57,6,0,0
BRDA:57,6,1,0
BRDA:60,7,0,0
BRDA:60,7,1,0
BRDA:86,8,0,0
BRDA:86,8,1,0
BRDA:110,9,0,0
BRDA:110,9,1,0
BRDA:150,10,0,0
BRDA:150,10,1,0
BRDA:156,11,0,0
BRDA:156,11,1,0
BRDA:156,12,0,0
BRDA:156,12,1,0
BRDA:158,13,0,0
BRDA:158,13,1,0
BRDA:164,14,0,0
BRDA:164,14,1,0
BRF:30
BRH:0
end_of_record
TN:
SF:src/app/components/InspectorResolvedToken.tsx
FN:21,InspectorResolvedToken
FNF:1
FNH:0
FNDA:0,InspectorResolvedToken
DA:22,0
DA:24,0
DA:25,0
DA:44,0
DA:46,0
DA:61,0
DA:77,0
DA:92,0
DA:93,0
DA:94,0
DA:101,0
DA:119,0
DA:135,0
DA:151,0
LF:14
LH:0
BRDA:24,0,0,0
BRDA:24,0,1,0
BRDA:44,1,0,0
BRDA:44,1,1,0
BRDA:44,1,2,0
BRDA:44,1,3,0
BRDA:44,1,4,0
BRDA:44,1,5,0
BRDA:44,1,6,0
BRDA:93,2,0,0
BRDA:93,2,1,0
BRF:11
BRH:0
end_of_record
TN:
SF:src/app/components/InspectorTokenGroup.tsx
FN:9,InspectorTokenGroup
FN:23,(anonymous_1)
FNF:2
FNH:0
FNDA:0,InspectorTokenGroup
FNDA:0,(anonymous_1)
DA:10,0
DA:12,0
DA:23,0
LF:3
LH:0
BRF:0
BRH:0
end_of_record
TN:
SF:src/app/components/InspectorTokenSingle.tsx
FN:25,InspectorTokenSingle
FN:45,(anonymous_1)
FN:62,(anonymous_2)
FN:64,(anonymous_3)
FN:67,(anonymous_4)
FN:71,(anonymous_5)
FN:75,(anonymous_6)
FN:79,(anonymous_7)
FN:84,(anonymous_8)
FN:88,(anonymous_9)
FN:92,(anonymous_10)
FNF:11
FNH:0
FNDA:0,InspectorTokenSingle
FNDA:0,(anonymous_1)
FNDA:0,(anonymous_2)
FNDA:0,(anonymous_3)
FNDA:0,(anonymous_4)
FNDA:0,(anonymous_5)
FNDA:0,(anonymous_6)
FNDA:0,(anonymous_7)
FNDA:0,(anonymous_8)
FNDA:0,(anonymous_9)
FNDA:0,(anonymous_10)
DA:33,0
DA:34,0
DA:35,0
DA:36,0
DA:37,0
DA:38,0
DA:39,0
DA:40,0
DA:41,0
DA:43,0
DA:45,0
DA:46,0
DA:47,0
DA:49,0
DA:50,0
DA:51,0
DA:52,0
DA:57,0
DA:59,0
DA:62,0
DA:63,0
DA:64,0
DA:67,0
DA:68,0
DA:71,0
DA:72,0
DA:75,0
DA:76,0
DA:79,0
DA:80,0
DA:81,0
DA:84,0
DA:85,0
DA:88,0
DA:89,0
DA:92,0
DA:93,0
DA:96,0
LF:38
LH:0
BRDA:46,0,0,0
BRDA:46,0,1,0
BRDA:50,1,0,0
BRDA:50,1,1,0
BRDA:51,2,0,0
BRDA:51,2,1,0
BRDA:64,3,0,0
BRDA:64,3,1,0
BRDA:64,4,0,0
BRDA:64,4,1,0
BRDA:123,5,0,0
BRDA:123,5,1,0
BRDA:123,5,2,0
BRDA:126,6,0,0
BRDA:126,6,1,0
BRDA:126,6,2,0
BRDA:128,7,0,0
BRDA:128,7,1,0
BRDA:128,7,2,0
BRDA:128,7,3,0
BRDA:139,8,0,0
BRDA:139,8,1,0
BRDA:140,9,0,0
BRDA:140,9,1,0
BRDA:143,10,0,0
BRDA:143,10,1,0
BRDA:156,11,0,0
BRDA:156,11,1,0
BRDA:157,12,0,0
BRDA:157,12,1,0
BRF:30
BRH:0
end_of_record
TN:
SF:src/app/components/JSONEditor.tsx
FN:16,JSONEditor
FN:37,(anonymous_1)
FN:41,(anonymous_2)
FNF:3
FNH:0
FNDA:0,JSONEditor
FNDA:0,(anonymous_1)
FNDA:0,(anonymous_2)
DA:20,0
DA:21,0
DA:22,0
DA:23,0
DA:25,0
DA:26,0
DA:27,0
DA:29,0
DA:37,0
DA:38,0
DA:41,0
DA:42,0
DA:43,0
DA:47,0
DA:49,0
LF:15
LH:0
BRDA:38,0,0,0
BRDA:38,0,1,0
BRDA:42,1,0,0
BRDA:42,1,1,0
BRDA:42,2,0,0
BRDA:42,2,1,0
BRDA:63,3,0,0
BRDA:63,3,1,0
BRDA:72,4,0,0
BRDA:72,4,1,0
BRDA:72,4,2,0
BRF:11
BRH:0
end_of_record
TN:
SF:src/app/components/Label.tsx
FN:5,Label
FNF:1
FNH:1
FNDA:70,Label
DA:16,70
DA:32,70
LF:2
LH:2
BRDA:8,0,0,59
BRF:1
BRH:1
end_of_record
TN:
SF:src/app/components/Link.tsx
FN:17,Link
FNF:1
FNH:0
FNDA:0,Link
DA:4,0
DA:18,0
LF:2
LH:0
BRF:0
BRH:0
end_of_record
TN:
SF:src/app/components/LoadingBar.tsx
FN:32,LoadingBar
FN:36,(anonymous_1)
FN:36,(anonymous_2)
FN:37,(anonymous_3)
FN:37,(anonymous_4)
FN:42,(anonymous_5)
FN:51,(anonymous_6)
FN:51,(anonymous_7)
FN:54,(anonymous_8)
FN:54,(anonymous_9)
FN:58,(anonymous_10)
FNF:11
FNH:11
FNDA:49,LoadingBar
FNDA:49,(anonymous_1)
FNDA:48,(anonymous_2)
FNDA:49,(anonymous_3)
FNDA:379,(anonymous_4)
FNDA:49,(anonymous_5)
FNDA:49,(anonymous_6)
FNDA:379,(anonymous_7)
FNDA:49,(anonymous_8)
FNDA:379,(anonymous_9)
FNDA:1,(anonymous_10)
DA:14,4
DA:33,49
DA:34,49
DA:36,49
DA:37,49
DA:38,379
DA:42,49
DA:43,49
DA:45,49
DA:51,49
DA:52,379
DA:54,49
DA:55,379
DA:58,49
DA:59,1
DA:64,49
DA:65,1
DA:68,48
DA:70,48
LF:19
LH:19
BRDA:38,0,0,1
BRDA:38,0,1,378
BRDA:39,1,0,1
BRDA:39,1,1,0
BRDA:39,2,0,1
BRDA:39,2,1,0
BRDA:47,3,0,49
BRDA:47,3,1,48
BRDA:47,3,2,48
BRDA:52,4,0,379
BRDA:52,4,1,378
BRDA:55,5,0,379
BRDA:55,5,1,378
BRDA:64,6,0,1
BRDA:64,6,1,48
BRDA:68,7,0,48
BRDA:68,7,1,0
BRDA:77,8,0,25
BRDA:77,8,1,23
BRDA:81,9,0,48
BRDA:81,9,1,25
BRDA:84,10,0,25
BRDA:84,10,1,10
BRDA:85,11,0,25
BRDA:85,11,1,1
BRDA:85,11,2,1
BRDA:91,12,0,25
BRDA:91,12,1,1
BRF:28
BRH:25
end_of_record
TN:
SF:src/app/components/LocalStorageItem.tsx
FN:17,(anonymous_0)
FN:24,(anonymous_1)
FN:34,(anonymous_2)
FNF:3
FNH:3
FNDA:18,(anonymous_0)
FNDA:1,(anonymous_1)
FNDA:1,(anonymous_2)
DA:17,5
DA:18,18
DA:19,18
DA:20,18
DA:21,18
DA:22,18
DA:24,18
DA:25,1
DA:27,1
DA:31,1
DA:34,18
DA:35,1
DA:36,1
DA:40,1
DA:41,1
DA:44,1
DA:47,18
DA:49,18
LF:18
LH:18
BRDA:35,0,0,1
BRDA:35,0,1,0
BRDA:40,1,0,1
BRDA:40,1,1,0
BRDA:77,2,0,7
BRDA:77,2,1,11
BRF:6
BRH:4
end_of_record
TN:
SF:src/app/components/MultiSelectCheckboxItem.tsx
FN:12,(anonymous_0)
FN:17,(anonymous_1)
FNF:2
FNH:0
FNDA:0,(anonymous_0)
FNDA:0,(anonymous_1)
DA:12,9
DA:17,0
DA:18,0
DA:21,0
LF:4
LH:1
BRF:0
BRH:0
end_of_record
TN:
SF:src/app/components/MultiSelectDropdown.tsx
FN:13,(anonymous_0)
FN:19,(anonymous_1)
FN:21,(anonymous_2)
FN:23,(anonymous_3)
FN:41,(anonymous_4)
FNF:5
FNH:3
FNDA:4,(anonymous_0)
FNDA:4,(anonymous_1)
FNDA:0,(anonymous_2)
FNDA:0,(anonymous_3)
FNDA:4,(anonymous_4)
DA:13,9
DA:18,4
DA:19,4
DA:21,4
DA:22,0
DA:23,0
DA:24,0
DA:26,0
DA:27,0
DA:31,4
DA:41,4
LF:11
LH:6
BRDA:22,0,0,0
BRDA:22,0,1,0
BRF:2
BRH:0
end_of_record
TN:
SF:src/app/components/Navbar.tsx
FN:22,(anonymous_0)
FN:32,(anonymous_1)
FN:38,(anonymous_2)
FN:44,(anonymous_3)
FNF:4
FNH:3
FNDA:15,(anonymous_0)
FNDA:1,(anonymous_1)
FNDA:6,(anonymous_2)
FNDA:0,(anonymous_3)
DA:22,4
DA:23,15
DA:24,14
DA:25,14
DA:26,14
DA:27,14
DA:28,14
DA:29,14
DA:31,14
DA:33,1
DA:38,14
DA:39,6
DA:40,6
DA:41,6
DA:44,14
DA:45,0
DA:48,14
LF:17
LH:16
BRDA:39,0,0,0
BRDA:39,0,1,6
BRDA:39,1,0,6
BRDA:39,1,1,0
BRDA:40,2,0,0
BRDA:40,2,1,6
BRDA:40,3,0,6
BRDA:40,3,1,0
BRDA:71,4,0,14
BRDA:71,4,1,6
BRF:10
BRH:6
end_of_record
TN:
SF:src/app/components/OnboardingExplainer.tsx
FN:28,OnboardingExplainer
FNF:1
FNH:1
FNDA:7,OnboardingExplainer
DA:9,6
DA:13,6
DA:29,7
DA:30,7
LF:4
LH:4
BRDA:31,0,0,0
BRDA:31,0,1,7
BRF:2
BRH:1
end_of_record
TN:
SF:src/app/components/OnboardingFlow.tsx
FN:23,fetchOnboardingImage
FN:40,OnboardingFlow
FN:74,(anonymous_2)
FN:78,(anonymous_3)
FN:82,(anonymous_4)
FN:89,(anonymous_5)
FNF:6
FNH:3
FNDA:315,fetchOnboardingImage
FNDA:64,OnboardingFlow
FNDA:0,(anonymous_2)
FNDA:0,(anonymous_3)
FNDA:0,(anonymous_4)
FNDA:315,(anonymous_5)
DA:12,3
DA:18,3
DA:24,315
DA:26,63
DA:28,63
DA:30,63
DA:32,63
DA:34,63
DA:36,0
DA:41,64
DA:42,64
DA:69,64
DA:70,63
DA:72,63
DA:74,63
DA:75,0
DA:78,63
DA:79,0
DA:82,63
DA:83,0
DA:86,63
DA:90,315
LF:22
LH:18
BRDA:24,0,0,63
BRDA:24,0,1,63
BRDA:24,0,2,63
BRDA:24,0,3,63
BRDA:24,0,4,63
BRDA:24,0,5,0
BRDA:87,1,0,63
BRDA:87,1,1,7
BRDA:96,2,0,63
BRDA:96,2,1,252
BRDA:101,3,0,315
BRDA:101,3,1,252
BRDA:112,4,0,0
BRDA:112,4,1,63
BRDA:113,5,0,63
BRDA:113,5,1,0
BRDA:118,6,0,63
BRDA:118,6,1,0
BRF:18
BRH:14
end_of_record
TN:
SF:src/app/components/PluginResizer.tsx
FN:11,(anonymous_0)
FNF:1
FNH:1
FNDA:3,(anonymous_0)
DA:11,3
DA:12,3
DA:14,3
LF:3
LH:3
BRDA:14,0,0,0
BRDA:14,0,1,3
BRF:2
BRH:1
end_of_record
TN:
SF:src/app/components/ProBadge.tsx
FN:31,ProBadge
FN:37,(anonymous_1)
FNF:2
FNH:1
FNDA:137,ProBadge
FNDA:0,(anonymous_1)
DA:7,17
DA:32,137
DA:33,137
DA:35,137
DA:37,137
DA:38,0
DA:45,137
LF:7
LH:6
BRDA:47,0,0,15
BRDA:47,0,1,122
BRDA:47,1,0,137
BRDA:47,1,1,136
BRF:4
BRH:4
end_of_record
TN:
SF:src/app/components/PullDialog.tsx
FN:15,PullDialog
FN:22,(anonymous_1)
FN:26,(anonymous_2)
FN:30,(anonymous_3)
FNF:4
FNH:1
FNDA:1,PullDialog
FNDA:0,(anonymous_1)
FNDA:0,(anonymous_2)
FNDA:0,(anonymous_3)
DA:16,1
DA:17,1
DA:18,1
DA:20,1
DA:22,1
DA:23,0
DA:26,1
DA:27,0
DA:30,1
DA:31,0
DA:34,0
DA:37,1
DA:39,0
DA:67,0
DA:77,0
DA:107,1
LF:16
LH:9
BRDA:31,0,0,0
BRDA:31,0,1,0
BRDA:37,1,0,0
BRDA:37,1,1,0
BRDA:37,1,2,0
BRDA:37,1,3,1
BRDA:95,2,0,0
BRDA:95,2,1,0
BRF:8
BRH:1
end_of_record
TN:
SF:src/app/components/PushDialog.tsx
FN:28,PushDialog
FN:37,(anonymous_1)
FN:41,(anonymous_2)
FN:81,(anonymous_3)
FN:88,(anonymous_4)
FN:94,(anonymous_5)
FN:101,(anonymous_6)
FN:108,(anonymous_7)
FN:110,(anonymous_8)
FN:118,(anonymous_9)
FNF:10
FNH:8
FNDA:54,PushDialog
FNDA:0,(anonymous_1)
FNDA:21,(anonymous_2)
FNDA:1,(anonymous_3)
FNDA:0,(anonymous_4)
FNDA:23,(anonymous_5)
FNDA:2,(anonymous_6)
FNDA:24,(anonymous_7)
FNDA:1,(anonymous_8)
FNDA:4,(anonymous_9)
DA:29,54
DA:30,54
DA:31,54
DA:32,54
DA:33,54
DA:34,54
DA:35,54
DA:37,54
DA:38,0
DA:41,54
DA:42,21
DA:43,21
DA:44,1
DA:46,1
DA:51,1
DA:53,0
DA:58,0
DA:60,0
DA:61,0
DA:64,0
DA:70,0
DA:72,0
DA:74,20
DA:75,1
DA:77,21
DA:80,54
DA:82,1
DA:87,54
DA:89,0
DA:94,54
DA:95,23
DA:96,2
DA:97,2
DA:101,54
DA:102,2
DA:103,2
DA:108,54
DA:109,24
DA:110,4
DA:111,1
DA:112,1
DA:113,1
DA:117,4
DA:118,4
DA:119,4
DA:122,20
DA:125,54
DA:128,5
DA:196,2
DA:213,1
DA:242,46
LF:51
LH:42
BRDA:34,0,0,54
BRDA:34,0,1,48
BRDA:34,1,0,6
BRDA:34,1,1,48
BRDA:38,2,0,0
BRDA:38,2,1,0
BRDA:43,3,0,1
BRDA:43,3,1,20
BRDA:43,4,0,21
BRDA:43,4,1,21
BRDA:43,4,2,1
BRDA:44,5,0,1
BRDA:44,5,1,0
BRDA:44,5,2,0
BRDA:44,5,3,0
BRDA:44,5,4,0
BRDA:74,6,0,1
BRDA:74,6,1,19
BRDA:95,7,0,2
BRDA:95,7,1,21
BRDA:95,8,0,23
BRDA:95,8,1,3
BRDA:96,9,0,2
BRDA:96,9,1,2
BRDA:97,10,0,2
BRDA:97,10,1,2
BRDA:97,10,2,0
BRDA:102,11,0,2
BRDA:102,11,1,0
BRDA:102,12,0,2
BRDA:102,12,1,1
BRDA:102,12,2,1
BRDA:109,13,0,4
BRDA:109,13,1,20
BRDA:111,14,0,1
BRDA:111,14,1,0
BRDA:111,15,0,1
BRDA:111,15,1,1
BRDA:111,15,2,1
BRDA:125,16,0,0
BRDA:125,16,1,5
BRDA:125,16,2,2
BRDA:125,16,3,1
BRDA:125,16,4,46
BRDA:144,17,0,5
BRDA:144,17,1,4
BRDA:144,17,2,2
BRDA:164,18,0,5
BRDA:164,18,1,0
BRDA:164,18,2,0
BRDA:181,19,0,5
BRDA:181,19,1,5
BRDA:189,20,0,5
BRDA:189,20,1,0
BRDA:190,21,0,5
BRDA:190,21,1,0
BRDA:202,22,0,2
BRDA:202,22,1,1
BRDA:203,23,0,2
BRDA:203,23,1,0
BRDA:204,24,0,2
BRDA:204,24,1,0
BRDA:205,25,0,2
BRDA:205,25,1,0
BRDA:206,26,0,2
BRDA:206,26,1,1
BRDA:222,27,0,1
BRDA:222,27,1,1
BRDA:223,28,0,1
BRDA:223,28,1,0
BRDA:224,29,0,1
BRDA:224,29,1,0
BRDA:225,30,0,1
BRDA:225,30,1,0
BRDA:226,31,0,1
BRDA:226,31,1,0
BRDA:231,32,0,0
BRDA:231,32,1,1
BRF:78
BRH:56
end_of_record
TN:
SF:src/app/components/PushDialogSupernovaConfirm.tsx
FN:12,PushDialogSupernovaConfirm
FNF:1
FNH:1
FNDA:1,PushDialogSupernovaConfirm
DA:13,1
DA:15,1
LF:2
LH:2
BRDA:28,0,0,1
BRDA:28,0,1,1
BRF:2
BRH:2
end_of_record
TN:
SF:src/app/components/PushJSON.tsx
FN:15,PushJSON
FN:22,(anonymous_1)
FN:33,(anonymous_2)
FN:45,(anonymous_3)
FNF:4
FNH:0
FNDA:0,PushJSON
FNDA:0,(anonymous_1)
FNDA:0,(anonymous_2)
FNDA:0,(anonymous_3)
DA:9,3
DA:16,0
DA:17,0
DA:18,0
DA:19,0
DA:20,0
DA:22,0
DA:23,0
DA:24,0
DA:25,0
DA:26,0
DA:28,0
DA:29,0
DA:31,0
DA:32,0
DA:33,0
DA:35,0
DA:39,0
DA:46,0
LF:19
LH:1
BRDA:24,0,0,0
BRDA:24,0,1,0
BRDA:25,1,0,0
BRDA:25,1,1,0
BRDA:32,2,0,0
BRDA:32,2,1,0
BRDA:45,3,0,0
BRDA:45,3,1,0
BRDA:46,4,0,0
BRDA:46,4,1,0
BRDA:49,5,0,0
BRDA:49,5,1,0
BRDA:49,5,2,0
BRDA:58,6,0,0
BRDA:58,6,1,0
BRDA:61,7,0,0
BRDA:61,7,1,0
BRDA:71,8,0,0
BRDA:71,8,1,0
BRDA:74,9,0,0
BRDA:74,9,1,0
BRF:21
BRH:0
end_of_record
TN:
SF:src/app/components/PushSettingForm.tsx
FN:19,PushSettingForm
FN:24,(anonymous_1)
FNF:2
FNH:2
FNDA:4,PushSettingForm
FNDA:1,(anonymous_1)
DA:22,4
DA:24,4
DA:25,1
DA:28,4
DA:30,4
LF:5
LH:5
BRDA:30,0,0,1
BRDA:30,0,1,3
BRDA:37,1,0,1
BRDA:37,1,1,2
BRF:4
BRH:4
end_of_record
TN:
SF:src/app/components/RemConfiguration.tsx
FN:22,(anonymous_0)
FN:32,(anonymous_1)
FN:32,(anonymous_2)
FN:35,(anonymous_3)
FN:41,(anonymous_4)
FN:61,(anonymous_5)
FN:72,(anonymous_6)
FNF:7
FNH:3
FNDA:10,(anonymous_0)
FNDA:0,(anonymous_1)
FNDA:0,(anonymous_2)
FNDA:4,(anonymous_3)
FNDA:4,(anonymous_4)
FNDA:0,(anonymous_5)
FNDA:0,(anonymous_6)
DA:22,4
DA:23,10
DA:24,10
DA:25,10
DA:26,10
DA:27,10
DA:28,10
DA:29,10
DA:30,10
DA:32,10
DA:34,10
DA:35,4
DA:41,10
DA:42,4
DA:43,4
DA:44,4
DA:45,4
DA:48,4
DA:49,0
DA:50,0
DA:52,4
DA:53,4
DA:55,4
DA:57,0
DA:60,10
DA:62,0
DA:63,0
DA:64,0
DA:65,0
DA:71,10
DA:73,0
DA:74,0
DA:75,0
DA:76,0
DA:82,10
LF:35
LH:24
BRDA:44,0,0,4
BRDA:44,0,1,0
BRDA:44,1,0,4
BRDA:44,1,1,4
BRDA:45,2,0,4
BRDA:45,2,1,0
BRDA:48,3,0,0
BRDA:48,3,1,4
BRDA:64,4,0,0
BRDA:64,4,1,0
BRDA:64,5,0,0
BRDA:64,5,1,0
BRDA:75,6,0,0
BRDA:75,6,1,0
BRDA:75,7,0,0
BRDA:75,7,1,0
BRDA:93,8,0,10
BRDA:93,8,1,0
BRDA:99,9,0,0
BRDA:99,9,1,0
BRDA:103,10,0,0
BRDA:103,10,1,0
BRDA:106,11,0,0
BRDA:106,11,1,0
BRDA:119,12,0,0
BRDA:119,12,1,10
BRF:26
BRH:7
end_of_record
TN:
SF:src/app/components/ResolvedBorderValueDisplay.tsx
FN:21,(anonymous_0)
FN:36,(anonymous_1)
FN:42,(anonymous_2)
FNF:3
FNH:0
FNDA:0,(anonymous_0)
FNDA:0,(anonymous_1)
FNDA:0,(anonymous_2)
DA:12,6
DA:17,6
DA:21,6
DA:22,0
DA:23,0
DA:24,0
DA:30,0
DA:37,0
DA:43,0
LF:9
LH:3
BRF:0
BRH:0
end_of_record
TN:
SF:src/app/components/ResolvedShadowValueDisplay.tsx
FN:20,(anonymous_0)
FN:29,(anonymous_1)
FN:35,(anonymous_2)
FNF:3
FNH:0
FNDA:0,(anonymous_0)
FNDA:0,(anonymous_1)
FNDA:0,(anonymous_2)
DA:11,6
DA:16,6
DA:20,6
DA:21,0
DA:23,0
DA:30,0
DA:36,0
LF:7
LH:3
BRF:0
BRH:0
end_of_record
TN:
SF:src/app/components/ResolvedTokenDisplay.tsx
FN:11,ResolvedTokenDisplay
FN:18,(anonymous_1)
FNF:2
FNH:0
FNDA:0,ResolvedTokenDisplay
FNDA:0,(anonymous_1)
DA:18,0
DA:19,0
DA:22,0
DA:23,0
DA:30,0
DA:31,0
DA:32,0
DA:35,0
DA:36,0
DA:43,0
DA:44,0
DA:47,0
LF:12
LH:0
BRDA:19,0,0,0
BRDA:19,0,1,0
BRDA:22,1,0,0
BRDA:22,1,1,0
BRDA:22,2,0,0
BRDA:22,2,1,0
BRDA:30,3,0,0
BRDA:30,3,1,0
BRDA:30,4,0,0
BRDA:30,4,1,0
BRDA:31,5,0,0
BRDA:31,5,1,0
BRDA:35,6,0,0
BRDA:35,6,1,0
BRDA:35,7,0,0
BRDA:35,7,1,0
BRDA:43,8,0,0
BRDA:43,8,1,0
BRDA:43,9,0,0
BRDA:43,9,1,0
BRF:20
BRH:0
end_of_record
TN:
SF:src/app/components/ResolvedTypographyValueDisplay.tsx
FN:21,(anonymous_0)
FN:44,(anonymous_1)
FN:50,(anonymous_2)
FNF:3
FNH:0
FNDA:0,(anonymous_0)
FNDA:0,(anonymous_1)
FNDA:0,(anonymous_2)
DA:12,6
DA:17,6
DA:21,6
DA:22,0
DA:24,0
DA:26,0
DA:38,0
DA:45,0
DA:51,0
LF:9
LH:3
BRF:0
BRH:0
end_of_record
TN:
SF:src/app/components/SearchInputWithToggle.tsx
FN:16,(anonymous_0)
FN:28,(anonymous_1)
FN:33,(anonymous_2)
FN:37,(anonymous_3)
FN:43,(anonymous_4)
FNF:5
FNH:2
FNDA:3,(anonymous_0)
FNDA:0,(anonymous_1)
FNDA:0,(anonymous_2)
FNDA:0,(anonymous_3)
FNDA:3,(anonymous_4)
DA:16,5
DA:25,3
DA:26,3
DA:28,3
DA:29,0
DA:30,0
DA:33,3
DA:34,0
DA:37,3
DA:38,0
DA:39,0
DA:43,3
DA:44,3
DA:45,0
DA:49,3
DA:50,0
DA:72,3
LF:17
LH:10
BRDA:21,0,0,0
BRDA:22,1,0,0
BRDA:23,2,0,0
BRDA:38,3,0,0
BRDA:38,3,1,0
BRDA:44,4,0,0
BRDA:44,4,1,3
BRDA:44,5,0,3
BRDA:44,5,1,3
BRDA:44,5,2,0
BRDA:49,6,0,0
BRDA:49,6,1,3
BRF:12
BRH:4
end_of_record
TN:
SF:src/app/components/Select.tsx
FN:25,Select
FNF:1
FNH:0
FNDA:0,Select
DA:5,0
DA:28,0
LF:2
LH:0
BRF:0
BRH:0
end_of_record
TN:
SF:src/app/components/SettingsDropdown.tsx
FN:15,SettingsDropdown
FN:29,(anonymous_1)
FN:35,(anonymous_2)
FN:41,(anonymous_3)
FN:47,(anonymous_4)
FN:53,(anonymous_5)
FN:59,(anonymous_6)
FNF:7
FNH:1
FNDA:11,SettingsDropdown
FNDA:0,(anonymous_1)
FNDA:0,(anonymous_2)
FNDA:0,(anonymous_3)
FNDA:0,(anonymous_4)
FNDA:0,(anonymous_5)
FNDA:0,(anonymous_6)
DA:16,11
DA:17,11
DA:21,11
DA:22,11
DA:23,11
DA:27,11
DA:29,11
DA:30,0
DA:31,0
DA:32,0
DA:35,11
DA:36,0
DA:37,0
DA:38,0
DA:41,11
DA:42,0
DA:43,0
DA:44,0
DA:47,11
DA:48,0
DA:49,0
DA:50,0
DA:53,11
DA:54,0
DA:55,0
DA:56,0
DA:59,11
DA:60,0
DA:61,0
DA:62,0
DA:65,11
LF:31
LH:13
BRDA:86,0,0,2
BRDA:86,0,1,9
BRF:2
BRH:2
end_of_record
TN:
SF:src/app/components/SingleBoxShadowDownShiftInput.tsx
FN:8,SingleBoxShadowDownShiftInput
FN:30,(anonymous_1)
FN:40,(anonymous_2)
FNF:3
FNH:0
FNDA:0,SingleBoxShadowDownShiftInput
FNDA:0,(anonymous_1)
FNDA:0,(anonymous_2)
DA:27,0
DA:28,0
DA:30,0
DA:31,0
DA:32,0
DA:33,0
DA:35,0
DA:39,0
DA:40,0
DA:43,0
LF:10
LH:0
BRDA:28,0,0,0
BRDA:28,0,1,0
BRDA:31,1,0,0
BRDA:31,1,1,0
BRDA:31,2,0,0
BRDA:31,2,1,0
BRDA:31,2,2,0
BRDA:33,3,0,0
BRDA:33,3,1,0
BRDA:35,4,0,0
BRDA:35,4,1,0
BRDA:53,5,0,0
BRDA:53,5,1,0
BRDA:55,6,0,0
BRDA:55,6,1,0
BRDA:55,6,2,0
BRF:16
BRH:0
end_of_record
TN:
SF:src/app/components/SingleBoxShadowInput.tsx
FN:42,SingleBoxShadowInput
FN:66,(anonymous_1)
FN:68,(anonymous_2)
FN:82,(anonymous_3)
FN:97,(anonymous_4)
FN:111,(anonymous_5)
FN:115,(anonymous_6)
FN:129,(anonymous_7)
FN:141,(anonymous_8)
FN:153,(anonymous_9)
FN:156,(anonymous_10)
FN:196,(anonymous_11)
FN:244,(anonymous_12)
FNF:13
FNH:0
FNDA:0,SingleBoxShadowInput
FNDA:0,(anonymous_1)
FNDA:0,(anonymous_2)
FNDA:0,(anonymous_3)
FNDA:0,(anonymous_4)
FNDA:0,(anonymous_5)
FNDA:0,(anonymous_6)
FNDA:0,(anonymous_7)
FNDA:0,(anonymous_8)
FNDA:0,(anonymous_9)
FNDA:0,(anonymous_10)
FNDA:0,(anonymous_11)
FNDA:0,(anonymous_12)
DA:30,5
DA:38,5
DA:63,0
DA:64,0
DA:65,0
DA:66,0
DA:68,0
DA:69,0
DA:70,0
DA:71,0
DA:72,0
DA:74,0
DA:82,0
DA:83,0
DA:84,0
DA:85,0
DA:86,0
DA:87,0
DA:89,0
DA:97,0
DA:98,0
DA:99,0
DA:100,0
DA:101,0
DA:103,0
DA:111,0
DA:112,0
DA:115,0
DA:116,0
DA:117,0
DA:118,0
DA:119,0
DA:121,0
DA:129,0
DA:130,0
DA:131,0
DA:132,0
DA:133,0
DA:134,0
DA:136,0
DA:139,0
DA:141,0
DA:142,0
DA:145,0
DA:151,0
DA:153,0
DA:157,0
DA:158,0
DA:160,0
DA:161,0
DA:163,0
DA:164,0
DA:167,0
DA:169,0
DA:171,0
DA:173,0
DA:175,0
DA:176,0
DA:179,0
DA:180,0
DA:183,0
DA:184,0
DA:189,0
DA:196,0
DA:201,0
DA:205,0
DA:245,0
LF:67
LH:2
BRDA:44,0,0,0
BRDA:69,1,0,0
BRDA:69,1,1,0
BRDA:83,2,0,0
BRDA:83,2,1,0
BRDA:83,3,0,0
BRDA:83,3,1,0
BRDA:84,4,0,0
BRDA:84,4,1,0
BRDA:98,5,0,0
BRDA:98,5,1,0
BRDA:116,6,0,0
BRDA:116,6,1,0
BRDA:131,7,0,0
BRDA:131,7,1,0
BRDA:136,8,0,0
BRDA:136,8,1,0
BRDA:154,9,0,0
BRDA:154,9,1,0
BRDA:157,10,0,0
BRDA:157,10,1,0
BRDA:163,11,0,0
BRDA:163,11,1,0
BRDA:175,12,0,0
BRDA:175,12,1,0
BRDA:175,13,0,0
BRDA:175,13,1,0
BRDA:179,14,0,0
BRDA:179,14,1,0
BRDA:179,15,0,0
BRDA:179,15,1,0
BRDA:207,16,0,0
BRDA:207,16,1,0
BRDA:212,17,0,0
BRDA:212,17,1,0
BRDA:224,18,0,0
BRDA:224,18,1,0
BRDA:229,19,0,0
BRDA:229,19,1,0
BRDA:240,20,0,0
BRDA:240,20,1,0
BRDA:250,21,0,0
BRDA:250,21,1,0
BRDA:260,22,0,0
BRDA:260,22,1,0
BRDA:260,22,2,0
BRDA:261,23,0,0
BRDA:261,23,1,0
BRF:48
BRH:0
end_of_record
TN:
SF:src/app/components/SingleCompositionTokenContent.tsx
FN:28,SingleCompositionTokenContent
FN:46,(anonymous_1)
FNF:2
FNH:0
FNDA:0,SingleCompositionTokenContent
FNDA:0,(anonymous_1)
DA:41,0
DA:42,0
DA:43,0
DA:44,0
DA:46,0
DA:47,0
DA:50,0
LF:7
LH:0
BRDA:59,0,0,0
BRDA:59,0,1,0
BRF:2
BRH:0
end_of_record
TN:
SF:src/app/components/SingleCompositionTokenForm.tsx
FN:15,SingleCompositionTokenForm
FN:44,(anonymous_1)
FN:49,(anonymous_2)
FN:62,(anonymous_3)
FN:69,(anonymous_4)
FN:74,(anonymous_5)
FN:78,(anonymous_6)
FN:100,(anonymous_7)
FNF:8
FNH:0
FNDA:0,SingleCompositionTokenForm
FNDA:0,(anonymous_1)
FNDA:0,(anonymous_2)
FNDA:0,(anonymous_3)
FNDA:0,(anonymous_4)
FNDA:0,(anonymous_5)
FNDA:0,(anonymous_6)
FNDA:0,(anonymous_7)
DA:40,0
DA:41,0
DA:42,0
DA:44,0
DA:46,0
DA:47,0
DA:48,0
DA:49,0
DA:50,0
DA:52,0
DA:55,0
DA:56,0
DA:57,0
DA:58,0
DA:61,0
DA:63,0
DA:64,0
DA:69,0
DA:70,0
DA:71,0
DA:74,0
DA:75,0
DA:78,0
DA:79,0
DA:100,0
DA:105,0
LF:26
LH:0
BRDA:79,0,0,0
BRDA:79,0,1,0
BRDA:81,1,0,0
BRDA:81,1,1,0
BRDA:92,2,0,0
BRDA:92,2,1,0
BRDA:99,3,0,0
BRDA:99,3,1,0
BRDA:128,4,0,0
BRDA:128,4,1,0
BRF:10
BRH:0
end_of_record
TN:
SF:src/app/components/SingleTypographyDownShiftInput.tsx
FN:7,SingleTypographyDownShiftInput
FN:26,(anonymous_1)
FN:30,(anonymous_2)
FNF:3
FNH:2
FNDA:9,SingleTypographyDownShiftInput
FNDA:0,(anonymous_1)
FNDA:9,(anonymous_2)
DA:26,9
DA:27,0
DA:30,9
DA:32,9
DA:34,9
LF:5
LH:4
BRF:0
BRH:0
end_of_record
TN:
SF:src/app/components/Stack.tsx
FNF:0
FNH:0
LF:0
LH:0
BRF:0
BRH:0
end_of_record
TN:
SF:src/app/components/StartScreen.tsx
FN:40,StartScreen
FN:49,(anonymous_1)
FN:56,(anonymous_2)
FN:63,(anonymous_3)
FN:67,(anonymous_4)
FN:81,(anonymous_5)
FN:82,(anonymous_6)
FN:87,(anonymous_7)
FN:157,(anonymous_8)
FNF:9
FNH:4
FNDA:5,StartScreen
FNDA:0,(anonymous_1)
FNDA:0,(anonymous_2)
FNDA:0,(anonymous_3)
FNDA:0,(anonymous_4)
FNDA:5,(anonymous_5)
FNDA:1,(anonymous_6)
FNDA:5,(anonymous_7)
FNDA:0,(anonymous_8)
DA:23,4
DA:28,4
DA:41,5
DA:42,5
DA:43,5
DA:45,5
DA:46,5
DA:47,5
DA:49,5
DA:50,0
DA:51,0
DA:52,0
DA:53,0
DA:56,5
DA:57,0
DA:58,0
DA:59,0
DA:60,0
DA:63,5
DA:64,0
DA:65,0
DA:67,0
DA:68,0
DA:74,0
DA:75,0
DA:76,0
DA:77,0
DA:80,5
DA:81,5
DA:82,1
DA:87,5
DA:88,5
DA:89,1
DA:96,4
DA:102,5
DA:158,0
DA:159,0
LF:37
LH:19
BRDA:64,0,0,0
BRDA:64,0,1,0
BRDA:68,1,0,0
BRDA:68,1,1,0
BRDA:81,2,0,5
BRDA:81,2,1,0
BRDA:81,3,0,5
BRDA:81,3,1,5
BRDA:88,4,0,1
BRDA:88,4,1,4
BRDA:91,5,0,0
BRDA:91,5,1,1
BRDA:147,6,0,5
BRDA:147,6,1,0
BRDA:156,7,0,1
BRDA:156,7,1,4
BRF:16
BRH:9
end_of_record
TN:
SF:src/app/components/StorageItem.tsx
FN:27,(anonymous_0)
FN:41,(anonymous_1)
FN:45,(anonymous_2)
FN:52,(anonymous_3)
FN:54,(anonymous_4)
FN:66,(anonymous_5)
FNF:6
FNH:6
FNDA:17,(anonymous_0)
FNDA:9,(anonymous_1)
FNDA:1,(anonymous_2)
FNDA:34,(anonymous_3)
FNDA:1,(anonymous_4)
FNDA:1,(anonymous_5)
DA:27,6
DA:28,17
DA:29,17
DA:30,17
DA:31,17
DA:32,17
DA:33,17
DA:34,17
DA:35,17
DA:36,17
DA:38,17
DA:41,17
DA:42,9
DA:45,17
DA:46,1
DA:49,1
DA:52,34
DA:54,17
DA:55,1
DA:56,1
DA:57,1
DA:58,1
DA:59,1
DA:66,17
DA:67,1
DA:68,1
DA:69,1
DA:71,0
DA:72,0
DA:76,17
LF:30
LH:28
BRDA:32,0,0,17
BRDA:32,0,1,0
BRDA:42,1,0,9
BRDA:42,1,1,0
BRDA:55,2,0,1
BRDA:55,2,1,0
BRDA:68,3,0,1
BRDA:68,3,1,0
BRDA:124,4,0,17
BRDA:124,4,1,17
BRDA:128,5,0,17
BRDA:128,5,1,0
BRDA:128,5,2,0
BRDA:145,6,0,12
BRDA:145,6,1,5
BRDA:147,7,0,12
BRDA:147,7,1,12
BRDA:174,8,0,17
BRDA:174,8,1,0
BRDA:211,9,0,0
BRDA:211,9,1,0
BRF:21
BRH:12
end_of_record
TN:
SF:src/app/components/StorageItemForm.tsx
FN:26,StorageItemForm
FNF:1
FNH:1
FNDA:2,StorageItemForm
DA:29,2
DA:32,2
DA:44,0
DA:56,0
DA:68,0
DA:80,0
DA:92,0
DA:105,0
DA:117,0
DA:129,0
LF:10
LH:2
BRDA:27,0,0,1
BRDA:29,1,0,2
BRDA:29,1,1,2
BRDA:29,1,2,0
BRDA:29,1,3,0
BRDA:29,1,4,0
BRDA:29,1,5,0
BRDA:29,1,6,0
BRDA:29,1,7,0
BRDA:29,1,8,0
BRDA:29,1,9,0
BRF:11
BRH:3
end_of_record
TN:
SF:src/app/components/StyledBrokenReferenceIndicator.tsx
FN:19,StyledBrokenReferenceIndicator
FNF:1
FNH:0
FNDA:0,StyledBrokenReferenceIndicator
DA:5,6
DA:20,0
LF:2
LH:1
BRF:0
BRH:0
end_of_record
TN:
SF:src/app/components/StyledDiff.tsx
FNF:0
FNH:0
DA:3,3
LF:1
LH:1
BRF:0
BRH:0
end_of_record
TN:
SF:src/app/components/StyledDirtyStateBadge.tsx
FNF:0
FNH:0
DA:3,5
LF:1
LH:1
BRF:0
BRH:0
end_of_record
TN:
SF:src/app/components/StyledInputSuffix.tsx
FNF:0
FNH:0
DA:4,8
DA:10,8
LF:2
LH:2
BRF:0
BRH:0
end_of_record
TN:
SF:src/app/components/StyledInspectBadge.tsx
FNF:0
FNH:0
DA:3,3
LF:1
LH:1
BRF:0
BRH:0
end_of_record
TN:
SF:src/app/components/StyledStorageItem.tsx
FNF:0
FNH:0
DA:3,6
LF:1
LH:1
BRF:0
BRH:0
end_of_record
TN:
SF:src/app/components/StylesDropdown.tsx
FN:13,StylesDropdown
FN:33,(anonymous_1)
FN:37,(anonymous_2)
FN:41,(anonymous_3)
FNF:4
FNH:1
FNDA:6,StylesDropdown
FNDA:0,(anonymous_1)
FNDA:0,(anonymous_2)
FNDA:0,(anonymous_3)
DA:14,6
DA:15,6
DA:16,6
DA:17,6
DA:18,6
DA:20,6
DA:21,6
DA:23,6
DA:31,6
DA:33,6
DA:34,0
DA:37,6
DA:38,0
DA:41,6
DA:42,0
DA:45,6
LF:16
LH:13
BRDA:18,0,0,6
BRDA:18,0,1,6
BRDA:57,1,0,6
BRDA:57,1,1,6
BRDA:62,2,0,6
BRDA:62,2,1,0
BRF:6
BRH:5
end_of_record
TN:
SF:src/app/components/SyncSettings.tsx
FN:21,(anonymous_0)
FN:27,(anonymous_1)
FN:73,(anonymous_2)
FN:88,(anonymous_3)
FN:98,(anonymous_4)
FN:110,(anonymous_5)
FN:110,(anonymous_6)
FN:119,(anonymous_7)
FN:125,(anonymous_8)
FN:125,(anonymous_9)
FN:133,(anonymous_10)
FN:137,(anonymous_11)
FN:176,(anonymous_12)
FN:208,(anonymous_13)
FNF:14
FNH:12
FNDA:20,(anonymous_0)
FNDA:19,(anonymous_1)
FNDA:14,(anonymous_2)
FNDA:1,(anonymous_3)
FNDA:10,(anonymous_4)
FNDA:26,(anonymous_5)
FNDA:1,(anonymous_6)
FNDA:1,(anonymous_7)
FNDA:171,(anonymous_8)
FNDA:1,(anonymous_9)
FNDA:0,(anonymous_10)
FNDA:0,(anonymous_11)
FNDA:171,(anonymous_12)
FNDA:13,(anonymous_13)
DA:21,5
DA:22,20
DA:23,19
DA:25,19
DA:27,19
DA:67,19
DA:68,19
DA:70,19
DA:73,19
DA:74,14
DA:75,3
DA:81,19
DA:83,19
DA:84,19
DA:85,19
DA:87,19
DA:89,1
DA:90,1
DA:91,1
DA:98,19
DA:99,10
DA:100,0
DA:101,0
DA:103,0
DA:105,0
DA:109,19
DA:110,26
DA:111,1
DA:112,1
DA:113,1
DA:114,1
DA:119,19
DA:120,1
DA:121,1
DA:124,19
DA:125,171
DA:126,1
DA:127,1
DA:128,1
DA:133,19
DA:134,0
DA:137,19
DA:138,0
DA:141,19
DA:177,171
DA:209,13
LF:46
LH:40
BRDA:74,0,0,3
BRDA:74,0,1,11
BRDA:90,1,0,1
BRDA:90,1,1,0
BRDA:99,2,0,0
BRDA:99,2,1,10
BRDA:110,3,0,13
BRDA:143,4,0,19
BRDA:143,4,1,2
BRDA:151,5,0,19
BRDA:151,5,1,1
BRDA:185,6,0,171
BRDA:185,6,1,19
BRDA:208,7,0,19
BRDA:208,7,1,13
BRDA:210,8,0,13
BRDA:210,8,1,13
BRF:17
BRH:15
end_of_record
TN:
SF:src/app/components/Text.tsx
FN:4,WrappedText
FNF:1
FNH:1
FNDA:167,WrappedText
DA:5,167
DA:6,167
LF:2
LH:2
BRDA:5,0,0,13
BRF:1
BRH:1
end_of_record
TN:
SF:src/app/components/ToggleEmptyButton.tsx
FN:9,ToggleEmptyButton
FN:15,(anonymous_1)
FNF:2
FNH:0
FNDA:0,ToggleEmptyButton
FNDA:0,(anonymous_1)
DA:10,0
DA:11,0
DA:13,0
DA:15,0
DA:16,0
DA:19,0
LF:6
LH:0
BRDA:22,0,0,0
BRDA:22,0,1,0
BRF:2
BRH:0
end_of_record
TN:
SF:src/app/components/TokenFilter.tsx
FN:32,(anonymous_0)
FN:38,(anonymous_1)
FN:42,(anonymous_2)
FN:48,(anonymous_3)
FNF:4
FNH:0
FNDA:0,(anonymous_0)
FNDA:0,(anonymous_1)
FNDA:0,(anonymous_2)
FNDA:0,(anonymous_3)
DA:12,3
DA:32,3
DA:33,0
DA:34,0
DA:35,0
DA:36,0
DA:38,0
DA:39,0
DA:42,0
DA:43,0
DA:44,0
DA:45,0
DA:48,0
DA:49,0
DA:50,0
DA:53,0
LF:16
LH:2
BRDA:73,0,0,0
BRDA:73,0,1,0
BRF:2
BRH:0
end_of_record
TN:
SF:src/app/components/TokenFormatBadge.tsx
FN:14,TokenFormatBadge
FN:21,(anonymous_1)
FNF:2
FNH:1
FNDA:25,TokenFormatBadge
FNDA:0,(anonymous_1)
DA:15,25
DA:16,25
DA:17,25
DA:19,25
DA:21,25
DA:22,0
DA:25,25
DA:26,18
DA:29,7
LF:9
LH:8
BRDA:14,0,0,7
BRDA:25,1,0,18
BRDA:25,1,1,7
BRDA:26,2,0,0
BRDA:26,2,1,18
BRDA:29,3,0,0
BRDA:29,3,1,7
BRF:7
BRH:5
end_of_record
TN:
SF:src/app/components/TokenInput.tsx
FN:53,TokenInput
FNF:1
FNH:0
FNDA:0,TokenInput
DA:6,0
DA:24,0
DA:37,0
DA:56,0
LF:4
LH:0
BRDA:54,0,0,0
BRDA:54,1,0,0
BRDA:54,2,0,0
BRF:3
BRH:0
end_of_record
TN:
SF:src/app/components/TokenListing.tsx
FN:23,(anonymous_0)
FN:32,(anonymous_1)
FN:49,(anonymous_2)
FN:55,(anonymous_3)
FN:59,(anonymous_4)
FN:63,(anonymous_5)
FNF:6
FNH:6
FNDA:6,(anonymous_0)
FNDA:1,(anonymous_1)
FNDA:1,(anonymous_2)
FNDA:4,(anonymous_3)
FNDA:2,(anonymous_4)
FNDA:24,(anonymous_5)
DA:23,4
DA:26,6
DA:27,6
DA:28,6
DA:29,6
DA:31,6
DA:33,1
DA:34,1
DA:35,1
DA:48,6
DA:50,1
DA:55,6
DA:58,6
DA:60,2
DA:61,2
DA:62,1
DA:63,1
DA:64,24
DA:65,24
DA:67,1
DA:69,1
DA:78,6
DA:80,6
LF:23
LH:23
BRDA:34,0,0,1
BRDA:34,0,1,1
BRDA:42,1,0,0
BRDA:42,1,1,1
BRDA:42,2,0,1
BRDA:42,2,1,0
BRDA:49,3,0,1
BRDA:61,4,0,1
BRDA:61,4,1,1
BRDA:78,5,0,0
BRDA:78,5,1,6
BRDA:78,6,0,6
BRDA:78,6,1,0
BRDA:91,7,0,6
BRDA:91,7,1,6
BRDA:97,8,0,4
BRDA:97,8,1,2
BRF:17
BRH:13
end_of_record
TN:
SF:src/app/components/TokenListingHeading.tsx
FN:28,TokenListingHeading
FN:44,(anonymous_1)
FN:46,(anonymous_2)
FNF:3
FNH:2
FNDA:6,TokenListingHeading
FNDA:1,(anonymous_1)
FNDA:0,(anonymous_2)
DA:37,6
DA:38,6
DA:40,6
DA:41,6
DA:43,6
DA:44,6
DA:46,6
DA:47,0
DA:50,6
DA:52,6
LF:10
LH:9
BRDA:47,0,0,0
BRDA:47,0,1,0
BRDA:61,1,0,4
BRDA:61,1,1,2
BRDA:64,2,0,0
BRDA:64,2,1,6
BRDA:74,3,0,6
BRDA:74,3,1,0
BRDA:76,4,0,0
BRDA:76,4,1,0
BRDA:77,5,0,0
BRDA:77,5,1,0
BRDA:87,6,0,6
BRDA:87,6,1,6
BRDA:87,6,2,6
BRDA:87,6,3,0
BRF:16
BRH:7
end_of_record
TN:
SF:src/app/components/TokenSetListItemContent.tsx
FN:29,TokenSetListItemContent
FN:41,(anonymous_1)
FN:56,(anonymous_2)
FN:60,(anonymous_3)
FN:64,(anonymous_4)
FNF:5
FNH:0
FNDA:0,TokenSetListItemContent
FNDA:0,(anonymous_1)
FNDA:0,(anonymous_2)
FNDA:0,(anonymous_3)
FNDA:0,(anonymous_4)
DA:30,0
DA:31,0
DA:32,0
DA:33,0
DA:34,0
DA:35,0
DA:36,0
DA:37,0
DA:39,0
DA:41,0
DA:42,0
DA:43,0
DA:44,0
DA:45,0
DA:46,0
DA:47,0
DA:50,0
DA:51,0
DA:56,0
DA:57,0
DA:60,0
DA:61,0
DA:64,0
DA:65,0
DA:68,0
LF:25
LH:0
BRDA:42,0,0,0
BRDA:42,0,1,0
BRDA:43,1,0,0
BRDA:43,1,1,0
BRDA:45,2,0,0
BRDA:45,2,1,0
BRDA:73,3,0,0
BRDA:73,3,1,0
BRDA:74,4,0,0
BRDA:74,4,1,0
BRDA:81,5,0,0
BRDA:81,5,1,0
BRF:12
BRH:0
end_of_record
TN:
SF:src/app/components/TokenSetSelector.tsx
FN:20,TokenSetSelector
FN:41,(anonymous_1)
FN:43,(anonymous_2)
FN:44,(anonymous_3)
FN:51,(anonymous_4)
FN:55,(anonymous_5)
FN:63,(anonymous_6)
FN:75,(anonymous_7)
FN:83,(anonymous_8)
FN:91,(anonymous_9)
FN:106,(anonymous_10)
FN:110,(anonymous_11)
FN:114,(anonymous_12)
FN:118,(anonymous_13)
FN:123,(anonymous_14)
FN:127,(anonymous_15)
FN:131,(anonymous_16)
FN:135,(anonymous_17)
FNF:18
FNH:12
FNDA:38,TokenSetSelector
FNDA:10,(anonymous_1)
FNDA:10,(anonymous_2)
FNDA:22,(anonymous_3)
FNDA:10,(anonymous_4)
FNDA:1,(anonymous_5)
FNDA:0,(anonymous_6)
FNDA:2,(anonymous_7)
FNDA:1,(anonymous_8)
FNDA:3,(anonymous_9)
FNDA:0,(anonymous_10)
FNDA:1,(anonymous_11)
FNDA:0,(anonymous_12)
FNDA:0,(anonymous_13)
FNDA:3,(anonymous_14)
FNDA:0,(anonymous_15)
FNDA:1,(anonymous_16)
FNDA:0,(anonymous_17)
DA:21,38
DA:23,38
DA:29,38
DA:30,38
DA:31,38
DA:32,38
DA:33,38
DA:34,38
DA:36,38
DA:37,38
DA:38,38
DA:39,38
DA:40,38
DA:41,38
DA:43,38
DA:44,10
DA:45,22
DA:46,22
DA:48,10
DA:51,38
DA:52,10
DA:55,38
DA:56,1
DA:57,1
DA:58,1
DA:59,1
DA:60,1
DA:63,38
DA:64,0
DA:66,0
DA:70,0
DA:71,0
DA:75,38
DA:76,2
DA:77,2
DA:78,2
DA:79,2
DA:80,2
DA:83,38
DA:84,1
DA:85,1
DA:86,1
DA:87,1
DA:88,1
DA:91,38
DA:92,3
DA:93,3
DA:94,1
DA:95,1
DA:96,2
DA:97,1
DA:99,1
DA:101,3
DA:102,3
DA:103,3
DA:106,38
DA:107,0
DA:110,38
DA:111,1
DA:114,38
DA:115,0
DA:118,38
DA:119,0
DA:120,0
DA:123,38
DA:124,3
DA:127,38
DA:128,0
DA:131,38
DA:132,1
DA:135,38
DA:136,0
DA:139,38
LF:73
LH:63
BRDA:68,0,0,0
BRDA:68,0,1,0
BRDA:70,1,0,0
BRDA:70,1,1,0
BRDA:93,2,0,1
BRDA:93,2,1,2
BRDA:96,3,0,1
BRDA:96,3,1,1
BRDA:170,4,0,4
BRDA:170,4,1,34
BRDA:194,5,0,4
BRDA:194,5,1,34
BRDA:246,6,0,38
BRDA:246,6,1,6
BRF:14
BRH:10
end_of_record
TN:
SF:src/app/components/TokenSetTree.tsx
FN:50,TokenSetTree
FN:58,(anonymous_1)
FN:62,(anonymous_2)
FN:64,(anonymous_3)
FN:68,(anonymous_4)
FN:69,(anonymous_5)
FN:90,(anonymous_6)
FN:91,(anonymous_7)
FN:97,(anonymous_8)
FN:99,(anonymous_9)
FN:99,(anonymous_10)
FN:100,(anonymous_11)
FN:100,(anonymous_12)
FN:106,(anonymous_13)
FN:114,(anonymous_14)
FN:114,(anonymous_15)
FN:116,(anonymous_16)
FN:117,(anonymous_17)
FN:119,(anonymous_18)
FN:126,(anonymous_19)
FN:137,(anonymous_20)
FN:138,(anonymous_21)
FN:162,(anonymous_22)
FN:163,(anonymous_23)
FN:164,(anonymous_24)
FN:171,(anonymous_25)
FN:182,(anonymous_26)
FN:183,(anonymous_27)
FN:186,(anonymous_28)
FNF:29
FNH:18
FNDA:41,TokenSetTree
FNDA:10,(anonymous_1)
FNDA:6,(anonymous_2)
FNDA:10,(anonymous_3)
FNDA:22,(anonymous_4)
FNDA:0,(anonymous_5)
FNDA:34,(anonymous_6)
FNDA:34,(anonymous_7)
FNDA:10,(anonymous_8)
FNDA:34,(anonymous_9)
FNDA:22,(anonymous_10)
FNDA:0,(anonymous_11)
FNDA:0,(anonymous_12)
FNDA:114,(anonymous_13)
FNDA:202,(anonymous_14)
FNDA:43,(anonymous_15)
FNDA:57,(anonymous_16)
FNDA:12,(anonymous_17)
FNDA:12,(anonymous_18)
FNDA:0,(anonymous_19)
FNDA:38,(anonymous_20)
FNDA:114,(anonymous_21)
FNDA:0,(anonymous_22)
FNDA:0,(anonymous_23)
FNDA:0,(anonymous_24)
FNDA:0,(anonymous_25)
FNDA:0,(anonymous_26)
FNDA:0,(anonymous_27)
FNDA:0,(anonymous_28)
DA:53,41
DA:54,41
DA:55,41
DA:56,41
DA:57,41
DA:58,41
DA:59,41
DA:60,41
DA:62,41
DA:64,41
DA:65,10
DA:66,10
DA:68,10
DA:69,22
DA:71,22
DA:73,22
DA:75,22
DA:76,22
DA:77,35
DA:80,35
DA:81,22
DA:84,35
DA:89,10
DA:90,34
DA:91,34
DA:97,41
DA:99,34
DA:100,0
DA:103,10
DA:106,41
DA:107,114
DA:108,75
DA:109,0
DA:111,75
DA:114,202
DA:115,39
DA:116,57
DA:117,12
DA:119,39
DA:120,12
DA:123,39
DA:126,0
DA:127,0
DA:131,0
DA:134,0
DA:137,41
DA:138,114
DA:162,41
DA:163,0
DA:164,0
DA:165,0
DA:167,0
DA:168,0
DA:169,0
DA:171,0
DA:172,0
DA:176,0
DA:179,0
DA:181,0
DA:182,0
DA:183,0
DA:186,41
DA:192,0
DA:197,0
DA:199,0
DA:200,0
[...]
DA:1,88
DA:3,14
DA:4,14
DA:6,14
DA:7,0
DA:10,14
DA:11,14
DA:13,41
DA:14,30
DA:16,30
DA:18,41
DA:21,14
LF:12
LH:11
BRDA:6,0,0,0
BRDA:6,0,1,14
BRDA:6,1,0,14
BRDA:6,1,1,14
BRDA:13,2,0,30
BRDA:13,2,1,11
BRDA:13,3,0,41
BRDA:13,3,1,32
BRDA:16,4,0,21
BRDA:16,4,1,9
BRF:10
BRH:9
end_of_record
TN:
SF:src/utils/color/index.ts
FNF:0
FNH:0
LF:0
LH:0
BRF:0
BRH:0
end_of_record
TN:
SF:src/utils/color/isLightOrDark.ts
FN:4,lightOrDark
FNF:1
FNH:1
FNDA:6,lightOrDark
DA:5,6
DA:6,0
DA:8,6
DA:9,6
DA:11,0
LF:5
LH:3
BRDA:5,0,0,0
BRDA:5,0,1,6
BRDA:9,1,0,3
BRDA:9,1,1,3
BRF:4
BRH:3
end_of_record
TN:
SF:src/utils/color/lighten.ts
FN:4,lighten
FNF:1
FNH:1
FNDA:5,lighten
DA:5,5
DA:7,2
DA:8,2
DA:9,2
DA:10,2
DA:11,2
DA:12,2
DA:13,2
DA:16,0
DA:17,0
DA:18,0
DA:19,0
DA:20,0
DA:23,1
DA:24,1
DA:25,1
DA:26,1
DA:27,1
DA:28,1
DA:29,1
DA:30,1
DA:33,1
DA:34,1
DA:35,1
DA:36,1
DA:37,1
DA:38,1
DA:39,1
DA:42,1
LF:29
LH:24
BRDA:5,0,0,2
BRDA:5,0,1,0
BRDA:5,0,2,1
BRDA:5,0,3,1
BRDA:5,0,4,1
BRF:5
BRH:4
end_of_record
TN:
SF:src/utils/color/mix.ts
FN:4,mix
FNF:1
FNH:1
FNDA:5,mix
DA:5,5
DA:7,5
LF:2
LH:2
BRF:0
BRH:0
end_of_record
TN:
SF:src/utils/color/transparentize.ts
FN:3,transparentize
FNF:1
FNH:1
FNDA:4,transparentize
DA:4,4
DA:5,4
LF:2
LH:2
BRF:0
BRH:0
end_of_record
TN:
SF:src/utils/date/compareUpdatedAt.ts
FN:1,compareUpdatedAt
FNF:1
FNH:1
FNDA:8,compareUpdatedAt
DA:2,8
DA:3,8
DA:4,8
DA:5,5
DA:7,3
DA:8,0
DA:10,3
LF:7
LH:6
BRDA:4,0,0,5
BRDA:4,0,1,3
BRDA:7,1,0,0
BRDA:7,1,1,3
BRF:4
BRH:3
end_of_record
TN:
SF:src/utils/date/index.ts
FNF:0
FNH:0
LF:0
LH:0
BRF:0
BRH:0
end_of_record
TN:
SF:src/utils/dragDropOrder/ensureFolderIsTogether.ts
FN:5,ensureFolderIsTogether
FN:8,(anonymous_1)
FN:9,(anonymous_2)
FN:11,(anonymous_3)
FN:12,(anonymous_4)
FN:14,(anonymous_5)
FNF:6
FNH:6
FNDA:1,ensureFolderIsTogether
FNDA:2,(anonymous_1)
FNDA:1,(anonymous_2)
FNDA:4,(anonymous_3)
FNDA:2,(anonymous_4)
FNDA:7,(anonymous_5)
DA:6,1
DA:8,2
DA:9,1
DA:10,1
DA:11,4
DA:12,1
DA:13,2
DA:14,7
DA:15,2
DA:20,1
LF:10
LH:10
BRDA:6,0,0,1
BRDA:6,0,1,0
BRDA:13,1,0,2
BRDA:13,1,1,0
BRF:4
BRH:2
end_of_record
TN:
SF:src/utils/dragDropOrder/findOrderableTargetIndexesInThemeList.tsx
FN:4,findOrderableTargetIndexesInThemeList
FN:6,(anonymous_1)
FN:8,(anonymous_2)
FN:13,(anonymous_3)
FN:15,(anonymous_4)
FNF:5
FNH:0
FNDA:0,findOrderableTargetIndexesInThemeList
FNDA:0,(anonymous_1)
FNDA:0,(anonymous_2)
FNDA:0,(anonymous_3)
FNDA:0,(anonymous_4)
DA:5,0
DA:6,0
DA:8,0
DA:9,0
DA:13,0
DA:14,0
DA:15,0
DA:16,0
DA:18,0
DA:20,0
DA:22,0
LF:11
LH:0
BRDA:5,0,0,0
BRDA:5,0,1,0
BRDA:9,1,0,0
BRDA:9,1,1,0
BRDA:14,2,0,0
BRDA:14,2,1,0
BRDA:16,3,0,0
BRDA:16,3,1,0
BRF:8
BRH:0
end_of_record
TN:
SF:src/utils/dragDropOrder/index.ts
FNF:0
FNH:0
LF:0
LH:0
BRF:0
BRH:0
end_of_record
TN:
SF:src/utils/error/categorizeError.ts
FN:12,categorizeError
FN:25,(anonymous_1)
FN:120,(anonymous_2)
FN:147,(anonymous_3)
FNF:4
FNH:4
FNDA:31,categorizeError
FNDA:25,(anonymous_1)
FNDA:556,(anonymous_2)
FNDA:67,(anonymous_3)
DA:21,31
DA:22,31
DA:25,31
DA:26,25
DA:28,17
DA:29,17
DA:31,4
DA:33,2
DA:35,4
DA:37,2
DA:39,3
DA:41,2
DA:43,0
DA:45,0
DA:47,0
DA:51,0
DA:52,0
DA:54,0
DA:56,0
DA:58,0
DA:60,0
DA:62,0
DA:64,0
DA:66,0
DA:70,0
DA:74,31
DA:82,3
DA:83,3
DA:87,3
DA:95,28
DA:120,556
DA:122,28
DA:123,5
DA:124,5
DA:128,5
DA:136,23
DA:147,67
DA:149,23
DA:150,20
DA:151,20
DA:155,20
DA:163,3
DA:167,3
LF:43
LH:30
BRDA:22,0,0,31
BRDA:22,0,1,3
BRDA:26,1,0,8
BRDA:26,1,1,17
BRDA:28,2,0,17
BRDA:28,2,1,0
BRDA:29,3,0,4
BRDA:29,3,1,2
BRDA:29,3,2,4
BRDA:29,3,3,2
BRDA:29,3,4,3
BRDA:29,3,5,2
BRDA:29,3,6,0
BRDA:29,3,7,0
BRDA:29,3,8,0
BRDA:51,4,0,0
BRDA:51,4,1,0
BRDA:52,5,0,0
BRDA:52,5,1,0
BRDA:52,5,2,0
BRDA:52,5,3,0
BRDA:52,5,4,0
BRDA:52,5,5,0
BRDA:52,5,6,0
BRDA:74,6,0,3
BRDA:74,6,1,28
BRDA:75,7,0,31
BRDA:75,7,1,28
BRDA:75,7,2,28
BRDA:75,7,3,28
BRDA:75,7,4,28
BRDA:75,7,5,28
BRDA:83,8,0,0
BRDA:83,8,1,3
BRDA:122,9,0,5
BRDA:122,9,1,23
BRDA:124,10,0,0
BRDA:124,10,1,5
BRDA:149,11,0,20
BRDA:149,11,1,3
BRDA:151,12,0,17
BRDA:151,12,1,3
BRDA:163,13,0,1
BRDA:163,13,1,2
BRF:44
BRH:29
end_of_record
TN:
SF:src/utils/error/handleReactError.ts
FN:3,handleReactError
FNF:1
FNH:1
FNDA:2,handleReactError
DA:4,2
DA:5,2
LF:2
LH:2
BRF:0
BRH:0
end_of_record
TN:
SF:src/utils/figma/goToNodeId.ts
FN:4,goToNodeId
FNF:1
FNH:0
FNDA:0,goToNodeId
DA:5,0
LF:1
LH:0
BRF:0
BRH:0
end_of_record
TN:
SF:src/utils/figma/index.ts
FNF:0
FNH:0
LF:0
LH:0
BRF:0
BRH:0
end_of_record
TN:
SF:src/utils/figma/selectNodes.ts
FN:4,selectNodes
FNF:1
FNH:0
FNDA:0,selectNodes
DA:5,0
LF:1
LH:0
BRF:0
BRH:0
end_of_record
TN:
SF:src/utils/figma/updateLocalTokensData.ts
FN:29,updateLocalTokensData
FNF:1
FNH:1
FNDA:2,updateLocalTokensData
DA:30,2
DA:32,2
DA:33,2
DA:36,2
DA:37,2
DA:38,2
DA:39,2
DA:43,2
DA:44,2
DA:45,2
DA:46,2
DA:49,0
DA:51,0
DA:52,0
DA:53,0
DA:55,2
DA:56,2
DA:57,2
DA:58,2
DA:59,2
LF:20
LH:16
BRDA:32,0,0,2
BRDA:32,0,1,0
BRDA:37,1,0,2
BRDA:37,1,1,0
BRDA:38,2,0,2
BRDA:38,2,1,0
BRDA:44,3,0,2
BRDA:44,3,1,0
BRDA:45,4,0,2
BRDA:45,4,1,0
BRF:10
BRH:5
end_of_record
TN:
SF:src/utils/figmaStorage/readSharedPluginData.ts
FN:22,readSharedPluginData
FN:50,(anonymous_1)
FN:59,(anonymous_2)
FNF:3
FNH:3
FNDA:88,readSharedPluginData
FNDA:12,(anonymous_1)
FNDA:10,(anonymous_2)
DA:2,38
DA:5,38
DA:28,88
DA:29,60
DA:30,60
DA:34,28
DA:35,28
DA:37,28
DA:38,10
DA:40,10
DA:42,8
DA:44,3
DA:45,3
DA:48,5
DA:50,4
DA:51,12
DA:52,12
DA:56,4
DA:59,10
DA:60,2
DA:61,2
DA:65,2
DA:68,1
DA:69,1
DA:71,2
DA:72,2
DA:77,18
DA:78,18
LF:28
LH:28
BRDA:25,0,0,0
BRDA:28,1,0,60
BRDA:28,1,1,28
BRDA:30,2,0,60
BRDA:30,2,1,58
BRDA:37,3,0,10
BRDA:37,3,1,18
BRDA:42,4,0,3
BRDA:42,4,1,5
BRDA:45,5,0,3
BRDA:45,5,1,0
BRDA:48,6,0,4
BRDA:48,6,1,1
BRDA:48,7,0,5
BRDA:48,7,1,4
BRDA:59,8,0,2
BRDA:59,8,1,2
BRDA:78,9,0,18
BRDA:78,9,1,16
BRF:19
BRH:17
end_of_record
TN:
SF:src/utils/figmaStorage/writeSharedPluginData.ts
FN:29,writeSharedPluginData
FNF:1
FNH:1
FNDA:34,writeSharedPluginData
DA:5,38
DA:8,38
DA:11,38
DA:35,34
DA:37,4
DA:40,4
DA:41,4
DA:44,4
DA:45,4
DA:46,4
DA:47,1
DA:48,1
DA:50,1
DA:51,2
DA:52,2
DA:60,4
DA:63,30
DA:64,19
DA:65,19
DA:69,11
DA:71,11
DA:73,9
DA:74,9
DA:77,9
DA:80,9
DA:81,9
DA:82,9
DA:83,1
DA:84,1
DA:86,1
DA:87,3
DA:88,3
DA:97,2
DA:98,2
DA:101,2
DA:102,2
DA:112,2
DA:113,3
DA:114,3
DA:118,2
DA:121,2
DA:122,2
DA:123,2
DA:124,1
DA:125,1
DA:127,1
DA:128,1
DA:129,1
LF:48
LH:48
BRDA:33,0,0,0
BRDA:35,1,0,4
BRDA:35,1,1,30
BRDA:46,2,0,1
BRDA:46,2,1,3
BRDA:48,3,0,1
BRDA:48,3,1,0
BRDA:48,4,0,1
BRDA:48,4,1,1
BRDA:63,5,0,19
BRDA:63,5,1,11
BRDA:71,6,0,9
BRDA:71,6,1,2
BRDA:82,7,0,1
BRDA:82,7,1,8
BRDA:84,8,0,1
BRDA:84,8,1,0
BRDA:84,9,0,1
BRDA:84,9,1,1
BRDA:123,10,0,1
BRDA:123,10,1,1
BRDA:125,11,0,1
BRDA:125,11,1,0
BRDA:125,12,0,1
BRDA:125,12,1,1
BRDA:125,12,2,1
BRF:26
BRH:22
end_of_record
TN:
SF:src/utils/is/index.ts
FNF:0
FNH:0
LF:0
LH:0
BRF:0
BRH:0
end_of_record
TN:
SF:src/utils/is/isColorToken.ts
FN:4,isColorToken
FNF:1
FNH:1
FNDA:22,isColorToken
DA:5,22
DA:6,22
LF:2
LH:2
BRDA:5,0,0,0
BRDA:5,0,1,22
BRF:2
BRH:1
end_of_record
TN:
SF:src/utils/is/isCompositeBorderValue.ts
FN:5,isCompositeBorderValue
FN:11,(anonymous_1)
FNF:2
FNH:2
FNDA:1,isCompositeBorderValue
FNDA:1,(anonymous_1)
DA:6,1
DA:12,1
LF:2
LH:2
BRDA:7,0,0,1
BRDA:7,0,1,1
BRDA:9,1,0,0
BRDA:9,1,1,1
BRDA:12,2,0,1
BRDA:12,2,1,1
BRDA:12,2,2,1
BRDA:12,2,3,0
BRDA:12,2,4,0
BRF:9
BRH:6
end_of_record
TN:
SF:src/utils/is/isDocumentationType.ts
FN:3,isDocumentationType
FNF:1
FNH:1
FNDA:44,isDocumentationType
DA:4,44
LF:1
LH:1
BRF:0
BRH:0
end_of_record
TN:
SF:src/utils/is/isGitProvider.ts
FN:4,isGitProvider
FNF:1
FNH:1
FNDA:103,isGitProvider
DA:12,103
LF:1
LH:1
BRDA:13,0,0,103
BRDA:13,0,1,102
BRDA:13,0,2,59
BRDA:13,0,3,58
BRF:4
BRH:4
end_of_record
TN:
SF:src/utils/is/isMatchingStyle.ts
FN:1,isMatchingStyle
FN:5,(anonymous_1)
FNF:2
FNH:2
FNDA:14,isMatchingStyle
FNDA:31,(anonymous_1)
DA:5,31
DA:6,14
DA:8,14
LF:3
LH:3
BRF:0
BRH:0
end_of_record
TN:
SF:src/utils/is/isPartOfInstance.ts
FN:1,isPartOfInstance
FNF:1
FNH:1
FNDA:109,isPartOfInstance
DA:2,109
LF:1
LH:1
BRF:0
BRH:0
end_of_record
TN:
SF:src/utils/is/isPrimitiveValue.ts
FN:1,isPrimitiveValue
FNF:1
FNH:1
FNDA:180,isPrimitiveValue
DA:2,180
LF:1
LH:1
BRDA:3,0,0,180
BRDA:3,0,1,133
BRDA:3,0,2,133
BRF:3
BRH:3
end_of_record
TN:
SF:src/utils/is/isPropertyType.ts
FN:3,isPropertyType
FNF:1
FNH:1
FNDA:170,isPropertyType
DA:4,170
LF:1
LH:1
BRF:0
BRH:0
end_of_record
TN:
SF:src/utils/is/isSingleBorderToken.ts
FN:8,isSingleBorderToken
FN:22,isSingleBorderTokenInJSON
FNF:2
FNH:1
FNDA:126,isSingleBorderToken
FNDA:0,isSingleBorderTokenInJSON
DA:12,126
DA:13,124
DA:14,124
DA:15,124
DA:23,0
DA:24,0
LF:6
LH:4
BRDA:10,0,0,103
BRDA:12,1,0,2
BRDA:12,1,1,124
BRDA:16,2,0,124
BRDA:16,2,1,1
BRDA:16,2,2,1
BRDA:16,2,3,1
BRDA:23,3,0,0
BRDA:23,3,1,0
BRDA:25,4,0,0
BRDA:25,4,1,0
BRDA:25,4,2,0
BRDA:25,4,3,0
BRF:13
BRH:7
end_of_record
TN:
SF:src/utils/is/isSingleBoxShadowToken.ts
FN:8,isSingleBoxShadowToken
FN:23,isSingleBoxShadowTokenInJSON
FNF:2
FNH:1
FNDA:144,isSingleBoxShadowToken
FNDA:0,isSingleBoxShadowTokenInJSON
DA:12,144
DA:13,140
DA:14,140
DA:15,140
DA:24,0
DA:25,0
LF:6
LH:4
BRDA:10,0,0,117
BRDA:12,1,0,4
BRDA:12,1,1,140
BRDA:16,2,0,140
BRDA:16,2,1,11
BRDA:16,2,2,8
BRDA:16,2,3,5
BRDA:16,2,4,3
BRDA:24,3,0,0
BRDA:24,3,1,0
BRDA:26,4,0,0
BRDA:26,4,1,0
BRDA:26,4,2,0
BRDA:26,4,3,0
BRDA:26,4,4,0
BRF:15
BRH:8
end_of_record
TN:
SF:src/utils/is/isSingleBoxShadowValue.ts
FN:6,isSingleBoxShadowValue
FN:13,(anonymous_1)
FNF:2
FNH:2
FNDA:11,isSingleBoxShadowValue
FNDA:8,(anonymous_1)
DA:7,11
DA:14,8
LF:2
LH:2
BRDA:8,0,0,11
BRDA:8,0,1,9
BRDA:8,0,2,8
BRDA:11,1,0,1
BRDA:11,1,1,7
BRDA:14,2,0,8
BRDA:14,2,1,8
BRDA:14,2,2,7
BRDA:14,2,3,6
BRDA:14,2,4,6
BRDA:14,2,5,0
BRF:11
BRH:10
end_of_record
TN:
SF:src/utils/is/isSingleCompositionToken.ts
FN:8,isSingleCompositionToken
FN:22,isSingleCompositionTokenInJSON
FNF:2
FNH:1
FNDA:119,isSingleCompositionToken
FNDA:0,isSingleCompositionTokenInJSON
DA:12,119
DA:13,115
DA:14,115
DA:15,115
DA:23,0
DA:24,0
LF:6
LH:4
BRDA:10,0,0,109
BRDA:12,1,0,4
BRDA:12,1,1,115
BRDA:16,2,0,115
BRDA:16,2,1,6
BRDA:16,2,2,6
BRDA:16,2,3,5
BRDA:23,3,0,0
BRDA:23,3,1,0
BRDA:25,4,0,0
BRDA:25,4,1,0
BRDA:25,4,2,0
BRDA:25,4,3,0
BRF:13
BRH:7
end_of_record
TN:
SF:src/utils/is/isSingleInternalTokenValueObject.ts
FN:3,isSingleInternalTokenValueObject
FNF:1
FNH:1
FNDA:191,isSingleInternalTokenValueObject
DA:4,191
LF:1
LH:1
BRDA:5,0,0,191
BRDA:5,0,1,191
BRDA:5,0,2,173
BRDA:5,0,3,173
BRDA:5,0,4,173
BRDA:5,0,5,173
BRDA:11,1,0,173
BRDA:11,1,1,0
BRDA:11,1,2,0
BRF:9
BRH:7
end_of_record
TN:
SF:src/utils/is/isSingleToken.ts
FN:3,isSingleToken
FNF:1
FNH:1
FNDA:130,isSingleToken
DA:4,130
LF:1
LH:1
BRDA:5,0,0,130
BRDA:5,0,1,130
BRDA:5,0,2,130
BRDA:5,0,3,97
BRF:4
BRH:4
end_of_record
TN:
SF:src/utils/is/isSingleTokenInJson.ts
FN:4,isSingleTokenInJSON
FNF:1
FNH:1
FNDA:368,isSingleTokenInJSON
DA:5,368
LF:1
LH:1
BRDA:6,0,0,368
BRDA:6,0,1,368
BRDA:6,0,2,366
BRDA:6,0,3,265
BRDA:6,0,4,265
BRDA:6,0,5,265
BRDA:12,1,0,265
BRDA:12,1,1,20
BRDA:12,1,2,20
BRF:9
BRH:9
end_of_record
TN:
SF:src/utils/is/isSingleTokenValueObject.ts
FN:6,isSingleTokenValueObject
FNF:1
FNH:1
FNDA:7,isSingleTokenValueObject
DA:7,7
LF:1
LH:1
BRDA:8,0,0,7
BRDA:8,0,1,6
BRDA:8,0,2,4
BRDA:8,0,3,3
BRDA:8,0,4,3
BRDA:8,0,5,3
BRDA:14,1,0,3
BRDA:14,1,1,0
BRDA:14,1,2,0
BRF:9
BRH:7
end_of_record
TN:
SF:src/utils/is/isSingleTypographyToken.ts
FN:8,isSingleTypographyToken
FN:22,isSingleTypographyTokenInJSON
FNF:2
FNH:1
FNDA:145,isSingleTypographyToken
FNDA:0,isSingleTypographyTokenInJSON
DA:12,145
DA:13,141
DA:14,141
DA:15,141
DA:23,0
DA:24,0
LF:6
LH:4
BRDA:10,0,0,113
BRDA:12,1,0,4
BRDA:12,1,1,141
BRDA:16,2,0,141
BRDA:16,2,1,8
BRDA:16,2,2,6
BRDA:16,2,3,4
BRDA:23,3,0,0
BRDA:23,3,1,0
BRDA:25,4,0,0
BRDA:25,4,1,0
BRDA:25,4,2,0
BRDA:25,4,3,0
BRF:13
BRH:7
end_of_record
TN:
SF:src/utils/is/isSingleTypographyValue.ts
FN:5,isSingleTypographyValue
FN:12,(anonymous_1)
FNF:2
FNH:2
FNDA:8,isSingleTypographyValue
FNDA:5,(anonymous_1)
DA:6,8
DA:13,5
LF:2
LH:2
BRDA:7,0,0,8
BRDA:7,0,1,6
BRDA:7,0,2,5
BRDA:10,1,0,0
BRDA:10,1,1,5
BRDA:13,2,0,5
BRDA:13,2,1,5
BRDA:13,2,2,4
BRDA:13,2,3,1
BRDA:13,2,4,1
BRDA:13,2,5,1
BRDA:13,2,6,1
BRDA:13,2,7,1
BRDA:13,2,8,1
BRDA:13,2,9,1
BRDA:13,2,10,1
BRF:16
BRH:15
end_of_record
TN:
SF:src/utils/is/isTokenGroupWithType.ts
FN:16,isTokenGroupWithType
FNF:1
FNH:1
FNDA:108,isTokenGroupWithType
DA:17,108
LF:1
LH:1
BRDA:18,0,0,108
BRDA:18,0,1,108
BRDA:18,0,2,108
BRDA:18,0,3,4
BRDA:18,0,4,4
BRDA:18,0,5,3
BRDA:18,0,6,106
BRDA:18,0,7,10
BRF:8
BRH:8
end_of_record
TN:
SF:src/utils/is/isTokenType.ts
FN:3,isTokenType
FNF:1
FNH:0
FNDA:0,isTokenType
DA:4,0
LF:1
LH:0
BRF:0
BRH:0
end_of_record
TN:
SF:src/utils/math/checkAndEvaluateMath.ts
FN:14,(anonymous_0)
FN:23,(anonymous_1)
FN:32,(anonymous_2)
FN:41,(anonymous_3)
FN:44,(anonymous_4)
FN:46,(anonymous_5)
FN:52,(anonymous_6)
FN:56,checkAndEvaluateMath
FNF:8
FNH:8
FNDA:4,(anonymous_0)
FNDA:3,(anonymous_1)
FNDA:3,(anonymous_2)
FNDA:5,(anonymous_3)
FNDA:5,(anonymous_4)
FNDA:20,(anonymous_5)
FNDA:5,(anonymous_6)
FNDA:1508,checkAndEvaluateMath
DA:5,81
DA:14,81
DA:23,81
DA:32,81
DA:41,81
DA:42,5
DA:44,5
DA:45,5
DA:46,20
DA:47,5
DA:52,81
DA:53,5
DA:59,1508
DA:60,1508
DA:62,0
DA:65,1508
DA:67,1508
DA:70,1508
DA:71,46
DA:72,46
DA:77,1508
DA:78,1508
DA:80,1263
DA:82,245
DA:83,245
DA:85,8
LF:26
LH:25
BRDA:70,0,0,46
BRDA:70,0,1,1462
BRDA:70,1,0,1508
BRDA:70,1,1,224
BRDA:83,2,0,43
BRDA:83,2,1,202
BRF:6
BRH:6
end_of_record
TN:
SF:src/utils/math/index.ts
FNF:0
FNH:0
LF:0
LH:0
BRF:0
BRH:0
end_of_record
TN:
SF:src/utils/motion/checkReorder.ts
FN:5,checkReorder
FN:10,(anonymous_1)
FN:14,(anonymous_2)
FN:24,(anonymous_3)
FN:26,(anonymous_4)
FNF:5
FNH:4
FNDA:7,checkReorder
FNDA:18,(anonymous_1)
FNDA:8,(anonymous_2)
FNDA:5,(anonymous_3)
FNDA:0,(anonymous_4)
DA:10,18
DA:12,7
DA:14,8
DA:16,5
DA:18,5
DA:19,5
DA:21,5
DA:23,2
DA:24,5
DA:26,0
DA:29,5
DA:31,5
DA:33,1
DA:35,4
DA:36,4
DA:37,4
DA:38,4
DA:42,3
DA:45,1
LF:19
LH:18
BRDA:10,0,0,6
BRDA:12,1,0,2
BRDA:12,1,1,5
BRDA:16,2,0,0
BRDA:16,2,1,5
BRDA:18,3,0,4
BRDA:18,3,1,1
BRDA:21,4,0,2
BRDA:21,4,1,3
BRDA:23,5,0,2
BRDA:23,5,1,0
BRDA:24,6,0,2
BRDA:24,6,1,1
BRDA:26,7,0,0
BRDA:26,7,1,0
BRDA:31,8,0,1
BRDA:31,8,1,4
BRDA:38,9,0,3
BRDA:38,9,1,1
BRDA:39,10,0,4
BRDA:39,10,1,3
BRDA:39,10,2,2
BRDA:39,10,3,1
BRF:23
BRH:19
end_of_record
TN:
SF:src/utils/motion/index.ts
FNF:0
FNH:0
LF:0
LH:0
BRF:0
BRH:0
end_of_record
TN:
SF:src/utils/motion/moveItem.ts
FN:2,moveItem
FNF:1
FNH:1
FNDA:5,moveItem
DA:3,5
DA:5,5
DA:6,5
DA:8,5
DA:9,5
DA:12,5
LF:6
LH:6
BRDA:3,0,0,0
BRDA:3,0,1,5
BRDA:5,1,0,5
BRDA:5,1,1,0
BRDA:5,2,0,5
BRDA:5,2,1,5
BRDA:6,3,0,0
BRDA:6,3,1,5
BRF:8
BRH:5
end_of_record
TN:
SF:src/utils/plugin/index.ts
FNF:0
FNH:0
LF:0
LH:0
BRF:0
BRH:0
end_of_record
TN:
SF:src/utils/plugin/init.ts
FN:7,init
FN:8,(anonymous_1)
FN:23,(anonymous_2)
FNF:3
FNH:2
FNDA:2,init
FNDA:2,(anonymous_1)
FNDA:0,(anonymous_2)
DA:8,2
DA:9,2
DA:15,2
DA:20,1
DA:21,1
DA:24,0
LF:6
LH:5
BRDA:11,0,0,2
BRDA:11,0,1,2
BRDA:12,1,0,2
BRDA:12,1,1,2
BRDA:20,2,0,1
BRDA:20,2,1,0
BRF:6
BRH:5
end_of_record
TN:
SF:src/utils/plugin/startup.ts
FN:15,startup
FNF:1
FNH:1
FNDA:4,startup
DA:33,4
DA:52,4
DA:53,4
DA:54,0
DA:60,4
LF:5
LH:4
BRDA:53,0,0,0
BRDA:53,0,1,4
BRDA:53,1,0,4
BRDA:53,1,1,4
BRDA:68,2,0,4
BRDA:68,2,1,4
BRDA:69,3,0,1
BRDA:69,3,1,3
BRDA:73,4,0,0
BRDA:73,4,1,4
BRF:10
BRH:8
end_of_record
TN:
SF:src/utils/string/index.ts
FNF:0
FNH:0
LF:0
LH:0
BRF:0
BRH:0
end_of_record
TN:
SF:src/utils/string/joinPath.ts
FN:3,joinPath
FN:4,(anonymous_1)
FNF:2
FNH:2
FNDA:107,joinPath
FNDA:121,(anonymous_1)
DA:4,107
DA:5,121
LF:2
LH:2
BRF:0
BRH:0
end_of_record
TN:
SF:src/utils/string/slugify.ts
FN:2,slugify
FNF:1
FNH:1
FNDA:17,slugify
DA:3,17
LF:1
LH:1
BRF:0
BRH:0
end_of_record
TN:
SF:src/utils/string/ui/decodeBase64.ts
FN:1,decodeBase64
FNF:1
FNH:0
FNDA:0,decodeBase64
DA:2,0
DA:3,0
DA:4,0
DA:5,0
DA:6,0
DA:8,0
DA:9,0
LF:7
LH:0
BRF:0
BRH:0
end_of_record
TN:
SF:src/utils/string/ui/index.ts
FNF:0
FNH:0
LF:0
LH:0
BRF:0
BRH:0
end_of_record
TN:
SF:src/utils/tokenset/applyTokenSetOrder.ts
FN:3,applyTokenSetOrder
FN:9,(anonymous_1)
FNF:2
FNH:2
FNDA:68,applyTokenSetOrder
FNDA:2,(anonymous_1)
DA:4,68
DA:5,42
DA:8,26
DA:10,2
DA:11,2
DA:12,2
DA:13,2
DA:14,2
DA:15,2
LF:9
LH:9
BRDA:3,0,0,8
BRDA:3,1,0,42
BRDA:4,2,0,42
BRDA:4,2,1,26
BRDA:4,3,0,68
BRDA:4,3,1,68
BRDA:10,4,0,2
BRDA:10,4,1,0
BRDA:11,5,0,2
BRDA:11,5,1,0
BRDA:12,6,0,0
BRDA:12,6,1,2
BRDA:12,7,0,2
BRDA:12,7,1,0
BRDA:13,8,0,0
BRDA:13,8,1,2
BRDA:13,9,0,2
BRDA:13,9,1,2
BRDA:14,10,0,0
BRDA:14,10,1,2
BRDA:14,11,0,2
BRDA:14,11,1,0
BRDA:14,12,0,0
BRDA:14,12,1,0
BRDA:15,13,0,2
BRDA:15,13,1,0
BRF:26
BRH:16
end_of_record
TN:
SF:src/utils/tokenset/findOrderableTargetIndexesInTokenSetTreeList.tsx
FN:4,findOrderableTargetIndexesInTokenSetTreeList
FN:5,(anonymous_1)
FN:9,(anonymous_2)
FN:11,(anonymous_3)
FNF:4
FNH:4
FNDA:3,findOrderableTargetIndexesInTokenSetTreeList
FNDA:12,(anonymous_1)
FNDA:3,(anonymous_2)
FNDA:8,(anonymous_3)
DA:5,3
DA:6,12
DA:9,3
DA:10,3
DA:11,2
DA:12,8
DA:14,2
DA:16,1
DA:18,3
LF:9
LH:9
BRDA:6,0,0,12
BRDA:6,0,1,9
BRDA:10,1,0,2
BRDA:10,1,1,1
BRDA:12,2,0,2
BRDA:12,2,1,6
BRF:6
BRH:6
end_of_record
TN:
SF:src/utils/tokenset/findParentIndexToInsertSet.ts
FN:3,findParentIndexToInsertSet
FN:4,(anonymous_1)
FN:7,(anonymous_2)
FNF:3
FNH:3
FNDA:9,findParentIndexToInsertSet
FNDA:22,(anonymous_1)
FNDA:22,(anonymous_2)
DA:4,9
DA:5,22
DA:6,22
DA:7,22
DA:8,22
DA:9,4
DA:10,4
DA:16,22
DA:19,9
LF:9
LH:9
BRDA:8,0,0,4
BRDA:8,0,1,18
BRDA:9,1,0,4
BRDA:9,1,1,0
BRF:4
BRH:3
end_of_record
TN:
SF:src/utils/tokenset/index.ts
FNF:0
FNH:0
LF:0
LH:0
BRF:0
BRH:0
end_of_record
TN:
SF:src/utils/tokenset/mapTokensToStyleInfo.ts
FN:4,mapTokensToStyleInfo
FN:15,(anonymous_1)
FN:16,(anonymous_2)
FNF:3
FNH:3
FNDA:5,mapTokensToStyleInfo
FNDA:5,(anonymous_1)
FNDA:9,(anonymous_2)
DA:12,5
DA:14,5
DA:15,5
DA:16,5
DA:17,9
DA:18,9
DA:19,9
DA:20,7
DA:28,5
LF:9
LH:9
BRDA:19,0,0,7
BRDA:19,0,1,2
BRF:2
BRH:2
end_of_record
TN:
SF:src/utils/tokenset/tokenSetListToList.ts
FN:4,tokenSetListToList
FN:5,(anonymous_1)
FNF:2
FNH:2
FNDA:3,tokenSetListToList
FNDA:3,(anonymous_1)
DA:5,3
LF:1
LH:1
BRF:0
BRH:0
end_of_record
TN:
SF:src/utils/tokenset/tokenSetListToTree.ts
FN:13,tokenSetListToTree
FN:14,(anonymous_1)
FN:17,(anonymous_2)
FN:21,(anonymous_3)
FN:23,(anonymous_4)
FN:38,(anonymous_5)
FNF:6
FNH:6
FNDA:32,tokenSetListToTree
FNDA:78,(anonymous_1)
FNDA:83,(anonymous_2)
FNDA:21,(anonymous_3)
FNDA:37,(anonymous_4)
FNDA:13,(anonymous_5)
DA:14,32
DA:15,78
DA:16,78
DA:17,83
DA:19,78
DA:20,19
DA:21,19
DA:22,21
DA:23,37
DA:24,20
DA:37,78
DA:38,13
DA:39,4
DA:49,74
DA:59,78
DA:63,32
LF:16
LH:16
BRDA:16,0,0,23
BRDA:16,0,1,55
BRDA:19,1,0,19
BRDA:19,1,1,59
BRDA:19,2,0,78
BRDA:19,2,1,23
BRDA:23,3,0,20
BRDA:23,3,1,1
BRDA:23,4,0,37
BRDA:23,4,1,1
BRDA:37,5,0,4
BRDA:37,5,1,74
BRF:12
BRH:12
end_of_record
TN:
SF:src/utils/tokenset/updateTokenSetsInState.ts
FN:8,updateTokenSetsInState
FN:15,(anonymous_1)
FN:32,(anonymous_2)
FN:54,(anonymous_3)
FN:65,(anonymous_4)
FN:70,(anonymous_5)
FN:72,(anonymous_6)
FN:89,(anonymous_7)
FN:95,(anonymous_8)
FN:97,(anonymous_9)
FN:97,(anonymous_10)
FN:97,(anonymous_11)
FNF:12
FNH:12
FNDA:21,updateTokenSetsInState
FNDA:52,(anonymous_1)
FNDA:8,(anonymous_2)
FNDA:2,(anonymous_3)
FNDA:8,(anonymous_4)
FNDA:1,(anonymous_5)
FNDA:1,(anonymous_6)
FNDA:8,(anonymous_7)
FNDA:52,(anonymous_8)
FNDA:58,(anonymous_9)
FNDA:52,(anonymous_10)
FNDA:52,(anonymous_11)
DA:13,21
DA:14,21
DA:15,21
DA:16,52
DA:17,37
DA:18,37
DA:19,29
DA:20,8
DA:22,29
DA:24,8
DA:27,15
DA:29,52
DA:32,21
DA:33,8
DA:34,8
DA:37,21
DA:38,21
DA:39,5
DA:40,4
DA:41,4
DA:43,1
DA:45,16
DA:46,5
DA:49,21
DA:50,21
DA:51,21
DA:52,6
DA:53,6
DA:54,6
DA:64,21
DA:65,7
DA:66,8
DA:67,8
DA:68,8
DA:70,7
DA:71,1
DA:72,1
DA:73,1
DA:74,1
DA:77,1
DA:78,1
DA:81,1
DA:88,21
DA:89,8
DA:90,8
DA:94,21
DA:95,52
DA:96,21
DA:97,58
DA:98,52
DA:101,21
LF:51
LH:51
BRDA:16,0,0,37
BRDA:16,0,1,15
BRDA:18,1,0,29
BRDA:18,1,1,8
BRDA:19,2,0,8
BRDA:19,2,1,21
BRDA:33,3,0,3
BRDA:33,3,1,5
BRDA:34,4,0,8
BRDA:34,4,1,4
BRDA:38,5,0,5
BRDA:38,5,1,16
BRDA:39,6,0,4
BRDA:39,6,1,1
BRDA:45,7,0,5
BRDA:45,7,1,11
BRDA:51,8,0,6
BRDA:51,8,1,15
BRDA:64,9,0,7
BRDA:64,9,1,14
BRDA:66,10,0,8
BRDA:66,10,1,3
BRDA:77,11,0,1
BRDA:77,11,1,0
BRDA:88,12,0,8
BRDA:88,12,1,13
BRF:26
BRH:25
end_of_record
