TN:
SF:src/AsyncMessageChannel.ts
FN:40,(anonymous_0)
FN:44,(anonymous_1)
FN:46,(anonymous_2)
FN:53,(anonymous_3)
FN:56,(anonymous_4)
FN:63,(anonymous_5)
FN:66,(anonymous_6)
FN:67,(anonymous_7)
FN:111,(anonymous_8)
FN:118,(anonymous_9)
FN:123,(anonymous_10)
FN:124,(anonymous_11)
FNF:12
FNH:1
FNDA:2,(anonymous_0)
FNDA:0,(anonymous_1)
FNDA:0,(anonymous_2)
FNDA:0,(anonymous_3)
FNDA:0,(anonymous_4)
FNDA:0,(anonymous_5)
FNDA:0,(anonymous_6)
FNDA:0,(anonymous_7)
FNDA:0,(anonymous_8)
FNDA:0,(anonymous_9)
FNDA:0,(anonymous_10)
FNDA:0,(anonymous_11)
DA:32,1
DA:34,1
DA:36,2
DA:38,2
DA:41,2
DA:45,0
DA:46,0
DA:47,0
DA:48,0
DA:49,0
DA:52,0
DA:53,0
DA:56,0
DA:57,0
DA:58,0
DA:59,0
DA:62,0
DA:63,0
DA:67,0
DA:69,0
DA:72,0
DA:74,0
DA:75,0
DA:76,0
DA:79,0
DA:80,0
DA:84,0
DA:85,0
DA:90,0
DA:95,0
DA:96,0
DA:97,0
DA:102,0
DA:115,0
DA:119,0
DA:123,0
DA:124,0
DA:125,0
DA:126,0
DA:127,0
DA:129,0
DA:131,0
DA:133,0
DA:136,0
DA:137,0
DA:139,0
DA:144,0
DA:148,1
LF:48
LH:6
BRDA:45,0,0,0
BRDA:45,0,1,0
BRDA:48,1,0,0
BRDA:48,1,1,0
BRDA:48,2,0,0
BRDA:48,2,1,0
BRDA:48,2,2,0
BRDA:58,3,0,0
BRDA:58,3,1,0
BRDA:58,4,0,0
BRDA:58,4,1,0
BRDA:58,4,2,0
BRDA:69,5,0,0
BRDA:69,5,1,0
BRDA:69,6,0,0
BRDA:69,6,1,0
BRDA:69,6,2,0
BRDA:69,6,3,0
BRDA:75,7,0,0
BRDA:75,7,1,0
BRDA:80,8,0,0
BRDA:80,8,1,0
BRDA:84,9,0,0
BRDA:84,9,1,0
BRDA:96,10,0,0
BRDA:96,10,1,0
BRDA:125,11,0,0
BRDA:125,11,1,0
BRDA:126,12,0,0
BRDA:126,12,1,0
BRDA:136,13,0,0
BRDA:136,13,1,0
BRDA:148,14,0,1
BRDA:148,14,1,0
BRF:34
BRH:1
end_of_record
TN:
SF:src/AsyncMessageChannelPreview.ts
FN:35,(anonymous_0)
FN:40,(anonymous_1)
FN:46,(anonymous_2)
FN:50,(anonymous_3)
FN:54,(anonymous_4)
FN:102,(anonymous_5)
FN:117,(anonymous_6)
FN:121,(anonymous_7)
FN:125,(anonymous_8)
FN:129,(anonymous_9)
FN:129,(anonymous_10)
FN:130,(anonymous_11)
FN:140,(anonymous_12)
FN:145,(anonymous_13)
FN:155,(anonymous_14)
FN:161,(anonymous_15)
FN:174,(anonymous_16)
FN:178,(anonymous_17)
FN:181,(anonymous_18)
FN:183,(anonymous_19)
FN:190,(anonymous_20)
FN:197,(anonymous_21)
FN:251,(anonymous_22)
FN:259,(anonymous_23)
FN:263,(anonymous_24)
FN:268,(anonymous_25)
FN:270,(anonymous_26)
FNF:27
FNH:1
FNDA:0,(anonymous_0)
FNDA:0,(anonymous_1)
FNDA:0,(anonymous_2)
FNDA:0,(anonymous_3)
FNDA:0,(anonymous_4)
FNDA:2,(anonymous_5)
FNDA:0,(anonymous_6)
FNDA:0,(anonymous_7)
FNDA:0,(anonymous_8)
FNDA:0,(anonymous_9)
FNDA:0,(anonymous_10)
FNDA:0,(anonymous_11)
FNDA:0,(anonymous_12)
FNDA:0,(anonymous_13)
FNDA:0,(anonymous_14)
FNDA:0,(anonymous_15)
FNDA:0,(anonymous_16)
FNDA:0,(anonymous_17)
FNDA:0,(anonymous_18)
FNDA:0,(anonymous_19)
FNDA:0,(anonymous_20)
FNDA:0,(anonymous_21)
FNDA:0,(anonymous_22)
FNDA:0,(anonymous_23)
FNDA:0,(anonymous_24)
FNDA:0,(anonymous_25)
FNDA:0,(anonymous_26)
DA:33,1
DA:35,1
DA:36,0
DA:37,0
DA:38,0
DA:40,0
DA:41,0
DA:46,1
DA:47,0
DA:50,1
DA:51,0
DA:54,1
DA:55,0
DA:56,0
DA:57,0
DA:58,0
DA:59,0
DA:62,0
DA:63,0
DA:65,0
DA:86,1
DA:88,1
DA:90,2
DA:92,2
DA:94,2
DA:96,2
DA:98,2
DA:100,2
DA:103,2
DA:104,2
DA:105,1
DA:106,1
DA:107,0
DA:109,1
DA:112,2
DA:113,0
DA:117,2
DA:118,0
DA:121,2
DA:122,0
DA:126,0
DA:129,0
DA:130,0
DA:131,0
DA:132,0
DA:133,0
DA:137,0
DA:141,0
DA:143,0
DA:144,0
DA:145,0
DA:149,0
DA:152,0
DA:155,0
DA:157,0
DA:158,0
DA:159,0
DA:161,0
DA:162,0
DA:163,0
DA:164,0
DA:169,0
DA:175,0
DA:176,0
DA:177,0
DA:178,0
DA:179,0
DA:181,0
DA:182,0
DA:183,0
DA:184,0
DA:185,0
DA:190,0
DA:191,0
DA:192,0
DA:197,2
DA:199,0
DA:201,0
DA:202,0
DA:203,0
DA:205,0
DA:207,0
DA:209,0
DA:211,0
DA:212,0
DA:213,0
DA:214,0
DA:216,0
DA:218,0
DA:220,0
DA:221,0
DA:224,0
DA:225,0
DA:227,0
DA:228,0
DA:232,0
DA:233,0
DA:235,0
DA:238,0
DA:239,0
DA:240,0
DA:245,0
DA:252,0
DA:253,0
DA:256,0
DA:260,0
DA:264,0
DA:268,0
DA:269,0
DA:271,0
DA:272,0
DA:273,0
DA:275,0
DA:277,0
DA:279,0
DA:283,0
DA:285,0
DA:286,0
DA:289,0
DA:290,0
DA:292,0
DA:294,0
DA:297,0
DA:298,0
DA:301,0
DA:304,0
LF:126
LH:22
BRDA:37,0,0,0
BRDA:37,0,1,0
BRDA:37,1,0,0
BRDA:37,1,1,0
BRDA:57,2,0,0
BRDA:57,2,1,0
BRDA:104,3,0,1
BRDA:104,3,1,1
BRDA:106,4,0,0
BRDA:106,4,1,1
BRDA:112,5,0,0
BRDA:112,5,1,2
BRDA:129,6,0,0
BRDA:132,7,0,0
BRDA:132,7,1,0
BRDA:132,8,0,0
BRDA:132,8,1,0
BRDA:132,8,2,0
BRDA:141,9,0,0
BRDA:141,9,1,0
BRDA:141,9,2,0
BRDA:141,9,3,0
BRDA:149,10,0,0
BRDA:149,10,1,0
BRDA:158,11,0,0
BRDA:158,11,1,0
BRDA:163,12,0,0
BRDA:163,12,1,0
BRDA:175,13,0,0
BRDA:175,13,1,0
BRDA:191,14,0,0
BRDA:191,14,1,0
BRDA:199,15,0,0
BRDA:199,15,1,0
BRDA:199,16,0,0
BRDA:199,16,1,0
BRDA:199,16,2,0
BRDA:199,16,3,0
BRDA:201,17,0,0
BRDA:201,17,1,0
BRDA:201,18,0,0
BRDA:201,18,1,0
BRDA:202,19,0,0
BRDA:202,19,1,0
BRDA:212,20,0,0
BRDA:212,20,1,0
BRDA:212,21,0,0
BRDA:212,21,1,0
BRDA:213,22,0,0
BRDA:213,22,1,0
BRDA:220,23,0,0
BRDA:220,23,1,0
BRDA:225,24,0,0
BRDA:225,24,1,0
BRDA:227,25,0,0
BRDA:227,25,1,0
BRDA:232,26,0,0
BRDA:232,26,1,0
BRDA:239,27,0,0
BRDA:239,27,1,0
BRDA:252,28,0,0
BRDA:252,28,1,0
BRDA:252,29,0,0
BRDA:252,29,1,0
BRDA:271,30,0,0
BRDA:271,30,1,0
BRDA:272,31,0,0
BRDA:272,31,1,0
BRDA:283,32,0,0
BRDA:283,32,1,0
BRDA:283,32,2,0
BRDA:283,32,3,0
BRDA:289,33,0,0
BRDA:289,33,1,0
BRF:74
BRH:4
end_of_record
TN:
SF:src/stitches.config.ts
FNF:0
FNH:0
DA:5,0
DA:46,0
DA:48,0
DA:59,0
LF:4
LH:0
BRF:0
BRH:0
end_of_record
TN:
SF:src/supabase.ts
FN:37,(anonymous_0)
FN:44,(anonymous_1)
FN:53,(anonymous_2)
FN:60,(anonymous_3)
FN:69,(anonymous_4)
FN:77,(anonymous_5)
FN:87,(anonymous_6)
FN:110,(anonymous_7)
FN:124,(anonymous_8)
FN:129,(anonymous_9)
FN:153,(anonymous_10)
FN:159,(anonymous_11)
FN:176,(anonymous_12)
FN:183,(anonymous_13)
FN:206,(anonymous_14)
FNF:15
FNH:0
FNDA:0,(anonymous_0)
FNDA:0,(anonymous_1)
FNDA:0,(anonymous_2)
FNDA:0,(anonymous_3)
FNDA:0,(anonymous_4)
FNDA:0,(anonymous_5)
FNDA:0,(anonymous_6)
FNDA:0,(anonymous_7)
FNDA:0,(anonymous_8)
FNDA:0,(anonymous_9)
FNDA:0,(anonymous_10)
FNDA:0,(anonymous_11)
FNDA:0,(anonymous_12)
FNDA:0,(anonymous_13)
FNDA:0,(anonymous_14)
DA:10,0
DA:31,0
DA:38,0
DA:39,0
DA:40,0
DA:41,0
DA:45,0
DA:46,0
DA:47,0
DA:48,0
DA:49,0
DA:50,0
DA:54,0
DA:61,0
DA:62,0
DA:66,0
DA:70,0
DA:71,0
DA:72,0
DA:73,0
DA:74,0
DA:78,0
DA:79,0
DA:80,0
DA:81,0
DA:82,0
DA:83,0
DA:86,0
DA:87,0
DA:88,0
DA:89,0
DA:90,0
DA:93,0
DA:94,0
DA:95,0
DA:100,0
DA:104,0
DA:111,0
DA:112,0
DA:113,0
DA:115,0
DA:116,0
DA:118,0
DA:121,0
DA:125,0
DA:126,0
DA:130,0
DA:131,0
DA:133,0
DA:137,0
DA:138,0
DA:141,0
DA:142,0
DA:144,0
DA:145,0
DA:146,0
DA:148,0
DA:149,0
DA:154,0
DA:155,0
DA:159,0
DA:161,0
DA:162,0
DA:165,0
DA:166,0
DA:169,0
DA:170,0
DA:172,0
DA:177,0
DA:178,0
DA:179,0
DA:183,0
DA:185,0
DA:186,0
DA:188,0
DA:189,0
DA:192,0
DA:193,0
DA:195,0
DA:207,0
DA:211,0
LF:81
LH:0
BRDA:46,0,0,0
BRDA:46,0,1,0
BRDA:47,1,0,0
BRDA:47,1,1,0
BRDA:89,2,0,0
BRDA:89,2,1,0
BRDA:93,3,0,0
BRDA:93,3,1,0
BRDA:113,4,0,0
BRDA:113,4,1,0
BRDA:115,5,0,0
BRDA:115,5,1,0
BRDA:131,6,0,0
BRDA:131,6,1,0
BRDA:137,7,0,0
BRDA:137,7,1,0
BRDA:144,8,0,0
BRDA:144,8,1,0
BRDA:146,9,0,0
BRDA:146,9,1,0
BRDA:161,10,0,0
BRDA:161,10,1,0
BRDA:177,11,0,0
BRDA:177,11,1,0
BRDA:185,12,0,0
BRDA:185,12,1,0
BRDA:206,13,0,0
BRDA:211,14,0,0
BRDA:211,14,1,0
BRDA:211,15,0,0
BRDA:211,15,1,0
BRF:31
BRH:0
end_of_record
TN:
SF:src/wdyr.ts
FNF:0
FNH:0
DA:5,0
LF:1
LH:0
BRF:0
BRH:0
end_of_record
TN:
SF:src/app/index.tsx
FNF:0
FNH:0
DA:12,0
DA:13,0
DA:15,0
DA:16,0
DA:18,0
LF:5
LH:0
BRF:0
BRH:0
end_of_record
TN:
SF:src/app/sentry.ts
FN:18,(anonymous_0)
FN:19,(anonymous_1)
FN:35,(anonymous_2)
FNF:3
FNH:0
FNDA:0,(anonymous_0)
FNDA:0,(anonymous_1)
FNDA:0,(anonymous_2)
DA:5,0
DA:8,0
DA:9,0
DA:10,0
DA:12,0
DA:18,0
DA:19,0
DA:20,0
DA:21,0
DA:23,0
DA:24,0
DA:26,0
DA:30,0
DA:35,0
DA:36,0
DA:40,0
DA:52,0
DA:53,0
DA:55,0
LF:19
LH:0
BRDA:8,0,0,0
BRDA:8,0,1,0
BRDA:9,1,0,0
BRDA:9,1,1,0
BRDA:10,2,0,0
BRDA:10,2,1,0
BRDA:23,3,0,0
BRDA:23,3,1,0
BRDA:24,4,0,0
BRDA:24,4,1,0
BRDA:36,5,0,0
BRDA:36,5,1,0
BRDA:36,5,2,0
BRDA:36,5,3,0
BRF:14
BRH:0
end_of_record
TN:
SF:src/app/store.ts
FN:20,(anonymous_0)
FNF:1
FNH:0
FNDA:0,(anonymous_0)
DA:14,0
DA:20,0
DA:26,0
LF:3
LH:0
BRF:0
BRH:0
end_of_record
TN:
SF:src/app/assets/hints/images.ts
FNF:0
FNH:0
LF:0
LH:0
BRF:0
BRH:0
end_of_record
TN:
SF:src/app/asyncMessageHandlers/getThemeInfo.ts
FN:12,(anonymous_0)
FNF:1
FNH:0
FNDA:0,(anonymous_0)
DA:12,0
DA:13,0
DA:14,0
DA:15,0
DA:17,0
LF:5
LH:0
BRF:0
BRH:0
end_of_record
TN:
SF:src/app/asyncMessageHandlers/index.ts
FNF:0
FNH:0
LF:0
LH:0
BRF:0
BRH:0
end_of_record
TN:
SF:src/app/asyncMessageHandlers/startup.tsx
FN:19,(anonymous_0)
FN:25,(anonymous_1)
FN:29,(anonymous_2)
FN:30,(anonymous_3)
FN:34,(anonymous_4)
FN:35,(anonymous_5)
FN:56,(anonymous_6)
FNF:7
FNH:0
FNDA:0,(anonymous_0)
FNDA:0,(anonymous_1)
FNDA:0,(anonymous_2)
FNDA:0,(anonymous_3)
FNDA:0,(anonymous_4)
FNDA:0,(anonymous_5)
FNDA:0,(anonymous_6)
DA:17,0
DA:19,0
DA:20,0
DA:21,0
DA:22,0
DA:23,0
DA:25,0
DA:26,0
DA:29,0
DA:30,0
DA:31,0
DA:34,0
DA:35,0
DA:40,0
DA:49,0
DA:56,0
DA:57,0
DA:61,0
DA:62,0
LF:19
LH:0
BRDA:26,0,0,0
BRDA:26,0,1,0
BRDA:26,0,2,0
BRDA:40,1,0,0
BRDA:40,1,1,0
BRDA:49,2,0,0
BRDA:49,2,1,0
BRF:7
BRH:0
end_of_record
TN:
SF:src/app/components/AnnotationBuilder.tsx
FN:13,AnnotationBuilder
FN:17,(anonymous_1)
FN:21,(anonymous_2)
FN:25,(anonymous_3)
FN:29,(anonymous_4)
FNF:5
FNH:0
FNDA:0,AnnotationBuilder
FNDA:0,(anonymous_1)
FNDA:0,(anonymous_2)
FNDA:0,(anonymous_3)
FNDA:0,(anonymous_4)
DA:14,0
DA:15,0
DA:17,0
DA:18,0
DA:21,0
DA:22,0
DA:25,0
DA:26,0
DA:29,0
DA:30,0
DA:33,0
LF:11
LH:0
BRDA:33,0,0,0
BRDA:33,0,1,0
BRF:2
BRH:0
end_of_record
TN:
SF:src/app/components/App.tsx
FN:18,App
FNF:1
FNH:0
FNDA:0,App
DA:19,0
DA:21,0
LF:2
LH:0
BRDA:31,0,0,0
BRDA:31,0,1,0
BRDA:50,1,0,0
BRDA:50,1,1,0
BRDA:51,2,0,0
BRDA:51,2,1,0
BRDA:51,2,2,0
BRDA:52,3,0,0
BRDA:52,3,1,0
BRDA:54,4,0,0
BRDA:54,4,1,0
BRDA:55,5,0,0
BRDA:55,5,1,0
BRDA:56,6,0,0
BRDA:56,6,1,0
BRDA:58,7,0,0
BRDA:58,7,1,0
BRDA:58,7,2,0
BRF:18
BRH:0
end_of_record
TN:
SF:src/app/components/ApplySelector.tsx
FN:16,ApplySelector
FN:24,(anonymous_1)
FN:28,(anonymous_2)
FN:32,(anonymous_3)
FN:36,(anonymous_4)
FN:40,(anonymous_5)
FNF:6
FNH:0
FNDA:0,ApplySelector
FNDA:0,(anonymous_1)
FNDA:0,(anonymous_2)
FNDA:0,(anonymous_3)
FNDA:0,(anonymous_4)
FNDA:0,(anonymous_5)
DA:17,0
DA:18,0
DA:20,0
DA:22,0
DA:24,0
DA:25,0
DA:28,0
DA:29,0
DA:32,0
DA:33,0
DA:36,0
DA:37,0
DA:40,0
DA:41,0
DA:44,0
LF:15
LH:0
BRF:0
BRH:0
end_of_record
TN:
SF:src/app/components/BorderTokenDownShiftInput.tsx
FN:9,BorderTokenDownShiftInput
FN:30,(anonymous_1)
FN:40,(anonymous_2)
FN:43,(anonymous_3)
FNF:4
FNH:0
FNDA:0,BorderTokenDownShiftInput
FNDA:0,(anonymous_1)
FNDA:0,(anonymous_2)
FNDA:0,(anonymous_3)
DA:28,0
DA:30,0
DA:31,0
DA:32,0
DA:33,0
DA:35,0
DA:39,0
DA:40,0
DA:43,0
DA:45,0
DA:46,0
DA:52,0
LF:12
LH:0
BRDA:28,0,0,0
BRDA:28,0,1,0
BRDA:31,1,0,0
BRDA:31,1,1,0
BRDA:31,2,0,0
BRDA:31,2,1,0
BRDA:31,2,2,0
BRDA:33,3,0,0
BRDA:33,3,1,0
BRDA:35,4,0,0
BRDA:35,4,1,0
BRDA:64,5,0,0
BRDA:64,5,1,0
BRF:13
BRH:0
end_of_record
TN:
SF:src/app/components/BorderTokenForm.tsx
FN:24,BorderTokenForm
FN:50,(anonymous_1)
FN:53,(anonymous_2)
FN:59,(anonymous_3)
FN:61,(anonymous_4)
FN:67,(anonymous_5)
FN:97,(anonymous_6)
FNF:7
FNH:0
FNDA:0,BorderTokenForm
FNDA:0,(anonymous_1)
FNDA:0,(anonymous_2)
FNDA:0,(anonymous_3)
FNDA:0,(anonymous_4)
FNDA:0,(anonymous_5)
FNDA:0,(anonymous_6)
DA:18,0
DA:43,0
DA:44,0
DA:45,0
DA:46,0
DA:47,0
DA:48,0
DA:50,0
DA:51,0
DA:52,0
DA:53,0
DA:54,0
DA:56,0
DA:59,0
DA:60,0
DA:62,0
DA:67,0
DA:68,0
DA:69,0
DA:71,0
DA:72,0
DA:75,0
DA:98,0
LF:23
LH:0
BRDA:44,0,0,0
BRDA:44,0,1,0
BRDA:45,1,0,0
BRDA:45,1,1,0
BRDA:52,2,0,0
BRDA:52,2,1,0
BRDA:52,3,0,0
BRDA:52,3,1,0
BRDA:54,4,0,0
BRDA:54,4,1,0
BRDA:68,5,0,0
BRDA:68,5,1,0
BRDA:68,6,0,0
BRDA:68,6,1,0
BRDA:69,7,0,0
BRDA:69,7,1,0
BRDA:71,8,0,0
BRDA:71,8,1,0
BRDA:79,9,0,0
BRDA:79,9,1,0
BRDA:95,10,0,0
BRDA:95,10,1,0
BRDA:95,11,0,0
BRDA:95,11,1,0
BRDA:97,12,0,0
BRDA:97,12,1,0
BRDA:102,13,0,0
BRDA:102,13,1,0
BRDA:110,14,0,0
BRDA:110,14,1,0
BRDA:110,14,2,0
BRDA:112,15,0,0
BRDA:112,15,1,0
BRDA:122,16,0,0
BRDA:122,16,1,0
BRDA:135,17,0,0
BRDA:135,17,1,0
BRDA:135,17,2,0
BRDA:135,17,3,0
BRF:39
BRH:0
end_of_record
TN:
SF:src/app/components/Box.tsx
FNF:0
FNH:0
DA:3,0
LF:1
LH:0
BRF:0
BRH:0
end_of_record
TN:
SF:src/app/components/BoxShadowInput.tsx
FN:22,BoxShadowInput
FN:42,(anonymous_1)
FN:48,(anonymous_2)
FN:51,(anonymous_3)
FN:57,(anonymous_4)
FN:63,(anonymous_5)
FN:73,(anonymous_6)
FN:75,(anonymous_7)
FN:120,(anonymous_8)
FNF:9
FNH:0
FNDA:0,BoxShadowInput
FNDA:0,(anonymous_1)
FNDA:0,(anonymous_2)
FNDA:0,(anonymous_3)
FNDA:0,(anonymous_4)
FNDA:0,(anonymous_5)
FNDA:0,(anonymous_6)
FNDA:0,(anonymous_7)
FNDA:0,(anonymous_8)
DA:37,0
DA:38,0
DA:39,0
DA:40,0
DA:42,0
DA:43,0
DA:44,0
DA:45,0
DA:48,0
DA:49,0
DA:50,0
DA:51,0
DA:52,0
DA:54,0
DA:57,0
DA:58,0
DA:59,0
DA:60,0
DA:63,0
DA:64,0
DA:65,0
DA:66,0
DA:67,0
DA:68,0
DA:69,0
DA:73,0
DA:74,0
DA:75,0
DA:79,0
DA:121,0
LF:30
LH:0
BRDA:38,0,0,0
BRDA:38,0,1,0
BRDA:39,1,0,0
BRDA:39,1,1,0
BRDA:43,2,0,0
BRDA:43,2,1,0
BRDA:49,3,0,0
BRDA:49,3,1,0
BRDA:50,4,0,0
BRDA:50,4,1,0
BRDA:50,5,0,0
BRDA:50,5,1,0
BRDA:52,6,0,0
BRDA:52,6,1,0
BRDA:58,7,0,0
BRDA:58,7,1,0
BRDA:58,8,0,0
BRDA:58,8,1,0
BRDA:59,9,0,0
BRDA:59,9,1,0
BRDA:64,10,0,0
BRDA:64,10,1,0
BRDA:66,11,0,0
BRDA:66,11,1,0
BRDA:66,12,0,0
BRDA:66,12,1,0
BRDA:68,13,0,0
BRDA:68,13,1,0
BRDA:74,14,0,0
BRDA:74,14,1,0
BRDA:74,15,0,0
BRDA:74,15,1,0
BRDA:84,16,0,0
BRDA:84,16,1,0
BRDA:117,17,0,0
BRDA:117,17,1,0
BRDA:119,18,0,0
BRDA:119,18,1,0
BRDA:152,19,0,0
BRDA:152,19,1,0
BRDA:164,20,0,0
BRDA:164,20,1,0
BRDA:164,20,2,0
BRDA:164,20,3,0
BRDA:164,20,4,0
BRF:45
BRH:0
end_of_record
TN:
SF:src/app/components/BranchSelector.tsx
FN:38,(anonymous_0)
FN:39,(anonymous_1)
FN:52,BranchSelector
FN:73,(anonymous_3)
FN:77,(anonymous_4)
FN:90,(anonymous_5)
FN:98,(anonymous_6)
FN:112,(anonymous_7)
FN:131,(anonymous_8)
FN:150,(anonymous_9)
FN:162,(anonymous_10)
FN:197,(anonymous_11)
FN:218,(anonymous_12)
FNF:13
FNH:0
FNDA:0,(anonymous_0)
FNDA:0,(anonymous_1)
FNDA:0,BranchSelector
FNDA:0,(anonymous_3)
FNDA:0,(anonymous_4)
FNDA:0,(anonymous_5)
FNDA:0,(anonymous_6)
FNDA:0,(anonymous_7)
FNDA:0,(anonymous_8)
FNDA:0,(anonymous_9)
FNDA:0,(anonymous_10)
FNDA:0,(anonymous_11)
FNDA:0,(anonymous_12)
DA:38,0
DA:39,0
DA:41,0
DA:53,0
DA:54,0
DA:55,0
DA:56,0
DA:57,0
DA:58,0
DA:60,0
DA:61,0
DA:62,0
DA:63,0
DA:64,0
DA:65,0
DA:66,0
DA:67,0
DA:68,0
DA:69,0
DA:70,0
DA:71,0
DA:73,0
DA:74,0
DA:77,0
DA:78,0
DA:84,0
DA:85,0
DA:87,0
DA:90,0
DA:91,0
DA:92,0
DA:93,0
DA:94,0
DA:97,0
DA:99,0
DA:101,0
DA:102,0
DA:105,0
DA:106,0
DA:111,0
DA:113,0
DA:114,0
DA:115,0
DA:116,0
DA:117,0
DA:120,0
DA:124,0
DA:130,0
DA:132,0
DA:133,0
DA:134,0
DA:135,0
DA:138,0
DA:149,0
DA:151,0
DA:152,0
DA:153,0
DA:154,0
DA:155,0
DA:156,0
DA:162,0
DA:163,0
DA:166,0
DA:198,0
DA:219,0
LF:65
LH:0
BRDA:84,0,0,0
BRDA:84,0,1,0
BRDA:93,1,0,0
BRDA:93,1,1,0
BRDA:101,2,0,0
BRDA:101,2,1,0
BRDA:101,3,0,0
BRDA:101,3,1,0
BRDA:113,4,0,0
BRDA:113,4,1,0
BRDA:113,5,0,0
BRDA:113,5,1,0
BRDA:133,6,0,0
BRDA:133,6,1,0
BRDA:134,7,0,0
BRDA:134,7,1,0
BRDA:153,8,0,0
BRDA:153,8,1,0
BRDA:153,9,0,0
BRDA:153,9,1,0
BRDA:154,10,0,0
BRDA:154,10,1,0
BRDA:166,11,0,0
BRDA:166,11,1,0
BRDA:188,12,0,0
BRDA:188,12,1,0
BRDA:196,13,0,0
BRDA:196,13,1,0
BRDA:207,14,0,0
BRDA:207,14,1,0
BRDA:217,15,0,0
BRDA:217,15,1,0
BRDA:230,16,0,0
BRDA:230,16,1,0
BRDA:230,16,2,0
BRF:35
BRH:0
end_of_record
TN:
SF:src/app/components/BranchSwitchMenuRadioElement.tsx
FN:11,(anonymous_0)
FN:16,(anonymous_1)
FNF:2
FNH:0
FNDA:0,(anonymous_0)
FNDA:0,(anonymous_1)
DA:11,0
DA:16,0
DA:18,0
LF:3
LH:0
BRF:0
BRH:0
end_of_record
TN:
SF:src/app/components/BrokenReferenceIndicator.tsx
FN:10,BrokenReferenceIndicator
FN:13,(anonymous_1)
FN:14,(anonymous_2)
FNF:3
FNH:0
FNDA:0,BrokenReferenceIndicator
FNDA:0,(anonymous_1)
FNDA:0,(anonymous_2)
DA:11,0
DA:13,0
DA:14,0
DA:17,0
DA:18,0
DA:22,0
LF:6
LH:0
BRDA:17,0,0,0
BRDA:17,0,1,0
BRF:2
BRH:0
end_of_record
TN:
SF:src/app/components/Callout.tsx
FN:17,Callout
FNF:1
FNH:0
FNDA:0,Callout
DA:20,0
LF:1
LH:0
BRF:0
BRH:0
end_of_record
TN:
SF:src/app/components/ChangeStateListingHeading.tsx
FN:39,ChangeStateListingHeading
FN:46,(anonymous_1)
FNF:2
FNH:0
FNDA:0,ChangeStateListingHeading
FNDA:0,(anonymous_1)
DA:19,0
DA:46,0
DA:47,0
DA:50,0
LF:4
LH:0
BRDA:58,0,0,0
BRDA:58,0,1,0
BRDA:60,1,0,0
BRDA:60,1,1,0
BRF:4
BRH:0
end_of_record
TN:
SF:src/app/components/ChangedStateList.tsx
FN:9,ChangedStateList
FN:17,(anonymous_1)
FN:28,(anonymous_2)
FN:36,(anonymous_3)
FN:40,(anonymous_4)
FN:51,(anonymous_5)
FNF:6
FNH:0
FNDA:0,ChangedStateList
FNDA:0,(anonymous_1)
FNDA:0,(anonymous_2)
FNDA:0,(anonymous_3)
FNDA:0,(anonymous_4)
FNDA:0,(anonymous_5)
DA:10,0
DA:11,0
DA:12,0
DA:13,0
DA:15,0
DA:17,0
DA:18,0
DA:19,0
DA:20,0
DA:21,0
DA:23,0
DA:24,0
DA:26,0
DA:27,0
DA:28,0
DA:30,0
DA:34,0
DA:37,0
DA:41,0
DA:52,0
LF:20
LH:0
BRDA:15,0,0,0
BRDA:15,0,1,0
BRDA:19,1,0,0
BRDA:19,1,1,0
BRDA:20,2,0,0
BRDA:20,2,1,0
BRDA:27,3,0,0
BRDA:27,3,1,0
BRDA:36,4,0,0
BRDA:36,4,1,0
BRDA:39,5,0,0
BRDA:39,5,1,0
BRDA:39,5,2,0
BRDA:47,6,0,0
BRDA:47,6,1,0
BRDA:50,7,0,0
BRDA:50,7,1,0
BRDA:62,8,0,0
BRDA:62,8,1,0
BRDA:69,9,0,0
BRDA:69,9,1,0
BRDA:69,9,2,0
BRDA:71,10,0,0
BRDA:71,10,1,0
BRDA:82,11,0,0
BRDA:82,11,1,0
BRDA:82,11,2,0
BRDA:85,12,0,0
BRDA:85,12,1,0
BRF:29
BRH:0
end_of_record
TN:
SF:src/app/components/ChangedTokenItem.tsx
FN:8,ChangedTokenItem
FNF:1
FNH:0
FNDA:0,ChangedTokenItem
DA:13,0
DA:15,0
LF:2
LH:0
BRDA:17,0,0,0
BRDA:17,0,1,0
BRDA:20,1,0,0
BRDA:20,1,1,0
BRDA:20,1,2,0
BRDA:20,1,3,0
BRDA:24,2,0,0
BRDA:24,2,1,0
BRDA:26,3,0,0
BRDA:26,3,1,0
BRDA:30,4,0,0
BRDA:30,4,1,0
BRDA:36,5,0,0
BRDA:36,5,1,0
BRDA:36,5,2,0
BRDA:36,5,3,0
BRDA:36,5,4,0
BRDA:40,6,0,0
BRDA:40,6,1,0
BRDA:52,7,0,0
BRDA:52,7,1,0
BRF:21
BRH:0
end_of_record
TN:
SF:src/app/components/Changelog.tsx
FN:21,Changelog
FN:28,(anonymous_1)
FN:32,(anonymous_2)
FN:36,(anonymous_3)
FN:44,(anonymous_4)
FNF:5
FNH:0
FNDA:0,Changelog
FNDA:0,(anonymous_1)
FNDA:0,(anonymous_2)
FNDA:0,(anonymous_3)
FNDA:0,(anonymous_4)
DA:11,0
DA:16,0
DA:22,0
DA:23,0
DA:24,0
DA:26,0
DA:28,0
DA:29,0
DA:32,0
DA:33,0
DA:36,0
DA:37,0
DA:40,0
DA:45,0
LF:14
LH:0
BRDA:41,0,0,0
BRDA:41,0,1,0
BRDA:51,1,0,0
BRDA:51,1,1,0
BRDA:53,2,0,0
BRDA:53,2,1,0
BRDA:56,3,0,0
BRDA:56,3,1,0
BRDA:62,4,0,0
BRDA:62,4,1,0
BRDA:73,5,0,0
BRDA:73,5,1,0
BRDA:78,6,0,0
BRDA:78,6,1,0
BRF:14
BRH:0
end_of_record
TN:
SF:src/app/components/ColorPickerTrigger.tsx
FN:18,(anonymous_0)
FNF:1
FNH:0
FNDA:0,(anonymous_0)
DA:4,0
DA:18,0
DA:21,0
LF:3
LH:0
BRF:0
BRH:0
end_of_record
TN:
SF:src/app/components/ColorTokenForm.tsx
FN:28,ColorTokenForm
FN:54,(anonymous_1)
FN:60,(anonymous_2)
FN:69,(anonymous_3)
FN:73,(anonymous_4)
FN:95,(anonymous_5)
FN:112,(anonymous_6)
FN:116,(anonymous_7)
FN:120,(anonymous_8)
FN:124,(anonymous_9)
FN:128,(anonymous_10)
FN:136,(anonymous_11)
FN:141,(anonymous_12)
FN:150,(anonymous_13)
FN:159,(anonymous_14)
FN:168,(anonymous_15)
FN:177,(anonymous_16)
FN:186,(anonymous_17)
FN:195,(anonymous_18)
FN:260,(anonymous_19)
FN:266,(anonymous_20)
FNF:21
FNH:0
FNDA:0,ColorTokenForm
FNDA:0,(anonymous_1)
FNDA:0,(anonymous_2)
FNDA:0,(anonymous_3)
FNDA:0,(anonymous_4)
FNDA:0,(anonymous_5)
FNDA:0,(anonymous_6)
FNDA:0,(anonymous_7)
FNDA:0,(anonymous_8)
FNDA:0,(anonymous_9)
FNDA:0,(anonymous_10)
FNDA:0,(anonymous_11)
FNDA:0,(anonymous_12)
FNDA:0,(anonymous_13)
FNDA:0,(anonymous_14)
FNDA:0,(anonymous_15)
FNDA:0,(anonymous_16)
FNDA:0,(anonymous_17)
FNDA:0,(anonymous_18)
FNDA:0,(anonymous_19)
FNDA:0,(anonymous_20)
DA:26,0
DA:47,0
DA:48,0
DA:49,0
DA:50,0
DA:51,0
DA:52,0
DA:54,0
DA:55,0
DA:56,0
DA:60,0
DA:61,0
DA:62,0
DA:66,0
DA:69,0
DA:73,0
DA:74,0
DA:75,0
DA:76,0
DA:77,0
DA:78,0
DA:79,0
DA:81,0
DA:82,0
DA:84,0
DA:86,0
DA:88,0
DA:90,0
DA:91,0
DA:95,0
DA:96,0
DA:97,0
DA:98,0
DA:99,0
DA:100,0
DA:102,0
DA:103,0
DA:105,0
DA:107,0
DA:109,0
DA:112,0
DA:113,0
DA:116,0
DA:117,0
DA:120,0
DA:121,0
DA:124,0
DA:125,0
DA:128,0
DA:129,0
DA:136,0
DA:137,0
DA:138,0
DA:141,0
DA:142,0
DA:143,0
DA:150,0
DA:151,0
DA:152,0
DA:159,0
DA:160,0
DA:161,0
DA:168,0
DA:169,0
DA:170,0
DA:177,0
DA:178,0
DA:179,0
DA:186,0
DA:187,0
DA:188,0
DA:195,0
DA:197,0
DA:260,0
DA:266,0
LF:75
LH:0
BRDA:55,0,0,0
BRDA:55,0,1,0
BRDA:61,1,0,0
BRDA:61,1,1,0
BRDA:61,2,0,0
BRDA:61,2,1,0
BRDA:62,3,0,0
BRDA:62,3,1,0
BRDA:69,4,0,0
BRDA:69,4,1,0
BRDA:75,5,0,0
BRDA:75,5,1,0
BRDA:76,6,0,0
BRDA:76,6,1,0
BRDA:78,7,0,0
BRDA:78,7,1,0
BRDA:78,8,0,0
BRDA:78,8,1,0
BRDA:78,8,2,0
BRDA:81,9,0,0
BRDA:81,9,1,0
BRDA:81,10,0,0
BRDA:81,10,1,0
BRDA:96,11,0,0
BRDA:96,11,1,0
BRDA:97,12,0,0
BRDA:97,12,1,0
BRDA:99,13,0,0
BRDA:99,13,1,0
BRDA:99,14,0,0
BRDA:99,14,1,0
BRDA:99,14,2,0
BRDA:102,15,0,0
BRDA:102,15,1,0
BRDA:102,16,0,0
BRDA:102,16,1,0
BRDA:142,17,0,0
BRDA:142,17,1,0
BRDA:151,18,0,0
BRDA:151,18,1,0
BRDA:160,19,0,0
BRDA:160,19,1,0
BRDA:169,20,0,0
BRDA:169,20,1,0
BRDA:178,21,0,0
BRDA:178,21,1,0
BRDA:187,22,0,0
BRDA:187,22,1,0
BRDA:195,23,0,0
BRDA:195,23,1,0
BRDA:214,24,0,0
BRDA:214,24,1,0
BRDA:223,25,0,0
BRDA:223,25,1,0
BRDA:245,26,0,0
BRDA:245,26,1,0
BRDA:245,26,2,0
BRDA:257,27,0,0
BRDA:257,27,1,0
BRDA:258,28,0,0
BRDA:258,28,1,0
BRDA:263,29,0,0
BRDA:263,29,1,0
BRDA:264,30,0,0
BRDA:264,30,1,0
BRDA:271,31,0,0
BRDA:271,31,1,0
BRDA:286,32,0,0
BRDA:286,32,1,0
BRDA:307,33,0,0
BRDA:307,33,1,0
BRDA:307,33,2,0
BRDA:312,34,0,0
BRDA:312,34,1,0
BRF:74
BRH:0
end_of_record
TN:
SF:src/app/components/CompositionTokenForm.tsx
FN:19,CompositionTokenForm
FN:35,(anonymous_1)
FN:36,(anonymous_2)
FN:41,(anonymous_3)
FN:43,(anonymous_4)
FN:50,(anonymous_5)
FN:52,(anonymous_6)
FN:53,(anonymous_7)
FN:56,(anonymous_8)
FN:65,(anonymous_9)
FN:71,(anonymous_10)
FN:75,(anonymous_11)
FN:78,(anonymous_12)
FN:81,(anonymous_13)
FN:82,(anonymous_14)
FN:124,(anonymous_15)
FNF:16
FNH:0
FNDA:0,CompositionTokenForm
FNDA:0,(anonymous_1)
FNDA:0,(anonymous_2)
FNDA:0,(anonymous_3)
FNDA:0,(anonymous_4)
FNDA:0,(anonymous_5)
FNDA:0,(anonymous_6)
FNDA:0,(anonymous_7)
FNDA:0,(anonymous_8)
FNDA:0,(anonymous_9)
FNDA:0,(anonymous_10)
FNDA:0,(anonymous_11)
FNDA:0,(anonymous_12)
FNDA:0,(anonymous_13)
FNDA:0,(anonymous_14)
FNDA:0,(anonymous_15)
DA:30,0
DA:31,0
DA:32,0
DA:33,0
DA:35,0
DA:36,0
DA:37,0
DA:41,0
DA:42,0
DA:43,0
DA:44,0
DA:46,0
DA:50,0
DA:51,0
DA:52,0
DA:53,0
DA:56,0
DA:57,0
DA:58,0
DA:59,0
DA:61,0
DA:62,0
DA:65,0
DA:66,0
DA:67,0
DA:68,0
DA:71,0
DA:72,0
DA:75,0
DA:76,0
DA:77,0
DA:78,0
DA:79,0
DA:81,0
DA:82,0
DA:83,0
DA:84,0
DA:87,0
DA:125,0
LF:39
LH:0
BRDA:43,0,0,0
BRDA:43,0,1,0
BRDA:51,1,0,0
BRDA:51,1,1,0
BRDA:57,2,0,0
BRDA:57,2,1,0
BRDA:58,3,0,0
BRDA:58,3,1,0
BRDA:58,4,0,0
BRDA:58,4,1,0
BRDA:66,5,0,0
BRDA:66,5,1,0
BRDA:77,6,0,0
BRDA:77,6,1,0
BRDA:92,7,0,0
BRDA:92,7,1,0
BRDA:103,8,0,0
BRDA:103,8,1,0
BRF:18
BRH:0
end_of_record
TN:
SF:src/app/components/ConfirmDialog.tsx
FN:12,(anonymous_0)
FN:17,(anonymous_1)
FN:31,ConfirmDialog
FN:40,(anonymous_3)
FN:45,(anonymous_4)
FN:51,(anonymous_5)
FN:57,(anonymous_6)
FN:60,(anonymous_7)
FN:65,(anonymous_8)
FN:69,(anonymous_9)
FN:78,(anonymous_10)
FN:79,(anonymous_11)
FN:79,(anonymous_12)
FN:109,(anonymous_13)
FNF:14
FNH:0
FNDA:0,(anonymous_0)
FNDA:0,(anonymous_1)
FNDA:0,ConfirmDialog
FNDA:0,(anonymous_3)
FNDA:0,(anonymous_4)
FNDA:0,(anonymous_5)
FNDA:0,(anonymous_6)
FNDA:0,(anonymous_7)
FNDA:0,(anonymous_8)
FNDA:0,(anonymous_9)
FNDA:0,(anonymous_10)
FNDA:0,(anonymous_11)
FNDA:0,(anonymous_12)
FNDA:0,(anonymous_13)
DA:12,0
DA:17,0
DA:18,0
DA:21,0
DA:32,0
DA:33,0
DA:36,0
DA:37,0
DA:38,0
DA:40,0
DA:41,0
DA:44,0
DA:46,0
DA:47,0
DA:48,0
DA:49,0
DA:51,0
DA:53,0
DA:54,0
DA:55,0
DA:57,0
DA:60,0
DA:65,0
DA:66,0
DA:69,0
DA:70,0
DA:71,0
DA:72,0
DA:74,0
DA:78,0
DA:79,0
DA:80,0
DA:81,0
DA:82,0
DA:83,0
DA:87,0
DA:89,0
DA:110,0
LF:38
LH:0
BRDA:46,0,0,0
BRDA:46,0,1,0
BRDA:48,1,0,0
BRDA:48,1,1,0
BRDA:54,2,0,0
BRDA:54,2,1,0
BRDA:71,3,0,0
BRDA:71,3,1,0
BRDA:79,4,0,0
BRDA:79,4,1,0
BRDA:80,5,0,0
BRDA:80,5,1,0
BRDA:82,6,0,0
BRDA:82,6,1,0
BRDA:89,7,0,0
BRDA:89,7,1,0
BRDA:90,8,0,0
BRDA:90,8,1,0
BRDA:94,9,0,0
BRDA:94,9,1,0
BRDA:97,10,0,0
BRDA:97,10,1,0
BRDA:107,11,0,0
BRDA:107,11,1,0
BRDA:127,12,0,0
BRDA:127,12,1,0
BRDA:131,13,0,0
BRDA:131,13,1,0
BRF:28
BRH:0
end_of_record
TN:
SF:src/app/components/ConvertToDTCGModal.tsx
FN:20,ConvertToDTCGModal
FN:31,(anonymous_1)
FN:35,(anonymous_2)
FNF:3
FNH:0
FNDA:0,ConvertToDTCGModal
FNDA:0,(anonymous_1)
FNDA:0,(anonymous_2)
DA:21,0
DA:22,0
DA:23,0
DA:24,0
DA:25,0
DA:26,0
DA:27,0
DA:29,0
DA:31,0
DA:32,0
DA:35,0
DA:36,0
DA:37,0
DA:38,0
DA:39,0
DA:50,0
DA:52,0
LF:17
LH:0
BRDA:36,0,0,0
BRDA:36,0,1,0
BRDA:38,1,0,0
BRDA:38,1,1,0
BRDA:40,2,0,0
BRDA:40,2,1,0
BRDA:50,3,0,0
BRDA:50,3,1,0
BRDA:53,4,0,0
BRDA:53,4,1,0
BRDA:55,5,0,0
BRDA:55,5,1,0
BRDA:57,6,0,0
BRDA:57,6,1,0
BRDA:61,7,0,0
BRDA:61,7,1,0
BRDA:65,8,0,0
BRDA:65,8,1,0
BRF:18
BRH:0
end_of_record
TN:
SF:src/app/components/Count.tsx
FN:4,Count
FNF:1
FNH:0
FNDA:0,Count
DA:5,0
LF:1
LH:0
BRF:0
BRH:0
end_of_record
TN:
SF:src/app/components/DirtyStateBadgeWrapper.tsx
FN:5,DirtyStateBadgeWrapper
FNF:1
FNH:0
FNDA:0,DirtyStateBadgeWrapper
DA:6,0
LF:1
LH:0
BRDA:8,0,0,0
BRDA:8,0,1,0
BRF:2
BRH:0
end_of_record
TN:
SF:src/app/components/Divider.tsx
FNF:0
FNH:0
DA:3,0
LF:1
LH:0
BRF:0
BRH:0
end_of_record
TN:
SF:src/app/components/EditTokenForm.tsx
FN:57,EditTokenForm
FN:75,(anonymous_1)
FN:81,(anonymous_2)
FN:88,(anonymous_3)
FN:105,(anonymous_4)
FN:107,(anonymous_5)
FN:108,(anonymous_6)
FN:118,(anonymous_7)
FN:119,(anonymous_8)
FN:120,(anonymous_9)
FN:121,(anonymous_10)
FN:125,(anonymous_11)
FN:132,(anonymous_12)
FN:139,(anonymous_13)
FN:140,(anonymous_14)
FN:143,(anonymous_15)
FN:148,(anonymous_16)
FN:155,(anonymous_17)
FN:159,(anonymous_18)
FN:168,(anonymous_19)
FN:193,(anonymous_20)
FN:203,(anonymous_21)
FN:212,(anonymous_22)
FN:219,(anonymous_23)
FN:222,(anonymous_24)
FN:229,(anonymous_25)
FN:231,(anonymous_26)
FN:238,(anonymous_27)
FN:260,(anonymous_28)
FN:272,(anonymous_29)
FN:284,(anonymous_30)
FN:299,(anonymous_31)
FN:311,(anonymous_32)
FN:322,(anonymous_33)
FN:335,(anonymous_34)
FN:351,(anonymous_35)
FN:361,(anonymous_36)
FN:372,(anonymous_37)
FN:382,(anonymous_38)
FN:393,(anonymous_39)
FN:465,(anonymous_40)
FN:466,(anonymous_41)
FN:483,(anonymous_42)
FN:518,(anonymous_43)
FN:529,(anonymous_44)
FN:535,(anonymous_45)
FN:545,(anonymous_46)
FN:549,(anonymous_47)
FN:554,(anonymous_48)
FNF:49
FNH:0
FNDA:0,EditTokenForm
FNDA:0,(anonymous_1)
FNDA:0,(anonymous_2)
FNDA:0,(anonymous_3)
FNDA:0,(anonymous_4)
FNDA:0,(anonymous_5)
FNDA:0,(anonymous_6)
FNDA:0,(anonymous_7)
FNDA:0,(anonymous_8)
FNDA:0,(anonymous_9)
FNDA:0,(anonymous_10)
FNDA:0,(anonymous_11)
FNDA:0,(anonymous_12)
FNDA:0,(anonymous_13)
FNDA:0,(anonymous_14)
FNDA:0,(anonymous_15)
FNDA:0,(anonymous_16)
FNDA:0,(anonymous_17)
FNDA:0,(anonymous_18)
FNDA:0,(anonymous_19)
FNDA:0,(anonymous_20)
FNDA:0,(anonymous_21)
FNDA:0,(anonymous_22)
FNDA:0,(anonymous_23)
FNDA:0,(anonymous_24)
FNDA:0,(anonymous_25)
FNDA:0,(anonymous_26)
FNDA:0,(anonymous_27)
FNDA:0,(anonymous_28)
FNDA:0,(anonymous_29)
FNDA:0,(anonymous_30)
FNDA:0,(anonymous_31)
FNDA:0,(anonymous_32)
FNDA:0,(anonymous_33)
FNDA:0,(anonymous_34)
FNDA:0,(anonymous_35)
FNDA:0,(anonymous_36)
FNDA:0,(anonymous_37)
FNDA:0,(anonymous_38)
FNDA:0,(anonymous_39)
FNDA:0,(anonymous_40)
FNDA:0,(anonymous_41)
FNDA:0,(anonymous_42)
FNDA:0,(anonymous_43)
FNDA:0,(anonymous_44)
FNDA:0,(anonymous_45)
FNDA:0,(anonymous_46)
FNDA:0,(anonymous_47)
FNDA:0,(anonymous_48)
DA:47,0
DA:48,0
DA:58,0
DA:59,0
DA:60,0
DA:61,0
DA:62,0
DA:63,0
DA:66,0
DA:69,0
DA:70,0
DA:71,0
DA:72,0
DA:73,0
DA:74,0
DA:75,0
DA:81,0
DA:82,0
DA:83,0
DA:85,0
DA:88,0
DA:89,0
DA:94,0
DA:96,0
DA:97,0
DA:99,0
DA:100,0
DA:102,0
DA:105,0
DA:106,0
DA:107,0
DA:108,0
DA:110,0
DA:111,0
DA:114,0
DA:117,0
DA:118,0
DA:119,0
DA:120,0
DA:121,0
DA:125,0
DA:126,0
DA:127,0
DA:129,0
DA:132,0
DA:133,0
DA:134,0
DA:136,0
DA:139,0
DA:140,0
DA:141,0
DA:143,0
DA:145,0
DA:147,0
DA:148,0
DA:151,0
DA:154,0
DA:155,0
DA:159,0
DA:160,0
DA:161,0
DA:165,0
DA:168,0
DA:169,0
DA:170,0
DA:172,0
DA:176,0
DA:178,0
DA:179,0
DA:181,0
DA:182,0
DA:184,0
DA:185,0
DA:187,0
DA:188,0
DA:192,0
DA:194,0
DA:195,0
DA:196,0
DA:202,0
DA:204,0
DA:205,0
DA:206,0
DA:212,0
DA:213,0
DA:214,0
DA:218,0
DA:220,0
DA:221,0
DA:222,0
DA:228,0
DA:230,0
DA:231,0
DA:237,0
DA:239,0
DA:240,0
DA:241,0
DA:248,0
DA:249,0
DA:250,0
DA:259,0
DA:261,0
DA:262,0
DA:271,0
DA:273,0
DA:274,0
DA:283,0
DA:285,0
DA:286,0
DA:298,0
DA:300,0
DA:301,0
DA:310,0
DA:312,0
DA:313,0
DA:322,0
DA:323,0
DA:324,0
DA:325,0
DA:334,0
DA:336,0
DA:350,0
DA:352,0
DA:360,0
DA:362,0
DA:363,0
DA:372,0
DA:373,0
DA:374,0
DA:378,0
DA:382,0
DA:385,0
DA:387,0
DA:388,0
DA:390,0
DA:391,0
DA:393,0
DA:395,0
DA:396,0
DA:397,0
DA:405,0
DA:406,0
DA:415,0
DA:416,0
DA:426,0
DA:427,0
DA:428,0
DA:448,0
DA:449,0
DA:454,0
DA:458,0
DA:464,0
DA:465,0
DA:466,0
DA:467,0
DA:470,0
DA:471,0
DA:476,0
DA:481,0
DA:482,0
DA:483,0
DA:485,0
DA:486,0
DA:488,0
DA:489,0
DA:491,0
DA:492,0
DA:493,0
DA:495,0
DA:496,0
DA:500,0
DA:502,0
DA:503,0
DA:504,0
DA:518,0
DA:519,0
DA:520,0
DA:521,0
DA:523,0
DA:524,0
DA:525,0
DA:529,0
DA:530,0
DA:531,0
DA:534,0
DA:536,0
DA:537,0
DA:543,0
DA:545,0
DA:546,0
DA:549,0
DA:550,0
DA:551,0
DA:554,0
DA:555,0
DA:557,0
DA:559,0
DA:571,0
DA:585,0
DA:595,0
DA:609,0
DA:623,0
DA:663,0
LF:203
LH:0
BRDA:75,0,0,0
BRDA:75,0,1,0
BRDA:75,0,2,0
BRDA:75,0,3,0
BRDA:82,1,0,0
BRDA:82,1,1,0
BRDA:89,2,0,0
BRDA:89,2,1,0
BRDA:90,3,0,0
BRDA:90,3,1,0
BRDA:90,3,2,0
BRDA:90,3,3,0
BRDA:96,4,0,0
BRDA:96,4,1,0
BRDA:99,5,0,0
BRDA:99,5,1,0
BRDA:102,6,0,0
BRDA:102,6,1,0
BRDA:102,6,2,0
BRDA:107,7,0,0
BRDA:107,7,1,0
BRDA:110,8,0,0
BRDA:110,8,1,0
BRDA:126,9,0,0
BRDA:126,9,1,0
BRDA:127,10,0,0
BRDA:127,10,1,0
BRDA:133,11,0,0
BRDA:133,11,1,0
BRDA:141,12,0,0
BRDA:141,12,1,0
BRDA:141,13,0,0
BRDA:141,13,1,0
BRDA:145,14,0,0
BRDA:145,14,1,0
BRDA:148,15,0,0
BRDA:148,15,1,0
BRDA:160,16,0,0
BRDA:160,16,1,0
BRDA:161,17,0,0
BRDA:161,17,1,0
BRDA:161,17,2,0
BRDA:169,18,0,0
BRDA:169,18,1,0
BRDA:169,19,0,0
BRDA:169,19,1,0
BRDA:169,19,2,0
BRDA:172,20,0,0
BRDA:172,20,1,0
BRDA:173,21,0,0
BRDA:173,21,1,0
BRDA:173,21,2,0
BRDA:178,22,0,0
BRDA:178,22,1,0
BRDA:178,23,0,0
BRDA:178,23,1,0
BRDA:178,23,2,0
BRDA:181,24,0,0
BRDA:181,24,1,0
BRDA:181,25,0,0
BRDA:181,25,1,0
BRDA:181,25,2,0
BRDA:184,26,0,0
BRDA:184,26,1,0
BRDA:184,27,0,0
BRDA:184,27,1,0
BRDA:184,27,2,0
BRDA:187,28,0,0
BRDA:187,28,1,0
BRDA:187,29,0,0
BRDA:187,29,1,0
BRDA:187,29,2,0
BRDA:195,30,0,0
BRDA:195,30,1,0
BRDA:205,31,0,0
BRDA:205,31,1,0
BRDA:213,32,0,0
BRDA:213,32,1,0
BRDA:213,33,0,0
BRDA:213,33,1,0
BRDA:221,34,0,0
BRDA:221,34,1,0
BRDA:230,35,0,0
BRDA:230,35,1,0
BRDA:239,36,0,0
BRDA:239,36,1,0
BRDA:239,37,0,0
BRDA:239,37,1,0
BRDA:240,38,0,0
BRDA:240,38,1,0
BRDA:248,39,0,0
BRDA:248,39,1,0
BRDA:261,40,0,0
BRDA:261,40,1,0
BRDA:261,41,0,0
BRDA:261,41,1,0
BRDA:273,42,0,0
BRDA:273,42,1,0
BRDA:273,43,0,0
BRDA:273,43,1,0
BRDA:285,44,0,0
BRDA:285,44,1,0
BRDA:285,45,0,0
BRDA:285,45,1,0
BRDA:300,46,0,0
BRDA:300,46,1,0
BRDA:300,47,0,0
BRDA:300,47,1,0
BRDA:312,48,0,0
BRDA:312,48,1,0
BRDA:312,49,0,0
BRDA:312,49,1,0
BRDA:329,50,0,0
BRDA:329,50,1,0
BRDA:362,51,0,0
BRDA:362,51,1,0
BRDA:373,52,0,0
BRDA:373,52,1,0
BRDA:374,53,0,0
BRDA:374,53,1,0
BRDA:385,54,0,0
BRDA:385,54,1,0
BRDA:385,55,0,0
BRDA:385,55,1,0
BRDA:385,55,2,0
BRDA:387,56,0,0
BRDA:387,56,1,0
BRDA:387,57,0,0
BRDA:387,57,1,0
BRDA:395,58,0,0
BRDA:395,58,1,0
BRDA:398,59,0,0
BRDA:398,59,1,0
BRDA:403,60,0,0
BRDA:403,60,1,0
BRDA:405,61,0,0
BRDA:405,61,1,0
BRDA:407,62,0,0
BRDA:407,62,1,0
BRDA:413,63,0,0
BRDA:413,63,1,0
BRDA:415,64,0,0
BRDA:415,64,1,0
BRDA:415,65,0,0
BRDA:415,65,1,0
BRDA:418,66,0,0
BRDA:418,66,1,0
BRDA:422,67,0,0
BRDA:422,67,1,0
BRDA:426,68,0,0
BRDA:426,68,1,0
BRDA:426,69,0,0
BRDA:426,69,1,0
BRDA:448,70,0,0
BRDA:448,70,1,0
BRDA:448,71,0,0
BRDA:448,71,1,0
BRDA:454,72,0,0
BRDA:454,72,1,0
BRDA:455,73,0,0
BRDA:455,73,1,0
BRDA:466,74,0,0
BRDA:466,74,1,0
BRDA:470,75,0,0
BRDA:470,75,1,0
BRDA:481,76,0,0
BRDA:481,76,1,0
BRDA:481,77,0,0
BRDA:481,77,1,0
BRDA:482,78,0,0
BRDA:482,78,1,0
BRDA:488,79,0,0
BRDA:488,79,1,0
BRDA:491,80,0,0
BRDA:491,80,1,0
BRDA:495,81,0,0
BRDA:495,81,1,0
BRDA:502,82,0,0
BRDA:502,82,1,0
BRDA:505,83,0,0
BRDA:505,83,1,0
BRDA:512,84,0,0
BRDA:512,84,1,0
BRDA:519,85,0,0
BRDA:519,85,1,0
BRDA:519,86,0,0
BRDA:519,86,1,0
BRDA:523,87,0,0
BRDA:523,87,1,0
BRDA:523,88,0,0
BRDA:523,88,1,0
BRDA:536,89,0,0
BRDA:536,89,1,0
BRDA:536,90,0,0
BRDA:536,90,1,0
BRDA:551,91,0,0
BRDA:551,91,1,0
BRDA:555,92,0,0
BRDA:555,92,1,0
BRDA:557,93,0,0
BRDA:557,93,1,0
BRDA:557,93,2,0
BRDA:557,93,3,0
BRDA:557,93,4,0
BRDA:557,93,5,0
BRDA:639,94,0,0
BRDA:639,94,1,0
BRDA:680,95,0,0
BRDA:680,95,1,0
BRDA:689,96,0,0
BRDA:689,96,1,0
BRDA:696,97,0,0
BRDA:696,97,1,0
BRDA:710,98,0,0
BRDA:710,98,1,0
BRDA:711,99,0,0
BRDA:711,99,1,0
BRDA:712,100,0,0
BRDA:712,100,1,0
BRDA:713,101,0,0
BRDA:713,101,1,0
BRDA:713,101,2,0
BRF:222
BRH:0
end_of_record
TN:
SF:src/app/components/EditTokenFormModal.tsx
FN:16,(anonymous_0)
FN:23,(anonymous_1)
FNF:2
FNH:0
FNDA:0,(anonymous_0)
FNDA:0,(anonymous_1)
DA:16,0
DA:17,0
DA:18,0
DA:19,0
DA:21,0
DA:23,0
DA:24,0
DA:25,0
DA:29,0
DA:30,0
DA:33,0
LF:11
LH:0
BRDA:24,0,0,0
BRDA:24,0,1,0
BRDA:29,1,0,0
BRDA:29,1,1,0
BRDA:41,2,0,0
BRDA:41,2,1,0
BRDA:42,3,0,0
BRDA:42,3,1,0
BRF:8
BRH:0
end_of_record
TN:
SF:src/app/components/ErrorMessage.tsx
FNF:0
FNH:0
DA:3,0
LF:1
LH:0
BRF:0
BRH:0
end_of_record
TN:
SF:src/app/components/ErrorValidation.tsx
FNF:0
FNH:0
DA:3,0
LF:1
LH:0
BRF:0
BRH:0
end_of_record
TN:
SF:src/app/components/ExplainerModal.tsx
FN:6,ExplainerModal
FN:8,(anonymous_1)
FN:9,(anonymous_2)
FNF:3
FNH:0
FNDA:0,ExplainerModal
FNDA:0,(anonymous_1)
FNDA:0,(anonymous_2)
DA:7,0
DA:8,0
DA:9,0
DA:10,0
LF:4
LH:0
BRF:0
BRH:0
end_of_record
TN:
SF:src/app/components/FigmaLoading.tsx
FN:39,FigmaLoading
FNF:1
FNH:0
FNDA:0,FigmaLoading
DA:9,0
DA:15,0
DA:20,0
DA:25,0
DA:42,0
DA:44,0
DA:45,0
DA:52,0
LF:8
LH:0
BRDA:44,0,0,0
BRDA:44,0,1,0
BRDA:67,1,0,0
BRDA:67,1,1,0
BRF:4
BRH:0
end_of_record
TN:
SF:src/app/components/Footer.tsx
FN:39,Footer
FN:54,(anonymous_1)
FN:55,(anonymous_2)
FN:58,(anonymous_3)
FN:61,(anonymous_4)
FN:62,(anonymous_5)
FN:63,(anonymous_6)
FNF:7
FNH:0
FNDA:0,Footer
FNDA:0,(anonymous_1)
FNDA:0,(anonymous_2)
FNDA:0,(anonymous_3)
FNDA:0,(anonymous_4)
FNDA:0,(anonymous_5)
FNDA:0,(anonymous_6)
DA:40,0
DA:41,0
DA:42,0
DA:43,0
DA:44,0
DA:45,0
DA:46,0
DA:47,0
DA:48,0
DA:49,0
DA:50,0
DA:51,0
DA:52,0
DA:54,0
DA:55,0
DA:56,0
DA:58,0
DA:61,0
DA:62,0
DA:63,0
DA:64,0
DA:67,0
DA:69,0
LF:23
LH:0
BRDA:81,0,0,0
BRDA:81,0,1,0
BRDA:81,0,2,0
BRDA:81,0,3,0
BRDA:88,1,0,0
BRDA:88,1,1,0
BRDA:91,2,0,0
BRDA:91,2,1,0
BRDA:91,2,2,0
BRDA:91,2,3,0
BRDA:118,3,0,0
BRDA:118,3,1,0
BRDA:128,4,0,0
BRDA:128,4,1,0
BRDA:128,5,0,0
BRDA:128,5,1,0
BRDA:128,5,2,0
BRDA:128,5,3,0
BRDA:128,5,4,0
BRDA:128,5,5,0
BRDA:136,6,0,0
BRDA:136,6,1,0
BRF:22
BRH:0
end_of_record
TN:
SF:src/app/components/IconToggleableDisclosure.tsx
FNF:0
FNH:0
DA:4,0
LF:1
LH:0
BRF:0
BRH:0
end_of_record
TN:
SF:src/app/components/ImportVariablesDialog.tsx
FN:15,ImportVariablesDialog
FN:22,(anonymous_1)
FN:25,(anonymous_2)
FN:28,(anonymous_3)
FN:35,(anonymous_4)
FN:36,(anonymous_5)
FN:49,(anonymous_6)
FN:56,(anonymous_7)
FN:57,(anonymous_8)
FN:63,(anonymous_9)
FN:83,(anonymous_10)
FN:116,(anonymous_11)
FN:123,(anonymous_12)
FN:133,(anonymous_13)
FN:143,(anonymous_14)
FN:151,(anonymous_15)
FN:155,(anonymous_16)
FNF:17
FNH:0
FNDA:0,ImportVariablesDialog
FNDA:0,(anonymous_1)
FNDA:0,(anonymous_2)
FNDA:0,(anonymous_3)
FNDA:0,(anonymous_4)
FNDA:0,(anonymous_5)
FNDA:0,(anonymous_6)
FNDA:0,(anonymous_7)
FNDA:0,(anonymous_8)
FNDA:0,(anonymous_9)
FNDA:0,(anonymous_10)
FNDA:0,(anonymous_11)
FNDA:0,(anonymous_12)
FNDA:0,(anonymous_13)
FNDA:0,(anonymous_14)
FNDA:0,(anonymous_15)
FNDA:0,(anonymous_16)
DA:16,0
DA:17,0
DA:18,0
DA:19,0
DA:22,0
DA:23,0
DA:24,0
DA:25,0
DA:26,0
DA:28,0
DA:31,0
DA:35,0
DA:36,0
DA:37,0
DA:38,0
DA:40,0
DA:41,0
DA:42,0
DA:45,0
DA:49,0
DA:56,0
DA:57,0
DA:58,0
DA:59,0
DA:61,0
DA:62,0
DA:63,0
DA:67,0
DA:68,0
DA:69,0
DA:70,0
DA:73,0
DA:83,0
DA:84,0
DA:87,0
DA:89,0
DA:116,0
DA:123,0
DA:134,0
DA:135,0
DA:136,0
DA:138,0
DA:143,0
DA:152,0
DA:155,0
LF:45
LH:0
BRDA:23,0,0,0
BRDA:23,0,1,0
BRDA:38,1,0,0
BRDA:38,1,1,0
BRDA:59,2,0,0
BRDA:59,2,1,0
BRDA:62,3,0,0
BRDA:62,3,1,0
BRDA:67,4,0,0
BRDA:67,4,1,0
BRDA:135,5,0,0
BRDA:135,5,1,0
BRDA:136,6,0,0
BRDA:136,6,1,0
BRDA:149,7,0,0
BRDA:149,7,1,0
BRDA:169,8,0,0
BRDA:169,8,1,0
BRF:18
BRH:0
end_of_record
TN:
SF:src/app/components/ImportedTokensDialog.tsx
FN:21,NewOrExistingToken
FN:35,(anonymous_1)
FN:39,(anonymous_2)
FN:45,(anonymous_3)
FN:45,(anonymous_4)
FN:99,ImportedTokensDialog
FN:113,(anonymous_6)
FN:114,(anonymous_7)
FN:118,(anonymous_8)
FN:119,(anonymous_9)
FN:122,(anonymous_10)
FN:123,(anonymous_11)
FN:137,(anonymous_12)
FN:138,(anonymous_13)
FN:152,(anonymous_14)
FN:153,(anonymous_15)
FN:162,(anonymous_16)
FN:173,(anonymous_17)
FN:173,(anonymous_18)
FN:184,(anonymous_19)
FN:195,(anonymous_20)
FN:196,(anonymous_21)
FN:197,(anonymous_22)
FN:198,(anonymous_23)
FN:199,(anonymous_24)
FN:209,(anonymous_25)
FN:220,(anonymous_26)
FN:223,(anonymous_27)
FN:235,(anonymous_28)
FN:238,(anonymous_29)
FN:243,(anonymous_30)
FN:248,(anonymous_31)
FN:290,(anonymous_32)
FN:335,(anonymous_33)
FNF:34
FNH:0
FNDA:0,NewOrExistingToken
FNDA:0,(anonymous_1)
FNDA:0,(anonymous_2)
FNDA:0,(anonymous_3)
FNDA:0,(anonymous_4)
FNDA:0,ImportedTokensDialog
FNDA:0,(anonymous_6)
FNDA:0,(anonymous_7)
FNDA:0,(anonymous_8)
FNDA:0,(anonymous_9)
FNDA:0,(anonymous_10)
FNDA:0,(anonymous_11)
FNDA:0,(anonymous_12)
FNDA:0,(anonymous_13)
FNDA:0,(anonymous_14)
FNDA:0,(anonymous_15)
FNDA:0,(anonymous_16)
FNDA:0,(anonymous_17)
FNDA:0,(anonymous_18)
FNDA:0,(anonymous_19)
FNDA:0,(anonymous_20)
FNDA:0,(anonymous_21)
FNDA:0,(anonymous_22)
FNDA:0,(anonymous_23)
FNDA:0,(anonymous_24)
FNDA:0,(anonymous_25)
FNDA:0,(anonymous_26)
FNDA:0,(anonymous_27)
FNDA:0,(anonymous_28)
FNDA:0,(anonymous_29)
FNDA:0,(anonymous_30)
FNDA:0,(anonymous_31)
FNDA:0,(anonymous_32)
FNDA:0,(anonymous_33)
DA:34,0
DA:35,0
DA:36,0
DA:39,0
DA:40,0
DA:43,0
DA:45,0
DA:46,0
DA:48,0
DA:100,0
DA:101,0
DA:102,0
DA:103,0
DA:104,0
DA:105,0
DA:106,0
DA:107,0
DA:108,0
DA:109,0
DA:111,0
DA:113,0
DA:114,0
DA:115,0
DA:118,0
DA:119,0
DA:122,0
DA:123,0
DA:133,0
DA:134,0
DA:137,0
DA:138,0
DA:148,0
DA:149,0
DA:152,0
DA:153,0
DA:162,0
DA:171,0
DA:172,0
DA:173,0
DA:180,0
DA:182,0
DA:184,0
DA:185,0
DA:186,0
DA:188,0
DA:191,0
DA:195,0
DA:196,0
DA:197,0
DA:198,0
DA:199,0
DA:203,0
DA:204,0
DA:205,0
DA:206,0
DA:209,0
DA:211,0
DA:219,0
DA:220,0
DA:223,0
DA:225,0
DA:233,0
DA:235,0
DA:238,0
DA:239,0
DA:243,0
DA:244,0
DA:245,0
DA:248,0
DA:249,0
DA:250,0
DA:253,0
DA:255,0
DA:291,0
DA:336,0
LF:75
LH:0
BRDA:52,0,0,0
BRDA:52,0,1,0
BRDA:66,1,0,0
BRDA:66,1,1,0
BRDA:68,2,0,0
BRDA:68,2,1,0
BRDA:79,3,0,0
BRDA:79,3,1,0
BRDA:83,4,0,0
BRDA:83,4,1,0
BRDA:83,4,2,0
BRDA:87,5,0,0
BRDA:87,5,1,0
BRDA:124,6,0,0
BRDA:124,6,1,0
BRDA:139,7,0,0
BRDA:139,7,1,0
BRDA:154,8,0,0
BRDA:154,8,1,0
BRDA:163,9,0,0
BRDA:163,9,1,0
BRDA:171,10,0,0
BRDA:171,10,1,0
BRDA:171,11,0,0
BRDA:171,11,1,0
BRDA:185,12,0,0
BRDA:185,12,1,0
BRDA:185,13,0,0
BRDA:185,13,1,0
BRDA:260,14,0,0
BRDA:260,14,1,0
BRDA:275,15,0,0
BRDA:275,15,1,0
BRDA:302,16,0,0
BRDA:302,16,1,0
BRDA:320,17,0,0
BRDA:320,17,1,0
BRDA:346,18,0,0
BRDA:346,18,1,0
BRF:39
BRH:0
end_of_record
TN:
SF:src/app/components/Initiator.tsx
FN:20,(anonymous_0)
FN:34,Initiator
FN:39,(anonymous_2)
FN:40,(anonymous_3)
FN:53,(anonymous_4)
FN:70,(anonymous_5)
FN:171,(anonymous_6)
FN:176,(anonymous_7)
FN:181,(anonymous_8)
FNF:9
FNH:0
FNDA:0,(anonymous_0)
FNDA:0,Initiator
FNDA:0,(anonymous_2)
FNDA:0,(anonymous_3)
FNDA:0,(anonymous_4)
FNDA:0,(anonymous_5)
FNDA:0,(anonymous_6)
FNDA:0,(anonymous_7)
FNDA:0,(anonymous_8)
DA:20,0
DA:21,0
DA:22,0
DA:23,0
DA:24,0
DA:25,0
DA:28,0
DA:29,0
DA:31,0
DA:35,0
DA:36,0
DA:37,0
DA:39,0
DA:40,0
DA:45,0
DA:46,0
DA:47,0
DA:49,0
DA:50,0
DA:51,0
DA:52,0
DA:53,0
DA:54,0
DA:56,0
DA:57,0
DA:58,0
DA:60,0
DA:61,0
DA:64,0
DA:68,0
DA:69,0
DA:70,0
DA:71,0
DA:73,0
DA:75,0
DA:78,0
DA:79,0
DA:80,0
DA:81,0
DA:82,0
DA:85,0
DA:86,0
DA:87,0
DA:88,0
DA:89,0
DA:90,0
DA:92,0
DA:95,0
DA:96,0
DA:99,0
DA:100,0
DA:103,0
DA:104,0
DA:107,0
DA:108,0
DA:109,0
DA:112,0
DA:113,0
DA:114,0
DA:115,0
DA:116,0
DA:118,0
DA:122,0
DA:123,0
DA:124,0
DA:125,0
DA:127,0
DA:128,0
DA:130,0
DA:134,0
DA:135,0
DA:138,0
DA:139,0
DA:142,0
DA:143,0
DA:146,0
DA:147,0
DA:150,0
DA:155,0
DA:158,0
DA:163,0
DA:166,0
DA:170,0
DA:171,0
DA:172,0
DA:173,0
DA:175,0
DA:176,0
DA:177,0
DA:180,0
DA:181,0
DA:184,0
LF:92
LH:0
BRDA:23,0,0,0
BRDA:23,0,1,0
BRDA:45,1,0,0
BRDA:45,1,1,0
BRDA:47,2,0,0
BRDA:47,2,1,0
BRDA:47,2,2,0
BRDA:47,2,3,0
BRDA:47,2,4,0
BRDA:47,2,5,0
BRDA:47,2,6,0
BRDA:47,2,7,0
BRDA:47,2,8,0
BRDA:47,2,9,0
BRDA:47,2,10,0
BRDA:47,2,11,0
BRDA:47,2,12,0
BRDA:47,2,13,0
BRDA:47,2,14,0
BRDA:47,2,15,0
BRDA:52,3,0,0
BRDA:52,3,1,0
BRDA:58,4,0,0
BRDA:58,4,1,0
BRDA:68,5,0,0
BRDA:68,5,1,0
BRDA:86,6,0,0
BRDA:86,6,1,0
BRDA:88,7,0,0
BRDA:88,7,1,0
BRDA:89,8,0,0
BRDA:89,8,1,0
BRDA:113,9,0,0
BRDA:113,9,1,0
BRDA:123,10,0,0
BRDA:123,10,1,0
BRDA:127,11,0,0
BRDA:127,11,1,0
BRDA:170,12,0,0
BRDA:170,12,1,0
BRF:40
BRH:0
end_of_record
TN:
SF:src/app/components/Input.tsx
FN:155,(anonymous_0)
FN:183,(anonymous_1)
FN:191,(anonymous_2)
FNF:3
FNH:0
FNDA:0,(anonymous_0)
FNDA:0,(anonymous_1)
FNDA:0,(anonymous_2)
DA:35,0
DA:46,0
DA:85,0
DA:114,0
DA:149,0
DA:155,0
DA:179,0
DA:180,0
DA:181,0
DA:183,0
DA:184,0
DA:185,0
DA:186,0
DA:187,0
DA:191,0
DA:192,0
DA:193,0
DA:197,0
LF:18
LH:0
BRDA:159,0,0,0
BRDA:160,1,0,0
BRDA:161,2,0,0
BRDA:162,3,0,0
BRDA:171,4,0,0
BRDA:173,5,0,0
BRDA:174,6,0,0
BRDA:175,7,0,0
BRDA:181,8,0,0
BRDA:181,8,1,0
BRDA:186,9,0,0
BRDA:186,9,1,0
BRDA:187,10,0,0
BRDA:187,10,1,0
BRDA:192,11,0,0
BRDA:192,11,1,0
BRDA:192,12,0,0
BRDA:192,12,1,0
BRDA:192,12,2,0
BRDA:198,13,0,0
BRDA:198,13,1,0
BRDA:199,14,0,0
BRDA:199,14,1,0
BRDA:199,14,2,0
BRDA:201,15,0,0
BRDA:201,15,1,0
BRDA:202,16,0,0
BRDA:202,16,1,0
BRDA:207,17,0,0
BRDA:207,17,1,0
BRDA:208,18,0,0
BRDA:208,18,1,0
BRDA:211,19,0,0
BRDA:211,19,1,0
BRDA:211,19,2,0
BRDA:213,20,0,0
BRDA:213,20,1,0
BRDA:230,21,0,0
BRDA:230,21,1,0
BRDA:231,22,0,0
BRDA:231,22,1,0
BRDA:233,23,0,0
BRDA:233,23,1,0
BRF:43
BRH:0
end_of_record
TN:
SF:src/app/components/InspectSearchOptionDropdown.tsx
FN:11,InspectSearchOptionDropdown
FN:15,(anonymous_1)
FN:19,(anonymous_2)
FNF:3
FNH:0
FNDA:0,InspectSearchOptionDropdown
FNDA:0,(anonymous_1)
FNDA:0,(anonymous_2)
DA:12,0
DA:13,0
DA:15,0
DA:16,0
DA:19,0
DA:20,0
DA:23,0
DA:25,0
LF:8
LH:0
BRF:0
BRH:0
end_of_record
TN:
SF:src/app/components/Inspector.tsx
FN:26,Inspector
FN:35,(anonymous_1)
FN:39,(anonymous_2)
FN:46,renderInspectView
FN:54,(anonymous_4)
FN:58,(anonymous_5)
FNF:6
FNH:0
FNDA:0,Inspector
FNDA:0,(anonymous_1)
FNDA:0,(anonymous_2)
FNDA:0,renderInspectView
FNDA:0,(anonymous_4)
FNDA:0,(anonymous_5)
DA:27,0
DA:28,0
DA:29,0
DA:30,0
DA:31,0
DA:32,0
DA:33,0
DA:35,0
DA:36,0
DA:39,0
DA:40,0
DA:41,0
DA:42,0
DA:47,0
DA:48,0
DA:49,0
DA:50,0
DA:54,0
DA:55,0
DA:58,0
DA:60,0
LF:21
LH:0
BRDA:40,0,0,0
BRDA:40,0,1,0
BRDA:47,1,0,0
BRDA:47,1,1,0
BRDA:47,1,2,0
BRF:5
BRH:0
end_of_record
TN:
SF:src/app/components/InspectorDebugView.tsx
FN:24,InspectorDebugView
FN:28,(anonymous_1)
FN:31,(anonymous_2)
FN:43,renderBlankslate
FN:62,(anonymous_4)
FN:63,(anonymous_5)
FNF:6
FNH:0
FNDA:0,InspectorDebugView
FNDA:0,(anonymous_1)
FNDA:0,(anonymous_2)
FNDA:0,renderBlankslate
FNDA:0,(anonymous_4)
FNDA:0,(anonymous_5)
DA:17,0
DA:25,0
DA:26,0
DA:27,0
DA:28,0
DA:29,0
DA:30,0
DA:31,0
DA:32,0
DA:33,0
DA:40,0
DA:44,0
DA:45,0
DA:48,0
DA:62,0
DA:64,0
LF:16
LH:0
BRDA:30,0,0,0
BRDA:30,0,1,0
BRDA:31,1,0,0
BRDA:31,1,1,0
BRDA:32,2,0,0
BRDA:32,2,1,0
BRDA:44,3,0,0
BRDA:44,3,1,0
BRDA:45,4,0,0
BRDA:45,4,1,0
BRDA:45,5,0,0
BRDA:45,5,1,0
BRDA:58,6,0,0
BRDA:58,6,1,0
BRDA:58,7,0,0
BRDA:58,7,1,0
BRDA:62,8,0,0
BRDA:62,8,1,0
BRDA:70,9,0,0
BRDA:70,9,1,0
BRF:20
BRH:0
end_of_record
TN:
SF:src/app/components/InspectorMultiView.tsx
FN:21,InspectorMultiView
FN:36,(anonymous_1)
FN:40,(anonymous_2)
FN:43,(anonymous_3)
FN:43,(anonymous_4)
FN:46,(anonymous_5)
FN:46,(anonymous_6)
FN:48,(anonymous_7)
FN:51,(anonymous_8)
FN:55,(anonymous_9)
FN:58,(anonymous_10)
FN:73,(anonymous_11)
FN:75,(anonymous_12)
FN:76,(anonymous_13)
FN:84,(anonymous_14)
FN:88,(anonymous_15)
FN:92,(anonymous_16)
FN:96,(anonymous_17)
FN:100,(anonymous_18)
FN:104,(anonymous_19)
FN:152,(anonymous_20)
FNF:21
FNH:0
FNDA:0,InspectorMultiView
FNDA:0,(anonymous_1)
FNDA:0,(anonymous_2)
FNDA:0,(anonymous_3)
FNDA:0,(anonymous_4)
FNDA:0,(anonymous_5)
FNDA:0,(anonymous_6)
FNDA:0,(anonymous_7)
FNDA:0,(anonymous_8)
FNDA:0,(anonymous_9)
FNDA:0,(anonymous_10)
FNDA:0,(anonymous_11)
FNDA:0,(anonymous_12)
FNDA:0,(anonymous_13)
FNDA:0,(anonymous_14)
FNDA:0,(anonymous_15)
FNDA:0,(anonymous_16)
FNDA:0,(anonymous_17)
FNDA:0,(anonymous_18)
FNDA:0,(anonymous_19)
FNDA:0,(anonymous_20)
DA:22,0
DA:24,0
DA:30,0
DA:31,0
DA:32,0
DA:33,0
DA:34,0
DA:36,0
DA:37,0
DA:40,0
DA:41,0
DA:42,0
DA:43,0
DA:45,0
DA:46,0
DA:48,0
DA:51,0
DA:52,0
DA:56,0
DA:57,0
DA:58,0
DA:60,0
DA:61,0
DA:63,0
DA:66,0
DA:69,0
DA:73,0
DA:74,0
DA:75,0
DA:76,0
DA:81,0
DA:84,0
DA:85,0
DA:88,0
DA:92,0
DA:93,0
DA:96,0
DA:97,0
DA:100,0
DA:101,0
DA:104,0
DA:105,0
DA:108,0
DA:152,0
LF:44
LH:0
BRDA:42,0,0,0
BRDA:42,0,1,0
BRDA:43,1,0,0
BRDA:43,1,1,0
BRDA:45,2,0,0
BRDA:45,2,1,0
BRDA:46,3,0,0
BRDA:46,3,1,0
BRDA:48,4,0,0
BRDA:48,4,1,0
BRDA:56,5,0,0
BRDA:56,5,1,0
BRDA:57,6,0,0
BRDA:57,6,1,0
BRDA:60,7,0,0
BRDA:60,7,1,0
BRDA:86,8,0,0
BRDA:86,8,1,0
BRDA:110,9,0,0
BRDA:110,9,1,0
BRDA:150,10,0,0
BRDA:150,10,1,0
BRDA:156,11,0,0
BRDA:156,11,1,0
BRDA:156,12,0,0
BRDA:156,12,1,0
BRDA:158,13,0,0
BRDA:158,13,1,0
BRDA:164,14,0,0
BRDA:164,14,1,0
BRF:30
BRH:0
end_of_record
TN:
SF:src/app/components/InspectorResolvedToken.tsx
FN:21,InspectorResolvedToken
FNF:1
FNH:0
FNDA:0,InspectorResolvedToken
DA:22,0
DA:24,0
DA:25,0
DA:44,0
DA:46,0
DA:61,0
DA:77,0
DA:92,0
DA:93,0
DA:94,0
DA:101,0
DA:119,0
DA:135,0
DA:151,0
LF:14
LH:0
BRDA:24,0,0,0
BRDA:24,0,1,0
BRDA:44,1,0,0
BRDA:44,1,1,0
BRDA:44,1,2,0
BRDA:44,1,3,0
BRDA:44,1,4,0
BRDA:44,1,5,0
BRDA:44,1,6,0
BRDA:93,2,0,0
BRDA:93,2,1,0
BRF:11
BRH:0
end_of_record
TN:
SF:src/app/components/InspectorTokenGroup.tsx
FN:9,InspectorTokenGroup
FN:23,(anonymous_1)
FNF:2
FNH:0
FNDA:0,InspectorTokenGroup
FNDA:0,(anonymous_1)
DA:10,0
DA:12,0
DA:23,0
LF:3
LH:0
BRF:0
BRH:0
end_of_record
TN:
SF:src/app/components/InspectorTokenSingle.tsx
FN:25,InspectorTokenSingle
FN:45,(anonymous_1)
FN:62,(anonymous_2)
FN:64,(anonymous_3)
FN:67,(anonymous_4)
FN:71,(anonymous_5)
FN:75,(anonymous_6)
FN:79,(anonymous_7)
FN:84,(anonymous_8)
FN:88,(anonymous_9)
FN:92,(anonymous_10)
FNF:11
FNH:0
FNDA:0,InspectorTokenSingle
FNDA:0,(anonymous_1)
FNDA:0,(anonymous_2)
FNDA:0,(anonymous_3)
FNDA:0,(anonymous_4)
FNDA:0,(anonymous_5)
FNDA:0,(anonymous_6)
FNDA:0,(anonymous_7)
FNDA:0,(anonymous_8)
FNDA:0,(anonymous_9)
FNDA:0,(anonymous_10)
DA:33,0
DA:34,0
DA:35,0
DA:36,0
DA:37,0
DA:38,0
DA:39,0
DA:40,0
DA:41,0
DA:43,0
DA:45,0
DA:46,0
DA:47,0
DA:49,0
DA:50,0
DA:51,0
DA:52,0
DA:57,0
DA:59,0
DA:62,0
DA:63,0
DA:64,0
DA:67,0
DA:68,0
DA:71,0
DA:72,0
DA:75,0
DA:76,0
DA:79,0
DA:80,0
DA:81,0
DA:84,0
DA:85,0
DA:88,0
DA:89,0
DA:92,0
DA:93,0
DA:96,0
LF:38
LH:0
BRDA:46,0,0,0
BRDA:46,0,1,0
BRDA:50,1,0,0
BRDA:50,1,1,0
BRDA:51,2,0,0
BRDA:51,2,1,0
BRDA:64,3,0,0
BRDA:64,3,1,0
BRDA:64,4,0,0
BRDA:64,4,1,0
BRDA:123,5,0,0
BRDA:123,5,1,0
BRDA:123,5,2,0
BRDA:126,6,0,0
BRDA:126,6,1,0
BRDA:126,6,2,0
BRDA:128,7,0,0
BRDA:128,7,1,0
BRDA:128,7,2,0
BRDA:128,7,3,0
BRDA:139,8,0,0
BRDA:139,8,1,0
BRDA:140,9,0,0
BRDA:140,9,1,0
BRDA:143,10,0,0
BRDA:143,10,1,0
BRDA:156,11,0,0
BRDA:156,11,1,0
BRDA:157,12,0,0
BRDA:157,12,1,0
BRF:30
BRH:0
end_of_record
TN:
SF:src/app/components/JSONEditor.tsx
FN:16,JSONEditor
FN:37,(anonymous_1)
FN:41,(anonymous_2)
FNF:3
FNH:0
FNDA:0,JSONEditor
FNDA:0,(anonymous_1)
FNDA:0,(anonymous_2)
DA:20,0
DA:21,0
DA:22,0
DA:23,0
DA:25,0
DA:26,0
DA:27,0
DA:29,0
DA:37,0
DA:38,0
DA:41,0
DA:42,0
DA:43,0
DA:47,0
DA:49,0
LF:15
LH:0
BRDA:38,0,0,0
BRDA:38,0,1,0
BRDA:42,1,0,0
BRDA:42,1,1,0
BRDA:42,2,0,0
BRDA:42,2,1,0
BRDA:63,3,0,0
BRDA:63,3,1,0
BRDA:72,4,0,0
BRDA:72,4,1,0
BRDA:72,4,2,0
BRF:11
BRH:0
end_of_record
TN:
SF:src/app/components/Label.tsx
FN:5,Label
FNF:1
FNH:0
FNDA:0,Label
DA:16,0
DA:32,0
LF:2
LH:0
BRDA:8,0,0,0
BRF:1
BRH:0
end_of_record
TN:
SF:src/app/components/Link.tsx
FN:17,Link
FNF:1
FNH:0
FNDA:0,Link
DA:4,0
DA:18,0
LF:2
LH:0
BRF:0
BRH:0
end_of_record
TN:
SF:src/app/components/LoadingBar.tsx
FN:31,LoadingBar
FN:35,(anonymous_1)
FN:35,(anonymous_2)
FN:36,(anonymous_3)
FN:36,(anonymous_4)
FN:41,(anonymous_5)
FN:50,(anonymous_6)
FN:50,(anonymous_7)
FN:53,(anonymous_8)
FN:53,(anonymous_9)
FN:57,(anonymous_10)
FNF:11
FNH:0
FNDA:0,LoadingBar
FNDA:0,(anonymous_1)
FNDA:0,(anonymous_2)
FNDA:0,(anonymous_3)
FNDA:0,(anonymous_4)
FNDA:0,(anonymous_5)
FNDA:0,(anonymous_6)
FNDA:0,(anonymous_7)
FNDA:0,(anonymous_8)
FNDA:0,(anonymous_9)
FNDA:0,(anonymous_10)
DA:14,0
DA:32,0
DA:33,0
DA:35,0
DA:36,0
DA:37,0
DA:41,0
DA:42,0
DA:44,0
DA:50,0
DA:51,0
DA:53,0
DA:54,0
DA:57,0
DA:58,0
DA:63,0
DA:64,0
DA:67,0
DA:69,0
LF:19
LH:0
BRDA:37,0,0,0
BRDA:37,0,1,0
BRDA:38,1,0,0
BRDA:38,1,1,0
BRDA:38,2,0,0
BRDA:38,2,1,0
BRDA:46,3,0,0
BRDA:46,3,1,0
BRDA:46,3,2,0
BRDA:51,4,0,0
BRDA:51,4,1,0
BRDA:54,5,0,0
BRDA:54,5,1,0
BRDA:63,6,0,0
BRDA:63,6,1,0
BRDA:67,7,0,0
BRDA:67,7,1,0
BRDA:76,8,0,0
BRDA:76,8,1,0
BRDA:80,9,0,0
BRDA:80,9,1,0
BRDA:83,10,0,0
BRDA:83,10,1,0
BRDA:84,11,0,0
BRDA:84,11,1,0
BRDA:84,11,2,0
BRDA:90,12,0,0
BRDA:90,12,1,0
BRF:28
BRH:0
end_of_record
TN:
SF:src/app/components/LocalStorageItem.tsx
FN:17,(anonymous_0)
FN:24,(anonymous_1)
FN:34,(anonymous_2)
FNF:3
FNH:0
FNDA:0,(anonymous_0)
FNDA:0,(anonymous_1)
FNDA:0,(anonymous_2)
DA:17,0
DA:18,0
DA:19,0
DA:20,0
DA:21,0
DA:22,0
DA:24,0
DA:25,0
DA:27,0
DA:31,0
DA:34,0
DA:35,0
DA:36,0
DA:40,0
DA:41,0
DA:44,0
DA:47,0
DA:49,0
LF:18
LH:0
BRDA:35,0,0,0
BRDA:35,0,1,0
BRDA:40,1,0,0
BRDA:40,1,1,0
BRDA:77,2,0,0
BRDA:77,2,1,0
BRF:6
BRH:0
end_of_record
TN:
SF:src/app/components/MultiSelectCheckboxItem.tsx
FN:12,(anonymous_0)
FN:17,(anonymous_1)
FNF:2
FNH:0
FNDA:0,(anonymous_0)
FNDA:0,(anonymous_1)
DA:12,0
DA:17,0
DA:18,0
DA:21,0
LF:4
LH:0
BRF:0
BRH:0
end_of_record
TN:
SF:src/app/components/MultiSelectDropdown.tsx
FN:13,(anonymous_0)
FN:19,(anonymous_1)
FN:21,(anonymous_2)
FN:23,(anonymous_3)
FN:41,(anonymous_4)
FNF:5
FNH:0
FNDA:0,(anonymous_0)
FNDA:0,(anonymous_1)
FNDA:0,(anonymous_2)
FNDA:0,(anonymous_3)
FNDA:0,(anonymous_4)
DA:13,0
DA:18,0
DA:19,0
DA:21,0
DA:22,0
DA:23,0
DA:24,0
DA:26,0
DA:27,0
DA:31,0
DA:41,0
LF:11
LH:0
BRDA:22,0,0,0
BRDA:22,0,1,0
BRF:2
BRH:0
end_of_record
TN:
SF:src/app/components/Navbar.tsx
FN:23,(anonymous_0)
FN:34,(anonymous_1)
FN:40,(anonymous_2)
FN:46,(anonymous_3)
FNF:4
FNH:0
FNDA:0,(anonymous_0)
FNDA:0,(anonymous_1)
FNDA:0,(anonymous_2)
FNDA:0,(anonymous_3)
DA:23,0
DA:24,0
DA:25,0
DA:26,0
DA:27,0
DA:28,0
DA:29,0
DA:30,0
DA:31,0
DA:33,0
DA:35,0
DA:40,0
DA:41,0
DA:42,0
DA:43,0
DA:46,0
DA:47,0
DA:50,0
LF:18
LH:0
BRDA:41,0,0,0
BRDA:41,0,1,0
BRDA:41,1,0,0
BRDA:41,1,1,0
BRDA:42,2,0,0
BRDA:42,2,1,0
BRDA:42,3,0,0
BRDA:42,3,1,0
BRDA:73,4,0,0
BRDA:73,4,1,0
BRDA:73,4,2,0
BRF:11
BRH:0
end_of_record
TN:
SF:src/app/components/OnboardingExplainer.tsx
FN:28,OnboardingExplainer
FNF:1
FNH:0
FNDA:0,OnboardingExplainer
DA:9,0
DA:13,0
DA:29,0
DA:30,0
LF:4
LH:0
BRDA:31,0,0,0
BRDA:31,0,1,0
BRF:2
BRH:0
end_of_record
TN:
SF:src/app/components/OnboardingFlow.tsx
FN:23,fetchOnboardingImage
FN:40,OnboardingFlow
FN:74,(anonymous_2)
FN:78,(anonymous_3)
FN:82,(anonymous_4)
FN:89,(anonymous_5)
FNF:6
FNH:0
FNDA:0,fetchOnboardingImage
FNDA:0,OnboardingFlow
FNDA:0,(anonymous_2)
FNDA:0,(anonymous_3)
FNDA:0,(anonymous_4)
FNDA:0,(anonymous_5)
DA:12,0
DA:18,0
DA:24,0
DA:26,0
DA:28,0
DA:30,0
DA:32,0
DA:34,0
DA:36,0
DA:41,0
DA:42,0
DA:69,0
DA:70,0
DA:72,0
DA:74,0
DA:75,0
DA:78,0
DA:79,0
DA:82,0
DA:83,0
DA:86,0
DA:90,0
LF:22
LH:0
BRDA:24,0,0,0
BRDA:24,0,1,0
BRDA:24,0,2,0
BRDA:24,0,3,0
BRDA:24,0,4,0
BRDA:24,0,5,0
BRDA:87,1,0,0
BRDA:87,1,1,0
BRDA:96,2,0,0
BRDA:96,2,1,0
BRDA:101,3,0,0
BRDA:101,3,1,0
BRDA:112,4,0,0
BRDA:112,4,1,0
BRDA:113,5,0,0
BRDA:113,5,1,0
BRDA:118,6,0,0
BRDA:118,6,1,0
BRF:18
BRH:0
end_of_record
TN:
SF:src/app/components/PluginResizer.tsx
FN:11,(anonymous_0)
FNF:1
FNH:0
FNDA:0,(anonymous_0)
DA:11,0
DA:12,0
DA:14,0
LF:3
LH:0
BRDA:14,0,0,0
BRDA:14,0,1,0
BRF:2
BRH:0
end_of_record
TN:
SF:src/app/components/ProBadge.tsx
FN:30,ProBadge
FNF:1
FNH:0
FNDA:0,ProBadge
DA:6,0
DA:31,0
DA:32,0
DA:34,0
DA:36,0
LF:5
LH:0
BRDA:38,0,0,0
BRDA:38,0,1,0
BRDA:38,1,0,0
BRDA:38,1,1,0
BRF:4
BRH:0
end_of_record
TN:
SF:src/app/components/PullDialog.tsx
FN:14,PullDialog
FN:20,(anonymous_1)
FN:24,(anonymous_2)
FNF:3
FNH:0
FNDA:0,PullDialog
FNDA:0,(anonymous_1)
FNDA:0,(anonymous_2)
DA:15,0
DA:16,0
DA:18,0
DA:20,0
DA:21,0
DA:24,0
DA:25,0
DA:28,0
DA:30,0
DA:58,0
DA:68,0
LF:11
LH:0
BRDA:28,0,0,0
BRDA:28,0,1,0
BRDA:28,0,2,0
BRF:3
BRH:0
end_of_record
TN:
SF:src/app/components/PushDialog.tsx
FN:29,PushDialog
FN:38,(anonymous_1)
FN:42,(anonymous_2)
FN:82,(anonymous_3)
FN:89,(anonymous_4)
FN:95,(anonymous_5)
FN:102,(anonymous_6)
FN:109,(anonymous_7)
FNF:8
FNH:0
FNDA:0,PushDialog
FNDA:0,(anonymous_1)
FNDA:0,(anonymous_2)
FNDA:0,(anonymous_3)
FNDA:0,(anonymous_4)
FNDA:0,(anonymous_5)
FNDA:0,(anonymous_6)
FNDA:0,(anonymous_7)
DA:30,0
DA:31,0
DA:32,0
DA:33,0
DA:34,0
DA:35,0
DA:36,0
DA:38,0
DA:39,0
DA:42,0
DA:43,0
DA:44,0
DA:45,0
DA:47,0
DA:52,0
DA:54,0
DA:59,0
DA:61,0
DA:62,0
DA:65,0
DA:71,0
DA:73,0
DA:75,0
DA:76,0
DA:78,0
DA:81,0
DA:83,0
DA:88,0
DA:90,0
DA:95,0
DA:96,0
DA:97,0
DA:98,0
DA:102,0
DA:103,0
DA:104,0
DA:108,0
DA:110,0
DA:111,0
DA:117,0
DA:119,0
DA:122,0
DA:190,0
DA:207,0
DA:236,0
LF:45
LH:0
BRDA:35,0,0,0
BRDA:35,0,1,0
BRDA:35,1,0,0
BRDA:35,1,1,0
BRDA:39,2,0,0
BRDA:39,2,1,0
BRDA:44,3,0,0
BRDA:44,3,1,0
BRDA:44,4,0,0
BRDA:44,4,1,0
BRDA:44,4,2,0
BRDA:45,5,0,0
BRDA:45,5,1,0
BRDA:45,5,2,0
BRDA:45,5,3,0
BRDA:45,5,4,0
BRDA:75,6,0,0
BRDA:75,6,1,0
BRDA:96,7,0,0
BRDA:96,7,1,0
BRDA:96,8,0,0
BRDA:96,8,1,0
BRDA:97,9,0,0
BRDA:97,9,1,0
BRDA:98,10,0,0
BRDA:98,10,1,0
BRDA:98,10,2,0
BRDA:103,11,0,0
BRDA:103,11,1,0
BRDA:103,12,0,0
BRDA:103,12,1,0
BRDA:103,12,2,0
BRDA:110,13,0,0
BRDA:110,13,1,0
BRDA:110,14,0,0
BRDA:110,14,1,0
BRDA:110,14,2,0
BRDA:119,15,0,0
BRDA:119,15,1,0
BRDA:119,15,2,0
BRDA:119,15,3,0
BRDA:119,15,4,0
BRDA:138,16,0,0
BRDA:138,16,1,0
BRDA:138,16,2,0
BRDA:158,17,0,0
BRDA:158,17,1,0
BRDA:158,17,2,0
BRDA:175,18,0,0
BRDA:175,18,1,0
BRDA:183,19,0,0
BRDA:183,19,1,0
BRDA:184,20,0,0
BRDA:184,20,1,0
BRDA:196,21,0,0
BRDA:196,21,1,0
BRDA:197,22,0,0
BRDA:197,22,1,0
BRDA:198,23,0,0
BRDA:198,23,1,0
BRDA:199,24,0,0
BRDA:199,24,1,0
BRDA:200,25,0,0
BRDA:200,25,1,0
BRDA:216,26,0,0
BRDA:216,26,1,0
BRDA:217,27,0,0
BRDA:217,27,1,0
BRDA:218,28,0,0
BRDA:218,28,1,0
BRDA:219,29,0,0
BRDA:219,29,1,0
BRDA:220,30,0,0
BRDA:220,30,1,0
BRDA:225,31,0,0
BRDA:225,31,1,0
BRF:76
BRH:0
end_of_record
TN:
SF:src/app/components/PushDialogSupernovaConfirm.tsx
FN:12,PushDialogSupernovaConfirm
FNF:1
FNH:0
FNDA:0,PushDialogSupernovaConfirm
DA:13,0
DA:15,0
LF:2
LH:0
BRDA:28,0,0,0
BRDA:28,0,1,0
BRF:2
BRH:0
end_of_record
TN:
SF:src/app/components/PushJSON.tsx
FN:15,PushJSON
FN:22,(anonymous_1)
FN:33,(anonymous_2)
FN:45,(anonymous_3)
FNF:4
FNH:0
FNDA:0,PushJSON
FNDA:0,(anonymous_1)
FNDA:0,(anonymous_2)
FNDA:0,(anonymous_3)
DA:9,0
DA:16,0
DA:17,0
DA:18,0
DA:19,0
DA:20,0
DA:22,0
DA:23,0
DA:24,0
DA:25,0
DA:26,0
DA:28,0
DA:29,0
DA:31,0
DA:32,0
DA:33,0
DA:35,0
DA:39,0
DA:46,0
LF:19
LH:0
BRDA:24,0,0,0
BRDA:24,0,1,0
BRDA:25,1,0,0
BRDA:25,1,1,0
BRDA:32,2,0,0
BRDA:32,2,1,0
BRDA:45,3,0,0
BRDA:45,3,1,0
BRDA:46,4,0,0
BRDA:46,4,1,0
BRDA:49,5,0,0
BRDA:49,5,1,0
BRDA:49,5,2,0
BRDA:58,6,0,0
BRDA:58,6,1,0
BRDA:61,7,0,0
BRDA:61,7,1,0
BRDA:71,8,0,0
BRDA:71,8,1,0
BRDA:74,9,0,0
BRDA:74,9,1,0
BRF:21
BRH:0
end_of_record
TN:
SF:src/app/components/PushSettingForm.tsx
FN:19,PushSettingForm
FN:24,(anonymous_1)
FNF:2
FNH:0
FNDA:0,PushSettingForm
FNDA:0,(anonymous_1)
DA:22,0
DA:24,0
DA:25,0
DA:28,0
DA:30,0
LF:5
LH:0
BRDA:30,0,0,0
BRDA:30,0,1,0
BRDA:37,1,0,0
BRDA:37,1,1,0
BRF:4
BRH:0
end_of_record
TN:
SF:src/app/components/RemConfiguration.tsx
FN:22,(anonymous_0)
FN:32,(anonymous_1)
FN:32,(anonymous_2)
FN:35,(anonymous_3)
FN:41,(anonymous_4)
FN:61,(anonymous_5)
FN:72,(anonymous_6)
FNF:7
FNH:0
FNDA:0,(anonymous_0)
FNDA:0,(anonymous_1)
FNDA:0,(anonymous_2)
FNDA:0,(anonymous_3)
FNDA:0,(anonymous_4)
FNDA:0,(anonymous_5)
FNDA:0,(anonymous_6)
DA:22,0
DA:23,0
DA:24,0
DA:25,0
DA:26,0
DA:27,0
DA:28,0
DA:29,0
DA:30,0
DA:32,0
DA:34,0
DA:35,0
DA:41,0
DA:42,0
DA:43,0
DA:44,0
DA:45,0
DA:48,0
DA:49,0
DA:50,0
DA:52,0
DA:53,0
DA:55,0
DA:57,0
DA:60,0
DA:62,0
DA:63,0
DA:64,0
DA:65,0
DA:71,0
DA:73,0
DA:74,0
DA:75,0
DA:76,0
DA:82,0
LF:35
LH:0
BRDA:44,0,0,0
BRDA:44,0,1,0
BRDA:44,1,0,0
BRDA:44,1,1,0
BRDA:45,2,0,0
BRDA:45,2,1,0
BRDA:48,3,0,0
BRDA:48,3,1,0
BRDA:64,4,0,0
BRDA:64,4,1,0
BRDA:64,5,0,0
BRDA:64,5,1,0
BRDA:75,6,0,0
BRDA:75,6,1,0
BRDA:75,7,0,0
BRDA:75,7,1,0
BRDA:93,8,0,0
BRDA:93,8,1,0
BRDA:99,9,0,0
BRDA:99,9,1,0
BRDA:103,10,0,0
BRDA:103,10,1,0
BRDA:106,11,0,0
BRDA:106,11,1,0
BRDA:119,12,0,0
BRDA:119,12,1,0
BRF:26
BRH:0
end_of_record
TN:
SF:src/app/components/ResolvedBorderValueDisplay.tsx
FN:21,(anonymous_0)
FN:36,(anonymous_1)
FN:42,(anonymous_2)
FNF:3
FNH:0
FNDA:0,(anonymous_0)
FNDA:0,(anonymous_1)
FNDA:0,(anonymous_2)
DA:12,0
DA:17,0
DA:21,0
DA:22,0
DA:23,0
DA:24,0
DA:30,0
DA:37,0
DA:43,0
LF:9
LH:0
BRF:0
BRH:0
end_of_record
TN:
SF:src/app/components/ResolvedShadowValueDisplay.tsx
FN:20,(anonymous_0)
FN:29,(anonymous_1)
FN:35,(anonymous_2)
FNF:3
FNH:0
FNDA:0,(anonymous_0)
FNDA:0,(anonymous_1)
FNDA:0,(anonymous_2)
DA:11,0
DA:16,0
DA:20,0
DA:21,0
DA:23,0
DA:30,0
DA:36,0
LF:7
LH:0
BRF:0
BRH:0
end_of_record
TN:
SF:src/app/components/ResolvedTokenDisplay.tsx
FN:11,ResolvedTokenDisplay
FN:18,(anonymous_1)
FNF:2
FNH:0
FNDA:0,ResolvedTokenDisplay
FNDA:0,(anonymous_1)
DA:18,0
DA:19,0
DA:22,0
DA:23,0
DA:30,0
DA:31,0
DA:32,0
DA:35,0
DA:36,0
DA:43,0
DA:44,0
DA:47,0
LF:12
LH:0
BRDA:19,0,0,0
BRDA:19,0,1,0
BRDA:22,1,0,0
BRDA:22,1,1,0
BRDA:22,2,0,0
BRDA:22,2,1,0
BRDA:30,3,0,0
BRDA:30,3,1,0
BRDA:30,4,0,0
BRDA:30,4,1,0
BRDA:31,5,0,0
BRDA:31,5,1,0
BRDA:35,6,0,0
BRDA:35,6,1,0
BRDA:35,7,0,0
BRDA:35,7,1,0
BRDA:43,8,0,0
BRDA:43,8,1,0
BRDA:43,9,0,0
BRDA:43,9,1,0
BRF:20
BRH:0
end_of_record
TN:
SF:src/app/components/ResolvedTypographyValueDisplay.tsx
FN:21,(anonymous_0)
FN:44,(anonymous_1)
FN:50,(anonymous_2)
FNF:3
FNH:0
FNDA:0,(anonymous_0)
FNDA:0,(anonymous_1)
FNDA:0,(anonymous_2)
DA:12,0
DA:17,0
DA:21,0
DA:22,0
DA:24,0
DA:26,0
DA:38,0
DA:45,0
DA:51,0
LF:9
LH:0
BRF:0
BRH:0
end_of_record
TN:
SF:src/app/components/Select.tsx
FN:25,Select
FNF:1
FNH:0
FNDA:0,Select
DA:5,0
DA:28,0
LF:2
LH:0
BRF:0
BRH:0
end_of_record
TN:
SF:src/app/components/SettingsDropdown.tsx
FN:12,SettingsDropdown
FN:24,(anonymous_1)
FN:28,(anonymous_2)
FN:32,(anonymous_3)
FN:36,(anonymous_4)
FNF:5
FNH:0
FNDA:0,SettingsDropdown
FNDA:0,(anonymous_1)
FNDA:0,(anonymous_2)
FNDA:0,(anonymous_3)
FNDA:0,(anonymous_4)
DA:13,0
DA:14,0
DA:18,0
DA:22,0
DA:24,0
DA:25,0
DA:28,0
DA:29,0
DA:32,0
DA:33,0
DA:36,0
DA:37,0
DA:40,0
LF:13
LH:0
BRDA:61,0,0,0
BRDA:61,0,1,0
BRF:2
BRH:0
end_of_record
TN:
SF:src/app/components/SingleBoxShadowDownShiftInput.tsx
FN:8,SingleBoxShadowDownShiftInput
FN:30,(anonymous_1)
FN:40,(anonymous_2)
FNF:3
FNH:0
FNDA:0,SingleBoxShadowDownShiftInput
FNDA:0,(anonymous_1)
FNDA:0,(anonymous_2)
DA:27,0
DA:28,0
DA:30,0
DA:31,0
DA:32,0
DA:33,0
DA:35,0
DA:39,0
DA:40,0
DA:43,0
LF:10
LH:0
BRDA:28,0,0,0
BRDA:28,0,1,0
BRDA:31,1,0,0
BRDA:31,1,1,0
BRDA:31,2,0,0
BRDA:31,2,1,0
BRDA:31,2,2,0
BRDA:33,3,0,0
BRDA:33,3,1,0
BRDA:35,4,0,0
BRDA:35,4,1,0
BRDA:53,5,0,0
BRDA:53,5,1,0
BRDA:55,6,0,0
BRDA:55,6,1,0
BRDA:55,6,2,0
BRF:16
BRH:0
end_of_record
TN:
SF:src/app/components/SingleBoxShadowInput.tsx
FN:42,SingleBoxShadowInput
FN:66,(anonymous_1)
FN:68,(anonymous_2)
FN:82,(anonymous_3)
FN:97,(anonymous_4)
FN:111,(anonymous_5)
FN:115,(anonymous_6)
FN:129,(anonymous_7)
FN:141,(anonymous_8)
FN:153,(anonymous_9)
FN:156,(anonymous_10)
FN:196,(anonymous_11)
FN:244,(anonymous_12)
FNF:13
FNH:0
FNDA:0,SingleBoxShadowInput
FNDA:0,(anonymous_1)
FNDA:0,(anonymous_2)
FNDA:0,(anonymous_3)
FNDA:0,(anonymous_4)
FNDA:0,(anonymous_5)
FNDA:0,(anonymous_6)
FNDA:0,(anonymous_7)
FNDA:0,(anonymous_8)
FNDA:0,(anonymous_9)
FNDA:0,(anonymous_10)
FNDA:0,(anonymous_11)
FNDA:0,(anonymous_12)
DA:30,0
DA:38,0
DA:63,0
DA:64,0
DA:65,0
DA:66,0
DA:68,0
DA:69,0
DA:70,0
DA:71,0
DA:72,0
DA:74,0
DA:82,0
DA:83,0
DA:84,0
DA:85,0
DA:86,0
DA:87,0
DA:89,0
DA:97,0
DA:98,0
DA:99,0
DA:100,0
DA:101,0
DA:103,0
DA:111,0
DA:112,0
DA:115,0
DA:116,0
DA:117,0
DA:118,0
DA:119,0
DA:121,0
DA:129,0
DA:130,0
DA:131,0
DA:132,0
DA:133,0
DA:134,0
DA:136,0
DA:139,0
DA:141,0
DA:142,0
DA:145,0
DA:151,0
DA:153,0
DA:157,0
DA:158,0
DA:160,0
DA:161,0
DA:163,0
DA:164,0
DA:167,0
DA:169,0
DA:171,0
DA:173,0
DA:175,0
DA:176,0
DA:179,0
DA:180,0
DA:183,0
DA:184,0
DA:189,0
DA:196,0
DA:201,0
DA:205,0
DA:245,0
LF:67
LH:0
BRDA:44,0,0,0
BRDA:69,1,0,0
BRDA:69,1,1,0
BRDA:83,2,0,0
BRDA:83,2,1,0
BRDA:83,3,0,0
BRDA:83,3,1,0
BRDA:84,4,0,0
BRDA:84,4,1,0
BRDA:98,5,0,0
BRDA:98,5,1,0
BRDA:116,6,0,0
BRDA:116,6,1,0
BRDA:131,7,0,0
BRDA:131,7,1,0
BRDA:136,8,0,0
BRDA:136,8,1,0
BRDA:154,9,0,0
BRDA:154,9,1,0
BRDA:157,10,0,0
BRDA:157,10,1,0
BRDA:163,11,0,0
BRDA:163,11,1,0
BRDA:175,12,0,0
BRDA:175,12,1,0
BRDA:175,13,0,0
BRDA:175,13,1,0
BRDA:179,14,0,0
BRDA:179,14,1,0
BRDA:179,15,0,0
BRDA:179,15,1,0
BRDA:207,16,0,0
BRDA:207,16,1,0
BRDA:212,17,0,0
BRDA:212,17,1,0
BRDA:224,18,0,0
BRDA:224,18,1,0
BRDA:229,19,0,0
BRDA:229,19,1,0
BRDA:240,20,0,0
BRDA:240,20,1,0
BRDA:250,21,0,0
BRDA:250,21,1,0
BRDA:260,22,0,0
BRDA:260,22,1,0
BRDA:260,22,2,0
BRDA:261,23,0,0
BRDA:261,23,1,0
BRF:48
BRH:0
end_of_record
TN:
SF:src/app/components/SingleCompositionTokenContent.tsx
FN:28,SingleCompositionTokenContent
FN:46,(anonymous_1)
FNF:2
FNH:0
FNDA:0,SingleCompositionTokenContent
FNDA:0,(anonymous_1)
DA:41,0
DA:42,0
DA:43,0
DA:44,0
DA:46,0
DA:47,0
DA:50,0
LF:7
LH:0
BRDA:59,0,0,0
BRDA:59,0,1,0
BRF:2
BRH:0
end_of_record
TN:
SF:src/app/components/SingleCompositionTokenForm.tsx
FN:15,SingleCompositionTokenForm
FN:44,(anonymous_1)
FN:49,(anonymous_2)
FN:62,(anonymous_3)
FN:69,(anonymous_4)
FN:74,(anonymous_5)
FN:78,(anonymous_6)
FN:100,(anonymous_7)
FNF:8
FNH:0
FNDA:0,SingleCompositionTokenForm
FNDA:0,(anonymous_1)
FNDA:0,(anonymous_2)
FNDA:0,(anonymous_3)
FNDA:0,(anonymous_4)
FNDA:0,(anonymous_5)
FNDA:0,(anonymous_6)
FNDA:0,(anonymous_7)
DA:40,0
DA:41,0
DA:42,0
DA:44,0
DA:46,0
DA:47,0
DA:48,0
DA:49,0
DA:50,0
DA:52,0
DA:55,0
DA:56,0
DA:57,0
DA:58,0
DA:61,0
DA:63,0
DA:64,0
DA:69,0
DA:70,0
DA:71,0
DA:74,0
DA:75,0
DA:78,0
DA:79,0
DA:100,0
DA:105,0
LF:26
LH:0
BRDA:79,0,0,0
BRDA:79,0,1,0
BRDA:81,1,0,0
BRDA:81,1,1,0
BRDA:92,2,0,0
BRDA:92,2,1,0
BRDA:99,3,0,0
BRDA:99,3,1,0
BRDA:128,4,0,0
BRDA:128,4,1,0
BRF:10
BRH:0
end_of_record
TN:
SF:src/app/components/SingleTypographyDownShiftInput.tsx
FN:7,SingleTypographyDownShiftInput
FN:26,(anonymous_1)
FN:30,(anonymous_2)
FNF:3
FNH:0
FNDA:0,SingleTypographyDownShiftInput
FNDA:0,(anonymous_1)
FNDA:0,(anonymous_2)
DA:26,0
DA:27,0
DA:30,0
DA:32,0
DA:34,0
LF:5
LH:0
BRF:0
BRH:0
end_of_record
TN:
SF:src/app/components/Stack.tsx
FNF:0
FNH:0
LF:0
LH:0
BRF:0
BRH:0
end_of_record
TN:
SF:src/app/components/StartScreen.tsx
FN:39,StartScreen
FN:46,(anonymous_1)
FN:52,(anonymous_2)
FN:58,(anonymous_3)
FN:62,(anonymous_4)
FNF:5
FNH:0
FNDA:0,StartScreen
FNDA:0,(anonymous_1)
FNDA:0,(anonymous_2)
FNDA:0,(anonymous_3)
FNDA:0,(anonymous_4)
DA:22,0
DA:27,0
DA:40,0
DA:41,0
DA:43,0
DA:44,0
DA:46,0
DA:47,0
DA:48,0
DA:49,0
DA:52,0
DA:53,0
DA:54,0
DA:55,0
DA:58,0
DA:59,0
DA:60,0
DA:62,0
DA:63,0
DA:69,0
DA:70,0
DA:71,0
DA:74,0
LF:23
LH:0
BRDA:59,0,0,0
BRDA:59,0,1,0
BRDA:63,1,0,0
BRDA:63,1,1,0
BRDA:119,2,0,0
BRDA:119,2,1,0
BRF:6
BRH:0
end_of_record
TN:
SF:src/app/components/StorageItem.tsx
FN:25,(anonymous_0)
FN:38,(anonymous_1)
FN:45,(anonymous_2)
FN:47,(anonymous_3)
FN:59,(anonymous_4)
FNF:5
FNH:0
FNDA:0,(anonymous_0)
FNDA:0,(anonymous_1)
FNDA:0,(anonymous_2)
FNDA:0,(anonymous_3)
FNDA:0,(anonymous_4)
DA:25,0
DA:26,0
DA:27,0
DA:28,0
DA:29,0
DA:30,0
DA:31,0
DA:32,0
DA:33,0
DA:34,0
DA:36,0
DA:38,0
DA:39,0
DA:42,0
DA:45,0
DA:47,0
DA:48,0
DA:49,0
DA:50,0
DA:51,0
DA:52,0
DA:59,0
DA:60,0
DA:61,0
DA:62,0
DA:64,0
DA:65,0
DA:69,0
LF:28
LH:0
BRDA:30,0,0,0
BRDA:30,0,1,0
BRDA:48,1,0,0
BRDA:48,1,1,0
BRDA:61,2,0,0
BRDA:61,2,1,0
BRDA:113,3,0,0
BRDA:113,3,1,0
BRDA:117,4,0,0
BRDA:117,4,1,0
BRDA:117,4,2,0
BRDA:134,5,0,0
BRDA:134,5,1,0
BRDA:136,6,0,0
BRDA:136,6,1,0
BRF:15
BRH:0
end_of_record
TN:
SF:src/app/components/StorageItemForm.tsx
FN:26,StorageItemForm
FNF:1
FNH:0
FNDA:0,StorageItemForm
DA:29,0
DA:32,0
DA:44,0
DA:56,0
DA:68,0
DA:80,0
DA:92,0
DA:105,0
DA:117,0
DA:129,0
LF:10
LH:0
BRDA:27,0,0,0
BRDA:29,1,0,0
BRDA:29,1,1,0
BRDA:29,1,2,0
BRDA:29,1,3,0
BRDA:29,1,4,0
BRDA:29,1,5,0
BRDA:29,1,6,0
BRDA:29,1,7,0
BRDA:29,1,8,0
BRDA:29,1,9,0
BRF:11
BRH:0
end_of_record
TN:
SF:src/app/components/StyledBrokenReferenceIndicator.tsx
FN:19,StyledBrokenReferenceIndicator
FNF:1
FNH:0
FNDA:0,StyledBrokenReferenceIndicator
DA:5,0
DA:20,0
LF:2
LH:0
BRF:0
BRH:0
end_of_record
TN:
SF:src/app/components/StyledDiff.tsx
FNF:0
FNH:0
DA:3,0
LF:1
LH:0
BRF:0
BRH:0
end_of_record
TN:
SF:src/app/components/StyledDirtyStateBadge.tsx
FNF:0
FNH:0
DA:3,0
LF:1
LH:0
BRF:0
BRH:0
end_of_record
TN:
SF:src/app/components/StyledInputSuffix.tsx
FNF:0
FNH:0
DA:4,0
DA:10,0
LF:2
LH:0
BRF:0
BRH:0
end_of_record
TN:
SF:src/app/components/StyledInspectBadge.tsx
FNF:0
FNH:0
DA:3,0
LF:1
LH:0
BRF:0
BRH:0
end_of_record
TN:
SF:src/app/components/StyledStorageItem.tsx
FNF:0
FNH:0
DA:3,0
LF:1
LH:0
BRF:0
BRH:0
end_of_record
TN:
SF:src/app/components/StylesDropdown.tsx
FN:13,StylesDropdown
FN:33,(anonymous_1)
FN:37,(anonymous_2)
FN:41,(anonymous_3)
FNF:4
FNH:0
FNDA:0,StylesDropdown
FNDA:0,(anonymous_1)
FNDA:0,(anonymous_2)
FNDA:0,(anonymous_3)
DA:14,0
DA:15,0
DA:16,0
DA:17,0
DA:18,0
DA:20,0
DA:21,0
DA:23,0
DA:31,0
DA:33,0
DA:34,0
DA:37,0
DA:38,0
DA:41,0
DA:42,0
DA:45,0
LF:16
LH:0
BRDA:18,0,0,0
BRDA:18,0,1,0
BRDA:57,1,0,0
BRDA:57,1,1,0
BRDA:62,2,0,0
BRDA:62,2,1,0
BRF:6
BRH:0
end_of_record
TN:
SF:src/app/components/SyncSettings.tsx
FN:21,(anonymous_0)
FN:26,(anonymous_1)
FN:79,(anonymous_2)
FN:89,(anonymous_3)
FN:89,(anonymous_4)
FN:98,(anonymous_5)
FN:104,(anonymous_6)
FN:104,(anonymous_7)
FN:112,(anonymous_8)
FN:116,(anonymous_9)
FN:155,(anonymous_10)
FN:186,(anonymous_11)
FNF:12
FNH:0
FNDA:0,(anonymous_0)
FNDA:0,(anonymous_1)
FNDA:0,(anonymous_2)
FNDA:0,(anonymous_3)
FNDA:0,(anonymous_4)
FNDA:0,(anonymous_5)
FNDA:0,(anonymous_6)
FNDA:0,(anonymous_7)
FNDA:0,(anonymous_8)
FNDA:0,(anonymous_9)
FNDA:0,(anonymous_10)
FNDA:0,(anonymous_11)
DA:21,0
DA:22,0
DA:24,0
DA:26,0
DA:67,0
DA:68,0
DA:70,0
DA:72,0
DA:74,0
DA:75,0
DA:76,0
DA:78,0
DA:80,0
DA:81,0
DA:82,0
DA:88,0
DA:89,0
DA:90,0
DA:91,0
DA:92,0
DA:93,0
DA:98,0
DA:99,0
DA:100,0
DA:103,0
DA:104,0
DA:105,0
DA:106,0
DA:107,0
DA:112,0
DA:113,0
DA:116,0
DA:117,0
DA:120,0
DA:156,0
DA:187,0
LF:36
LH:0
BRDA:81,0,0,0
BRDA:81,0,1,0
BRDA:122,1,0,0
BRDA:122,1,1,0
BRDA:130,2,0,0
BRDA:130,2,1,0
BRDA:164,3,0,0
BRDA:164,3,1,0
BRDA:186,4,0,0
BRDA:186,4,1,0
BRDA:188,5,0,0
BRDA:188,5,1,0
BRF:12
BRH:0
end_of_record
TN:
SF:src/app/components/Text.tsx
FN:4,WrappedText
FNF:1
FNH:0
FNDA:0,WrappedText
DA:5,0
DA:6,0
LF:2
LH:0
BRDA:5,0,0,0
BRF:1
BRH:0
end_of_record
TN:
SF:src/app/components/ToggleEmptyButton.tsx
FN:9,ToggleEmptyButton
FN:15,(anonymous_1)
FNF:2
FNH:0
FNDA:0,ToggleEmptyButton
FNDA:0,(anonymous_1)
DA:10,0
DA:11,0
DA:13,0
DA:15,0
DA:16,0
DA:19,0
LF:6
LH:0
BRDA:22,0,0,0
BRDA:22,0,1,0
BRF:2
BRH:0
end_of_record
TN:
SF:src/app/components/TokenFilter.tsx
FN:32,(anonymous_0)
FN:38,(anonymous_1)
FN:42,(anonymous_2)
FN:48,(anonymous_3)
FNF:4
FNH:0
FNDA:0,(anonymous_0)
FNDA:0,(anonymous_1)
FNDA:0,(anonymous_2)
FNDA:0,(anonymous_3)
DA:12,0
DA:32,0
DA:33,0
DA:34,0
DA:35,0
DA:36,0
DA:38,0
DA:39,0
DA:42,0
DA:43,0
DA:44,0
DA:45,0
DA:48,0
DA:49,0
DA:50,0
DA:53,0
LF:16
LH:0
BRDA:73,0,0,0
BRDA:73,0,1,0
BRF:2
BRH:0
end_of_record
TN:
SF:src/app/components/TokenFormatBadge.tsx
FN:14,TokenFormatBadge
FN:21,(anonymous_1)
FNF:2
FNH:0
FNDA:0,TokenFormatBadge
FNDA:0,(anonymous_1)
DA:15,0
DA:16,0
DA:17,0
DA:19,0
DA:21,0
DA:22,0
DA:25,0
DA:26,0
DA:29,0
LF:9
LH:0
BRDA:14,0,0,0
BRDA:25,1,0,0
BRDA:25,1,1,0
BRDA:26,2,0,0
BRDA:26,2,1,0
BRDA:29,3,0,0
BRDA:29,3,1,0
BRF:7
BRH:0
end_of_record
TN:
SF:src/app/components/TokenInput.tsx
FN:53,TokenInput
FNF:1
FNH:0
FNDA:0,TokenInput
DA:6,0
DA:24,0
DA:37,0
DA:56,0
LF:4
LH:0
BRDA:54,0,0,0
BRDA:54,1,0,0
BRDA:54,2,0,0
BRF:3
BRH:0
end_of_record
TN:
SF:src/app/components/TokenListing.tsx
FN:23,(anonymous_0)
FN:32,(anonymous_1)
FN:49,(anonymous_2)
FN:55,(anonymous_3)
FN:59,(anonymous_4)
FN:63,(anonymous_5)
FNF:6
FNH:0
FNDA:0,(anonymous_0)
FNDA:0,(anonymous_1)
FNDA:0,(anonymous_2)
FNDA:0,(anonymous_3)
FNDA:0,(anonymous_4)
FNDA:0,(anonymous_5)
DA:23,0
DA:26,0
DA:27,0
DA:28,0
DA:29,0
DA:31,0
DA:33,0
DA:34,0
DA:35,0
DA:48,0
DA:50,0
DA:55,0
DA:58,0
DA:60,0
DA:61,0
DA:62,0
DA:63,0
DA:64,0
DA:65,0
DA:67,0
DA:69,0
DA:78,0
DA:80,0
LF:23
LH:0
BRDA:34,0,0,0
BRDA:34,0,1,0
BRDA:42,1,0,0
BRDA:42,1,1,0
BRDA:42,2,0,0
BRDA:42,2,1,0
BRDA:49,3,0,0
BRDA:61,4,0,0
BRDA:61,4,1,0
BRDA:78,5,0,0
BRDA:78,5,1,0
BRDA:78,6,0,0
BRDA:78,6,1,0
BRDA:91,7,0,0
BRDA:91,7,1,0
BRDA:97,8,0,0
BRDA:97,8,1,0
BRF:17
BRH:0
end_of_record
TN:
SF:src/app/components/TokenListingHeading.tsx
FN:28,TokenListingHeading
FN:44,(anonymous_1)
FN:46,(anonymous_2)
FNF:3
FNH:0
FNDA:0,TokenListingHeading
FNDA:0,(anonymous_1)
FNDA:0,(anonymous_2)
DA:37,0
DA:38,0
DA:40,0
DA:41,0
DA:43,0
DA:44,0
DA:46,0
DA:47,0
DA:50,0
DA:52,0
LF:10
LH:0
BRDA:47,0,0,0
BRDA:47,0,1,0
BRDA:61,1,0,0
BRDA:61,1,1,0
BRDA:64,2,0,0
BRDA:64,2,1,0
BRDA:74,3,0,0
BRDA:74,3,1,0
BRDA:76,4,0,0
BRDA:76,4,1,0
BRDA:77,5,0,0
BRDA:77,5,1,0
BRDA:87,6,0,0
BRDA:87,6,1,0
BRDA:87,6,2,0
BRDA:87,6,3,0
BRF:16
BRH:0
end_of_record
TN:
SF:src/app/components/TokenSetListItemContent.tsx
FN:29,TokenSetListItemContent
FN:41,(anonymous_1)
FN:56,(anonymous_2)
FN:60,(anonymous_3)
FN:64,(anonymous_4)
FNF:5
FNH:0
FNDA:0,TokenSetListItemContent
FNDA:0,(anonymous_1)
FNDA:0,(anonymous_2)
FNDA:0,(anonymous_3)
FNDA:0,(anonymous_4)
DA:30,0
DA:31,0
DA:32,0
DA:33,0
DA:34,0
DA:35,0
DA:36,0
DA:37,0
DA:39,0
DA:41,0
DA:42,0
DA:43,0
DA:44,0
DA:45,0
DA:46,0
DA:47,0
DA:50,0
DA:51,0
DA:56,0
DA:57,0
DA:60,0
DA:61,0
DA:64,0
DA:65,0
DA:68,0
LF:25
LH:0
BRDA:42,0,0,0
BRDA:42,0,1,0
BRDA:43,1,0,0
BRDA:43,1,1,0
BRDA:45,2,0,0
BRDA:45,2,1,0
BRDA:73,3,0,0
BRDA:73,3,1,0
BRDA:74,4,0,0
BRDA:74,4,1,0
BRDA:81,5,0,0
BRDA:81,5,1,0
BRF:12
BRH:0
end_of_record
TN:
SF:src/app/components/TokenSetSelector.tsx
FN:20,TokenSetSelector
FN:41,(anonymous_1)
FN:43,(anonymous_2)
FN:44,(anonymous_3)
FN:51,(anonymous_4)
FN:55,(anonymous_5)
FN:63,(anonymous_6)
FN:75,(anonymous_7)
FN:83,(anonymous_8)
FN:91,(anonymous_9)
FN:106,(anonymous_10)
FN:110,(anonymous_11)
FN:114,(anonymous_12)
FN:118,(anonymous_13)
FN:123,(anonymous_14)
FN:127,(anonymous_15)
FN:131,(anonymous_16)
FN:135,(anonymous_17)
FNF:18
FNH:0
FNDA:0,TokenSetSelector
FNDA:0,(anonymous_1)
FNDA:0,(anonymous_2)
FNDA:0,(anonymous_3)
FNDA:0,(anonymous_4)
FNDA:0,(anonymous_5)
FNDA:0,(anonymous_6)
FNDA:0,(anonymous_7)
FNDA:0,(anonymous_8)
FNDA:0,(anonymous_9)
FNDA:0,(anonymous_10)
FNDA:0,(anonymous_11)
FNDA:0,(anonymous_12)
FNDA:0,(anonymous_13)
FNDA:0,(anonymous_14)
FNDA:0,(anonymous_15)
FNDA:0,(anonymous_16)
FNDA:0,(anonymous_17)
DA:21,0
DA:23,0
DA:29,0
DA:30,0
DA:31,0
DA:32,0
DA:33,0
DA:34,0
DA:36,0
DA:37,0
DA:38,0
DA:39,0
DA:40,0
DA:41,0
DA:43,0
DA:44,0
DA:45,0
DA:46,0
DA:48,0
DA:51,0
DA:52,0
DA:55,0
DA:56,0
DA:57,0
DA:58,0
DA:59,0
DA:60,0
DA:63,0
DA:64,0
DA:66,0
DA:70,0
DA:71,0
DA:75,0
DA:76,0
DA:77,0
DA:78,0
DA:79,0
DA:80,0
DA:83,0
DA:84,0
DA:85,0
DA:86,0
DA:87,0
DA:88,0
DA:91,0
DA:92,0
DA:93,0
DA:94,0
DA:95,0
DA:96,0
DA:97,0
DA:99,0
DA:101,0
DA:102,0
DA:103,0
DA:106,0
DA:107,0
DA:110,0
DA:111,0
DA:114,0
DA:115,0
DA:118,0
DA:119,0
DA:120,0
DA:123,0
DA:124,0
DA:127,0
DA:128,0
DA:131,0
DA:132,0
DA:135,0
DA:136,0
DA:139,0
LF:73
LH:0
BRDA:68,0,0,0
BRDA:68,0,1,0
BRDA:70,1,0,0
BRDA:70,1,1,0
BRDA:93,2,0,0
BRDA:93,2,1,0
BRDA:96,3,0,0
BRDA:96,3,1,0
BRDA:170,4,0,0
BRDA:170,4,1,0
BRDA:194,5,0,0
BRDA:194,5,1,0
BRDA:246,6,0,0
BRDA:246,6,1,0
BRF:14
BRH:0
end_of_record
TN:
SF:src/app/components/TokenSetTree.tsx
FN:50,TokenSetTree
FN:58,(anonymous_1)
FN:62,(anonymous_2)
FN:64,(anonymous_3)
FN:68,(anonymous_4)
FN:69,(anonymous_5)
FN:90,(anonymous_6)
FN:91,(anonymous_7)
FN:97,(anonymous_8)
FN:99,(anonymous_9)
FN:99,(anonymous_10)
FN:100,(anonymous_11)
FN:100,(anonymous_12)
FN:106,(anonymous_13)
FN:114,(anonymous_14)
FN:114,(anonymous_15)
FN:116,(anonymous_16)
FN:117,(anonymous_17)
FN:119,(anonymous_18)
FN:126,(anonymous_19)
FN:137,(anonymous_20)
FN:138,(anonymous_21)
FN:162,(anonymous_22)
FN:163,(anonymous_23)
FN:164,(anonymous_24)
FN:171,(anonymous_25)
FN:182,(anonymous_26)
FN:183,(anonymous_27)
FN:186,(anonymous_28)
FNF:29
FNH:0
FNDA:0,TokenSetTree
FNDA:0,(anonymous_1)
FNDA:0,(anonymous_2)
FNDA:0,(anonymous_3)
FNDA:0,(anonymous_4)
FNDA:0,(anonymous_5)
FNDA:0,(anonymous_6)
FNDA:0,(anonymous_7)
FNDA:0,(anonymous_8)
FNDA:0,(anonymous_9)
FNDA:0,(anonymous_10)
FNDA:0,(anonymous_11)
FNDA:0,(anonymous_12)
FNDA:0,(anonymous_13)
FNDA:0,(anonymous_14)
FNDA:0,(anonymous_15)
FNDA:0,(anonymous_16)
FNDA:0,(anonymous_17)
FNDA:0,(anonymous_18)
FNDA:0,(anonymous_19)
FNDA:0,(anonymous_20)
FNDA:0,(anonymous_21)
FNDA:0,(anonymous_22)
FNDA:0,(anonymous_23)
FNDA:0,(anonymous_24)
FNDA:0,(anonymous_25)
FNDA:0,(anonymous_26)
FNDA:0,(anonymous_27)
FNDA:0,(anonymous_28)
DA:53,0
DA:54,0
DA:55,0
DA:56,0
DA:57,0
DA:58,0
DA:59,0
DA:60,0
DA:62,0
DA:64,0
DA:65,0
DA:66,0
DA:68,0
DA:69,0
DA:71,0
DA:73,0
DA:75,0
DA:76,0
DA:77,0
DA:80,0
DA:81,0
DA:84,0
DA:89,0
DA:90,0
DA:91,0
DA:97,0
DA:99,0
DA:100,0
DA:103,0
DA:106,0
DA:107,0
DA:108,0
DA:109,0
DA:111,0
DA:114,0
DA:115,0
DA:116,0
DA:117,0
DA:119,0
DA:120,0
DA:123,0
DA:126,0
DA:127,0
DA:131,0
DA:134,0
DA:137,0
DA:138,0
DA:162,0
DA:163,0
DA:164,0
DA:165,0
DA:167,0
DA:168,0
DA:169,0
DA:171,0
DA:172,0
DA:176,0
DA:179,0
DA:181,0
DA:182,0
DA:183,0
DA:186,0
DA:192,0
DA:197,0
DA:199,0
DA:200,0
DA:202,0
DA:205,0
LF:68
LH:0
BRDA:73,0,0,0
BRDA:73,0,1,0
BRDA:73,1,0,0
BRDA:73,1,1,0
BRDA:80,2,0,0
BRDA:80,2,1,0
BRDA:93,3,0,0
BRDA:93,3,1,0
BRDA:93,4,0,0
BRDA:93,4,1,0
BRDA:99,5,0,0
BRDA:99,5,1,0
BRDA:107,6,0,0
BRDA:107,6,1,0
BRDA:108,7,0,0
BRDA:108,7,1,0
BRDA:114,8,0,0
BRDA:114,8,1,0
BRDA:119,9,0,0
BRDA:119,9,1,0
BRDA:126,10,0,0
BRDA:126,10,1,0
BRDA:127,11,0,0
BRDA:127,11,1,0
BRDA:146,12,0,0
BRDA:146,12,1,0
BRDA:147,13,0,0
BRDA:147,13,1,0
BRDA:165,14,0,0
BRDA:165,14,1,0
BRDA:169,15,0,0
BRDA:169,15,1,0
BRDA:169,16,0,0
BRDA:169,16,1,0
BRDA:172,17,0,0
BRDA:172,17,1,0
BRDA:199,18,0,0
BRDA:199,18,1,0
BRF:38
BRH:0
end_of_record
TN:
SF:src/app/components/TokenSetTreeItemContent.tsx
FN:32,TokenSetTreeItemContent
FN:44,(anonymous_1)
FN:51,(anonymous_2)
FN:55,(anonymous_3)
FN:55,(anonymous_4)
FN:60,(anonymous_5)
FN:64,(anonymous_6)
FNF:7
FNH:0
FNDA:0,TokenSetTreeItemContent
FNDA:0,(anonymous_1)
FNDA:0,(anonymous_2)
FNDA:0,(anonymous_3)
FNDA:0,(anonymous_4)
FNDA:0,(anonymous_5)
FNDA:0,(anonymous_6)
DA:35,0
DA:36,0
DA:37,0
DA:38,0
DA:39,0
DA:40,0
DA:42,0
DA:44,0
DA:45,0
DA:46,0
DA:47,0
DA:51,0
DA:52,0
DA:53,0
DA:55,0
DA:56,0
DA:60,0
DA:61,0
DA:64,0
DA:65,0
DA:68,0
LF:21
LH:0
BRDA:45,0,0,0
BRDA:45,0,1,0
BRDA:52,1,0,0
BRDA:52,1,1,0
BRDA:55,2,0,0
BRDA:55,2,1,0
BRDA:77,3,0,0
BRDA:77,3,1,0
BRF:8
BRH:0
end_of_record
TN:
SF:src/app/components/Tokens.tsx
FN:34,(anonymous_0)
FN:36,(anonymous_1)
FN:84,Tokens
FN:101,(anonymous_3)
FN:103,(anonymous_4)
FN:107,(anonymous_5)
FN:114,(anonymous_6)
FN:122,(anonymous_7)
FN:127,(anonymous_8)
FN:129,(anonymous_9)
FN:138,(anonymous_10)
FN:148,(anonymous_11)
FN:154,(anonymous_12)
FN:161,(anonymous_13)
FN:165,(anonymous_14)
FN:172,(anonymous_15)
FN:182,(anonymous_16)
FN:187,(anonymous_17)
FN:283,(anonymous_18)
FNF:19
FNH:0
FNDA:0,(anonymous_0)
FNDA:0,(anonymous_1)
FNDA:0,Tokens
FNDA:0,(anonymous_3)
FNDA:0,(anonymous_4)
FNDA:0,(anonymous_5)
FNDA:0,(anonymous_6)
FNDA:0,(anonymous_7)
FNDA:0,(anonymous_8)
FNDA:0,(anonymous_9)
FNDA:0,(anonymous_10)
FNDA:0,(anonymous_11)
FNDA:0,(anonymous_12)
FNDA:0,(anonymous_13)
FNDA:0,(anonymous_14)
FNDA:0,(anonymous_15)
FNDA:0,(anonymous_16)
FNDA:0,(anonymous_17)
FNDA:0,(anonymous_18)
DA:34,0
DA:35,0
DA:36,0
DA:37,0
DA:40,0
DA:85,0
DA:86,0
DA:87,0
DA:88,0
DA:89,0
DA:90,0
DA:91,0
DA:92,0
DA:93,0
DA:94,0
DA:95,0
DA:96,0
DA:97,0
DA:98,0
DA:99,0
DA:101,0
DA:102,0
DA:103,0
DA:107,0
DA:108,0
DA:109,0
DA:113,0
DA:114,0
DA:118,0
DA:120,0
DA:122,0
DA:123,0
DA:124,0
DA:127,0
DA:128,0
DA:129,0
DA:130,0
DA:131,0
DA:133,0
DA:134,0
DA:136,0
DA:138,0
DA:145,0
DA:148,0
DA:149,0
DA:152,0
DA:154,0
DA:155,0
DA:156,0
DA:157,0
DA:161,0
DA:165,0
DA:168,0
DA:169,0
DA:172,0
DA:175,0
DA:176,0
DA:178,0
DA:182,0
DA:183,0
DA:184,0
DA:187,0
DA:188,0
DA:189,0
DA:193,0
DA:195,0
DA:286,0
LF:67
LH:0
BRDA:42,0,0,0
BRDA:42,0,1,0
BRDA:102,1,0,0
BRDA:102,1,1,0
BRDA:108,2,0,0
BRDA:108,2,1,0
BRDA:108,3,0,0
BRDA:108,3,1,0
BRDA:108,3,2,0
BRDA:128,4,0,0
BRDA:128,4,1,0
BRDA:130,5,0,0
BRDA:130,5,1,0
BRDA:133,6,0,0
BRDA:133,6,1,0
BRDA:155,7,0,0
BRDA:155,7,1,0
BRDA:155,8,0,0
BRDA:155,8,1,0
BRDA:175,9,0,0
BRDA:175,9,1,0
BRDA:188,10,0,0
BRDA:188,10,1,0
BRDA:193,11,0,0
BRDA:193,11,1,0
BRDA:223,12,0,0
BRDA:223,12,1,0
BRDA:261,13,0,0
BRDA:261,13,1,0
BRDA:273,14,0,0
BRDA:273,14,1,0
BRDA:289,15,0,0
BRDA:289,15,1,0
BRDA:297,16,0,0
BRDA:297,16,1,0
BRDA:301,17,0,0
BRDA:301,17,1,0
BRF:37
BRH:0
end_of_record
TN:
SF:src/app/components/TokensBottomBar.tsx
FN:30,TokensBottomBar
FN:36,(anonymous_1)
FN:40,(anonymous_2)
FN:47,(anonymous_3)
FN:47,(anonymous_4)
FN:51,(anonymous_5)
FN:62,(anonymous_6)
FNF:7
FNH:0
FNDA:0,TokensBottomBar
FNDA:0,(anonymous_1)
FNDA:0,(anonymous_2)
FNDA:0,(anonymous_3)
FNDA:0,(anonymous_4)
FNDA:0,(anonymous_5)
FNDA:0,(anonymous_6)
DA:31,0
DA:32,0
DA:33,0
DA:34,0
DA:36,0
DA:37,0
DA:40,0
DA:41,0
DA:44,0
DA:46,0
DA:47,0
DA:48,0
DA:49,0
DA:51,0
DA:52,0
DA:53,0
DA:55,0
DA:56,0
DA:62,0
DA:63,0
DA:64,0
DA:65,0
DA:66,0
DA:67,0
DA:69,0
DA:73,0
DA:75,0
LF:27
LH:0
BRDA:52,0,0,0
BRDA:52,0,1,0
BRDA:80,1,0,0
BRDA:80,1,1,0
BRDA:114,2,0,0
BRDA:114,2,1,0
BRDA:129,3,0,0
BRDA:129,3,1,0
BRF:8
BRH:0
end_of_record
TN:
SF:src/app/components/ToolsDropdown.tsx
FN:11,ToolsDropdown
FN:19,(anonymous_1)
FN:23,(anonymous_2)
FN:27,(anonymous_3)
FN:30,(anonymous_4)
FNF:5
FNH:0
FNDA:0,ToolsDropdown
FNDA:0,(anonymous_1)
FNDA:0,(anonymous_2)
FNDA:0,(anonymous_3)
FNDA:0,(anonymous_4)
DA:12,0
DA:14,0
DA:16,0
DA:17,0
DA:19,0
DA:20,0
DA:23,0
DA:24,0
DA:27,0
DA:28,0
DA:30,0
DA:31,0
DA:34,0
LF:13
LH:0
BRDA:48,0,0,0
BRDA:48,0,1,0
BRDA:49,1,0,0
BRDA:49,1,1,0
BRF:4
BRH:0
end_of_record
TN:
SF:src/app/components/Tooltip.tsx
FNF:0
FNH:0
LF:0
LH:0
BRF:0
BRH:0
end_of_record
TN:
SF:src/app/components/TypographyInput.tsx
FN:29,TypographyInput
FN:53,(anonymous_1)
FN:61,(anonymous_2)
FN:64,(anonymous_3)
FN:70,(anonymous_4)
FN:102,(anonymous_5)
FNF:6
FNH:0
FNDA:0,TypographyInput
FNDA:0,(anonymous_1)
FNDA:0,(anonymous_2)
FNDA:0,(anonymous_3)
FNDA:0,(anonymous_4)
FNDA:0,(anonymous_5)
DA:17,0
DA:48,0
DA:49,0
DA:50,0
DA:51,0
DA:52,0
DA:53,0
DA:54,0
DA:55,0
DA:56,0
DA:58,0
DA:61,0
DA:62,0
DA:63,0
DA:64,0
DA:65,0
DA:67,0
DA:70,0
DA:71,0
DA:72,0
DA:74,0
DA:75,0
DA:78,0
DA:103,0
LF:24
LH:0
BRDA:50,0,0,0
BRDA:50,0,1,0
BRDA:51,1,0,0
BRDA:51,1,1,0
BRDA:54,2,0,0
BRDA:54,2,1,0
BRDA:55,3,0,0
BRDA:55,3,1,0
BRDA:63,4,0,0
BRDA:63,4,1,0
BRDA:63,5,0,0
BRDA:63,5,1,0
BRDA:65,6,0,0
BRDA:65,6,1,0
BRDA:71,7,0,0
BRDA:71,7,1,0
BRDA:71,8,0,0
BRDA:71,8,1,0
BRDA:72,9,0,0
BRDA:72,9,1,0
BRDA:74,10,0,0
BRDA:74,10,1,0
BRDA:83,11,0,0
BRDA:83,11,1,0
BRDA:100,12,0,0
BRDA:100,12,1,0
BRDA:100,13,0,0
BRDA:100,13,1,0
BRDA:102,14,0,0
BRDA:102,14,1,0
BRDA:106,15,0,0
BRDA:106,15,1,0
BRDA:119,16,0,0
BRDA:119,16,1,0
BRDA:132,17,0,0
BRDA:132,17,1,0
BRDA:132,17,2,0
BRDA:132,17,3,0
BRF:38
BRH:0
end_of_record
TN:
SF:src/app/components/WindowResizer.tsx
FN:9,WindowResizer
FN:15,(anonymous_1)
FN:20,(anonymous_2)
FN:31,(anonymous_3)
FN:38,(anonymous_4)
FNF:5
FNH:0
FNDA:0,WindowResizer
FNDA:0,(anonymous_1)
FNDA:0,(anonymous_2)
FNDA:0,(anonymous_3)
FNDA:0,(anonymous_4)
DA:10,0
DA:11,0
DA:13,0
DA:15,0
DA:20,0
DA:21,0
DA:25,0
DA:28,0
DA:31,0
DA:32,0
DA:33,0
DA:34,0
DA:38,0
DA:39,0
DA:40,0
DA:41,0
DA:42,0
DA:47,0
LF:18
LH:0
BRDA:32,0,0,0
BRDA:32,0,1,0
BRDA:39,1,0,0
BRDA:39,1,1,0
BRF:4
BRH:0
end_of_record
TN:
SF:src/app/components/createAnnotation.tsx
FN:7,(anonymous_0)
FNF:1
FNH:0
FNDA:0,(anonymous_0)
DA:7,0
DA:8,0
DA:10,0
LF:3
LH:0
BRDA:7,0,0,0
BRF:1
BRH:0
end_of_record
TN:
SF:src/app/components/createTokenObj.tsx
FN:11,transformName
FN:55,appendTypeToToken
FN:64,createTokensObject
FN:66,(anonymous_3)
FN:93,mappedTokens
FN:100,(anonymous_5)
FNF:6
FNH:0
FNDA:0,transformName
FNDA:0,appendTypeToToken
FNDA:0,createTokensObject
FNDA:0,(anonymous_3)
FNDA:0,mappedTokens
FNDA:0,(anonymous_5)
DA:12,0
DA:15,0
DA:18,0
DA:21,0
DA:23,0
DA:25,0
DA:27,0
DA:29,0
DA:31,0
DA:33,0
DA:35,0
DA:37,0
DA:39,0
DA:41,0
DA:43,0
DA:45,0
DA:47,0
DA:49,0
DA:51,0
DA:56,0
[...]
BRDA:137,31,1,0
BRDA:138,32,0,0
BRDA:138,32,1,0
BRDA:138,32,2,0
BRDA:138,32,3,0
BRDA:138,32,4,0
BRDA:138,32,5,0
BRDA:145,33,0,0
BRDA:145,33,1,0
BRDA:146,34,0,0
BRDA:146,34,1,0
BRDA:153,35,0,0
BRDA:153,35,1,0
BRDA:178,36,0,0
BRDA:178,36,1,0
BRDA:178,37,0,0
BRDA:178,37,1,0
BRF:88
BRH:0
end_of_record
TN:
SF:src/utils/alias/index.ts
FNF:0
FNH:0
LF:0
LH:0
BRF:0
BRH:0
end_of_record
TN:
SF:src/utils/color/convertToRgb.ts
FN:5,convertToRgb
FN:16,(anonymous_1)
FN:17,(anonymous_2)
FN:19,(anonymous_3)
FN:24,(anonymous_4)
FN:36,(anonymous_5)
FNF:6
FNH:0
FNDA:0,convertToRgb
FNDA:0,(anonymous_1)
FNDA:0,(anonymous_2)
FNDA:0,(anonymous_3)
FNDA:0,(anonymous_4)
FNDA:0,(anonymous_5)
DA:6,0
DA:7,0
DA:8,0
DA:10,0
DA:11,0
DA:12,0
DA:13,0
DA:15,0
DA:16,0
DA:17,0
DA:18,0
DA:19,0
DA:20,0
DA:23,0
DA:24,0
DA:25,0
DA:26,0
DA:27,0
DA:31,0
DA:32,0
DA:33,0
DA:34,0
DA:36,0
DA:38,0
DA:39,0
DA:43,0
DA:45,0
DA:47,0
DA:50,0
LF:29
LH:0
BRDA:7,0,0,0
BRDA:7,0,1,0
BRDA:18,1,0,0
BRDA:18,1,1,0
BRDA:23,2,0,0
BRDA:23,2,1,0
BRDA:32,3,0,0
BRDA:32,3,1,0
BRDA:34,4,0,0
BRDA:34,4,1,0
BRDA:36,5,0,0
BRF:11
BRH:0
end_of_record
TN:
SF:src/utils/color/darken.ts
FN:4,darken
FNF:1
FNH:0
FNDA:0,darken
DA:5,0
DA:7,0
DA:8,0
DA:9,0
DA:10,0
DA:11,0
DA:12,0
DA:13,0
DA:16,0
DA:17,0
DA:18,0
DA:19,0
DA:20,0
DA:23,0
DA:24,0
DA:25,0
DA:26,0
DA:27,0
DA:28,0
DA:29,0
DA:30,0
DA:34,0
DA:35,0
DA:36,0
DA:37,0
DA:38,0
DA:39,0
DA:40,0
DA:44,0
LF:29
LH:0
BRDA:5,0,0,0
BRDA:5,0,1,0
BRDA:5,0,2,0
BRDA:5,0,3,0
BRDA:5,0,4,0
BRF:5
BRH:0
end_of_record
TN:
SF:src/utils/color/getColorSwatchStyle.ts
FN:1,getColorSwatchStyle
FNF:1
FNH:0
FNDA:0,getColorSwatchStyle
DA:2,0
LF:1
LH:0
BRDA:2,0,0,0
BRDA:2,0,1,0
BRF:2
BRH:0
end_of_record
TN:
SF:src/utils/color/getReferenceTokensFromGradient.ts
FN:1,(anonymous_0)
FN:3,(anonymous_1)
FNF:2
FNH:0
FNDA:0,(anonymous_0)
FNDA:0,(anonymous_1)
DA:1,0
DA:2,0
DA:3,0
DA:5,0
DA:6,0
DA:8,0
DA:10,0
DA:13,0
LF:8
LH:0
BRDA:5,0,0,0
BRDA:5,0,1,0
BRDA:5,1,0,0
BRDA:5,1,1,0
BRDA:8,2,0,0
BRDA:8,2,1,0
BRF:6
BRH:0
end_of_record
TN:
SF:src/utils/color/index.ts
FNF:0
FNH:0
LF:0
LH:0
BRF:0
BRH:0
end_of_record
TN:
SF:src/utils/color/isLightOrDark.ts
FN:4,lightOrDark
FNF:1
FNH:0
FNDA:0,lightOrDark
DA:5,0
DA:6,0
DA:8,0
DA:9,0
DA:11,0
LF:5
LH:0
BRDA:5,0,0,0
BRDA:5,0,1,0
BRDA:9,1,0,0
BRDA:9,1,1,0
BRF:4
BRH:0
end_of_record
TN:
SF:src/utils/color/lighten.ts
FN:4,lighten
FNF:1
FNH:0
FNDA:0,lighten
DA:5,0
DA:7,0
DA:8,0
DA:9,0
DA:10,0
DA:11,0
DA:12,0
DA:13,0
DA:16,0
DA:17,0
DA:18,0
DA:19,0
DA:20,0
DA:23,0
DA:24,0
DA:25,0
DA:26,0
DA:27,0
DA:28,0
DA:29,0
DA:30,0
DA:33,0
DA:34,0
DA:35,0
DA:36,0
DA:37,0
DA:38,0
DA:39,0
DA:42,0
LF:29
LH:0
BRDA:5,0,0,0
BRDA:5,0,1,0
BRDA:5,0,2,0
BRDA:5,0,3,0
BRDA:5,0,4,0
BRF:5
BRH:0
end_of_record
TN:
SF:src/utils/color/mix.ts
FN:4,mix
FNF:1
FNH:0
FNDA:0,mix
DA:5,0
DA:7,0
LF:2
LH:0
BRF:0
BRH:0
end_of_record
TN:
SF:src/utils/color/transparentize.ts
FN:3,transparentize
FNF:1
FNH:0
FNDA:0,transparentize
DA:4,0
DA:5,0
LF:2
LH:0
BRF:0
BRH:0
end_of_record
TN:
SF:src/utils/date/compareUpdatedAt.ts
FN:1,compareUpdatedAt
FNF:1
FNH:0
FNDA:0,compareUpdatedAt
DA:2,0
DA:3,0
DA:4,0
DA:5,0
DA:7,0
DA:8,0
DA:10,0
LF:7
LH:0
BRDA:4,0,0,0
BRDA:4,0,1,0
BRDA:7,1,0,0
BRDA:7,1,1,0
BRF:4
BRH:0
end_of_record
TN:
SF:src/utils/date/index.ts
FNF:0
FNH:0
LF:0
LH:0
BRF:0
BRH:0
end_of_record
TN:
SF:src/utils/dragDropOrder/ensureFolderIsTogether.ts
FN:5,ensureFolderIsTogether
FN:8,(anonymous_1)
FN:9,(anonymous_2)
FN:11,(anonymous_3)
FN:12,(anonymous_4)
FN:14,(anonymous_5)
FNF:6
FNH:0
FNDA:0,ensureFolderIsTogether
FNDA:0,(anonymous_1)
FNDA:0,(anonymous_2)
FNDA:0,(anonymous_3)
FNDA:0,(anonymous_4)
FNDA:0,(anonymous_5)
DA:6,0
DA:8,0
DA:9,0
DA:10,0
DA:11,0
DA:12,0
DA:13,0
DA:14,0
DA:15,0
DA:20,0
LF:10
LH:0
BRDA:6,0,0,0
BRDA:6,0,1,0
BRDA:13,1,0,0
BRDA:13,1,1,0
BRF:4
BRH:0
end_of_record
TN:
SF:src/utils/dragDropOrder/findOrderableTargetIndexesInThemeList.tsx
FN:4,findOrderableTargetIndexesInThemeList
FN:6,(anonymous_1)
FN:8,(anonymous_2)
FN:13,(anonymous_3)
FN:15,(anonymous_4)
FNF:5
FNH:0
FNDA:0,findOrderableTargetIndexesInThemeList
FNDA:0,(anonymous_1)
FNDA:0,(anonymous_2)
FNDA:0,(anonymous_3)
FNDA:0,(anonymous_4)
DA:5,0
DA:6,0
DA:8,0
DA:9,0
DA:13,0
DA:14,0
DA:15,0
DA:16,0
DA:18,0
DA:20,0
DA:22,0
LF:11
LH:0
BRDA:5,0,0,0
BRDA:5,0,1,0
BRDA:9,1,0,0
BRDA:9,1,1,0
BRDA:14,2,0,0
BRDA:14,2,1,0
BRDA:16,3,0,0
BRDA:16,3,1,0
BRF:8
BRH:0
end_of_record
TN:
SF:src/utils/dragDropOrder/index.ts
FNF:0
FNH:0
LF:0
LH:0
BRF:0
BRH:0
end_of_record
TN:
SF:src/utils/error/handleReactError.ts
FN:3,handleReactError
FNF:1
FNH:0
FNDA:0,handleReactError
DA:4,0
DA:5,0
LF:2
LH:0
BRF:0
BRH:0
end_of_record
TN:
SF:src/utils/figma/goToNodeId.ts
FN:4,goToNodeId
FNF:1
FNH:0
FNDA:0,goToNodeId
DA:5,0
LF:1
LH:0
BRF:0
BRH:0
end_of_record
TN:
SF:src/utils/figma/index.ts
FNF:0
FNH:0
LF:0
LH:0
BRF:0
BRH:0
end_of_record
TN:
SF:src/utils/figma/selectNodes.ts
FN:4,selectNodes
FNF:1
FNH:0
FNDA:0,selectNodes
DA:5,0
LF:1
LH:0
BRF:0
BRH:0
end_of_record
TN:
SF:src/utils/figma/updateLocalTokensData.ts
FN:29,updateLocalTokensData
FNF:1
FNH:0
FNDA:0,updateLocalTokensData
DA:30,0
DA:32,0
DA:33,0
DA:36,0
DA:37,0
DA:38,0
DA:39,0
DA:43,0
DA:44,0
DA:45,0
DA:46,0
DA:49,0
DA:51,0
DA:52,0
DA:53,0
DA:55,0
DA:56,0
DA:57,0
DA:58,0
DA:59,0
LF:20
LH:0
BRDA:32,0,0,0
BRDA:32,0,1,0
BRDA:37,1,0,0
BRDA:37,1,1,0
BRDA:38,2,0,0
BRDA:38,2,1,0
BRDA:44,3,0,0
BRDA:44,3,1,0
BRDA:45,4,0,0
BRDA:45,4,1,0
BRF:10
BRH:0
end_of_record
TN:
SF:src/utils/figmaStorage/readSharedPluginData.ts
FN:22,readSharedPluginData
FN:50,(anonymous_1)
FN:59,(anonymous_2)
FNF:3
FNH:0
FNDA:0,readSharedPluginData
FNDA:0,(anonymous_1)
FNDA:0,(anonymous_2)
DA:2,0
DA:5,0
DA:28,0
DA:29,0
DA:30,0
DA:34,0
DA:35,0
DA:37,0
DA:38,0
DA:40,0
DA:42,0
DA:44,0
DA:45,0
DA:48,0
DA:50,0
DA:51,0
DA:52,0
DA:56,0
DA:59,0
DA:60,0
DA:61,0
DA:65,0
DA:68,0
DA:69,0
DA:71,0
DA:72,0
DA:77,0
DA:78,0
LF:28
LH:0
BRDA:25,0,0,0
BRDA:28,1,0,0
BRDA:28,1,1,0
BRDA:30,2,0,0
BRDA:30,2,1,0
BRDA:37,3,0,0
BRDA:37,3,1,0
BRDA:42,4,0,0
BRDA:42,4,1,0
BRDA:45,5,0,0
BRDA:45,5,1,0
BRDA:48,6,0,0
BRDA:48,6,1,0
BRDA:48,7,0,0
BRDA:48,7,1,0
BRDA:59,8,0,0
BRDA:59,8,1,0
BRDA:78,9,0,0
BRDA:78,9,1,0
BRF:19
BRH:0
end_of_record
TN:
SF:src/utils/figmaStorage/writeSharedPluginData.ts
FN:29,writeSharedPluginData
FNF:1
FNH:0
FNDA:0,writeSharedPluginData
DA:5,0
DA:8,0
DA:11,0
DA:35,0
DA:37,0
DA:40,0
DA:41,0
DA:44,0
DA:45,0
DA:46,0
DA:47,0
DA:48,0
DA:50,0
DA:51,0
DA:52,0
DA:60,0
DA:63,0
DA:64,0
DA:65,0
DA:69,0
DA:71,0
DA:73,0
DA:74,0
DA:77,0
DA:80,0
DA:81,0
DA:82,0
DA:83,0
DA:84,0
DA:86,0
DA:87,0
DA:88,0
DA:97,0
DA:98,0
DA:101,0
DA:102,0
DA:112,0
DA:113,0
DA:114,0
DA:118,0
DA:121,0
DA:122,0
DA:123,0
DA:124,0
DA:125,0
DA:127,0
DA:128,0
DA:129,0
LF:48
LH:0
BRDA:33,0,0,0
BRDA:35,1,0,0
BRDA:35,1,1,0
BRDA:46,2,0,0
BRDA:46,2,1,0
BRDA:48,3,0,0
BRDA:48,3,1,0
BRDA:48,4,0,0
BRDA:48,4,1,0
BRDA:63,5,0,0
BRDA:63,5,1,0
BRDA:71,6,0,0
BRDA:71,6,1,0
BRDA:82,7,0,0
BRDA:82,7,1,0
BRDA:84,8,0,0
BRDA:84,8,1,0
BRDA:84,9,0,0
BRDA:84,9,1,0
BRDA:123,10,0,0
BRDA:123,10,1,0
BRDA:125,11,0,0
BRDA:125,11,1,0
BRDA:125,12,0,0
BRDA:125,12,1,0
BRDA:125,12,2,0
BRF:26
BRH:0
end_of_record
TN:
SF:src/utils/is/index.ts
FNF:0
FNH:0
LF:0
LH:0
BRF:0
BRH:0
end_of_record
TN:
SF:src/utils/is/isColorToken.ts
FN:4,isColorToken
FNF:1
FNH:0
FNDA:0,isColorToken
DA:5,0
DA:6,0
LF:2
LH:0
BRDA:5,0,0,0
BRDA:5,0,1,0
BRF:2
BRH:0
end_of_record
TN:
SF:src/utils/is/isCompositeBorderValue.ts
FN:5,isCompositeBorderValue
FN:11,(anonymous_1)
FNF:2
FNH:0
FNDA:0,isCompositeBorderValue
FNDA:0,(anonymous_1)
DA:6,0
DA:12,0
LF:2
LH:0
BRDA:7,0,0,0
BRDA:7,0,1,0
BRDA:9,1,0,0
BRDA:9,1,1,0
BRDA:12,2,0,0
BRDA:12,2,1,0
BRDA:12,2,2,0
BRDA:12,2,3,0
BRDA:12,2,4,0
BRF:9
BRH:0
end_of_record
TN:
SF:src/utils/is/isDocumentationType.ts
FN:3,isDocumentationType
FNF:1
FNH:0
FNDA:0,isDocumentationType
DA:4,0
LF:1
LH:0
BRF:0
BRH:0
end_of_record
TN:
SF:src/utils/is/isGitProvider.ts
FN:4,isGitProvider
FNF:1
FNH:0
FNDA:0,isGitProvider
DA:12,0
LF:1
LH:0
BRDA:13,0,0,0
BRDA:13,0,1,0
BRDA:13,0,2,0
BRDA:13,0,3,0
BRF:4
BRH:0
end_of_record
TN:
SF:src/utils/is/isMatchingStyle.ts
FN:1,isMatchingStyle
FN:5,(anonymous_1)
FNF:2
FNH:0
FNDA:0,isMatchingStyle
FNDA:0,(anonymous_1)
DA:5,0
DA:6,0
DA:8,0
LF:3
LH:0
BRF:0
BRH:0
end_of_record
TN:
SF:src/utils/is/isPartOfInstance.ts
FN:1,isPartOfInstance
FNF:1
FNH:0
FNDA:0,isPartOfInstance
DA:2,0
LF:1
LH:0
BRF:0
BRH:0
end_of_record
TN:
SF:src/utils/is/isPrimitiveValue.ts
FN:1,isPrimitiveValue
FNF:1
FNH:0
FNDA:0,isPrimitiveValue
DA:2,0
LF:1
LH:0
BRDA:3,0,0,0
BRDA:3,0,1,0
BRDA:3,0,2,0
BRF:3
BRH:0
end_of_record
TN:
SF:src/utils/is/isPropertyType.ts
FN:3,isPropertyType
FNF:1
FNH:0
FNDA:0,isPropertyType
DA:4,0
LF:1
LH:0
BRF:0
BRH:0
end_of_record
TN:
SF:src/utils/is/isSingleBorderToken.ts
FN:8,isSingleBorderToken
FN:22,isSingleBorderTokenInJSON
FNF:2
FNH:0
FNDA:0,isSingleBorderToken
FNDA:0,isSingleBorderTokenInJSON
DA:12,0
DA:13,0
DA:14,0
DA:15,0
DA:23,0
DA:24,0
LF:6
LH:0
BRDA:10,0,0,0
BRDA:12,1,0,0
BRDA:12,1,1,0
BRDA:16,2,0,0
BRDA:16,2,1,0
BRDA:16,2,2,0
BRDA:16,2,3,0
BRDA:23,3,0,0
BRDA:23,3,1,0
BRDA:25,4,0,0
BRDA:25,4,1,0
BRDA:25,4,2,0
BRDA:25,4,3,0
BRF:13
BRH:0
end_of_record
TN:
SF:src/utils/is/isSingleBoxShadowToken.ts
FN:8,isSingleBoxShadowToken
FN:23,isSingleBoxShadowTokenInJSON
FNF:2
FNH:0
FNDA:0,isSingleBoxShadowToken
FNDA:0,isSingleBoxShadowTokenInJSON
DA:12,0
DA:13,0
DA:14,0
DA:15,0
DA:24,0
DA:25,0
LF:6
LH:0
BRDA:10,0,0,0
BRDA:12,1,0,0
BRDA:12,1,1,0
BRDA:16,2,0,0
BRDA:16,2,1,0
BRDA:16,2,2,0
BRDA:16,2,3,0
BRDA:16,2,4,0
BRDA:24,3,0,0
BRDA:24,3,1,0
BRDA:26,4,0,0
BRDA:26,4,1,0
BRDA:26,4,2,0
BRDA:26,4,3,0
BRDA:26,4,4,0
BRF:15
BRH:0
end_of_record
TN:
SF:src/utils/is/isSingleBoxShadowValue.ts
FN:6,isSingleBoxShadowValue
FN:13,(anonymous_1)
FNF:2
FNH:0
FNDA:0,isSingleBoxShadowValue
FNDA:0,(anonymous_1)
DA:7,0
DA:14,0
LF:2
LH:0
BRDA:8,0,0,0
BRDA:8,0,1,0
BRDA:8,0,2,0
BRDA:11,1,0,0
BRDA:11,1,1,0
BRDA:14,2,0,0
BRDA:14,2,1,0
BRDA:14,2,2,0
BRDA:14,2,3,0
BRDA:14,2,4,0
BRDA:14,2,5,0
BRF:11
BRH:0
end_of_record
TN:
SF:src/utils/is/isSingleCompositionToken.ts
FN:8,isSingleCompositionToken
FN:22,isSingleCompositionTokenInJSON
FNF:2
FNH:0
FNDA:0,isSingleCompositionToken
FNDA:0,isSingleCompositionTokenInJSON
DA:12,0
DA:13,0
DA:14,0
DA:15,0
DA:23,0
DA:24,0
LF:6
LH:0
BRDA:10,0,0,0
BRDA:12,1,0,0
BRDA:12,1,1,0
BRDA:16,2,0,0
BRDA:16,2,1,0
BRDA:16,2,2,0
BRDA:16,2,3,0
BRDA:23,3,0,0
BRDA:23,3,1,0
BRDA:25,4,0,0
BRDA:25,4,1,0
BRDA:25,4,2,0
BRDA:25,4,3,0
BRF:13
BRH:0
end_of_record
TN:
SF:src/utils/is/isSingleInternalTokenValueObject.ts
FN:3,isSingleInternalTokenValueObject
FNF:1
FNH:0
FNDA:0,isSingleInternalTokenValueObject
DA:4,0
LF:1
LH:0
BRDA:5,0,0,0
BRDA:5,0,1,0
BRDA:5,0,2,0
BRDA:5,0,3,0
BRDA:5,0,4,0
BRDA:5,0,5,0
BRDA:11,1,0,0
BRDA:11,1,1,0
BRDA:11,1,2,0
BRF:9
BRH:0
end_of_record
TN:
SF:src/utils/is/isSingleToken.ts
FN:3,isSingleToken
FNF:1
FNH:0
FNDA:0,isSingleToken
DA:4,0
LF:1
LH:0
BRDA:5,0,0,0
BRDA:5,0,1,0
BRDA:5,0,2,0
BRDA:5,0,3,0
BRF:4
BRH:0
end_of_record
TN:
SF:src/utils/is/isSingleTokenInJson.ts
FN:4,isSingleTokenInJSON
FNF:1
FNH:0
FNDA:0,isSingleTokenInJSON
DA:5,0
LF:1
LH:0
BRDA:6,0,0,0
BRDA:6,0,1,0
BRDA:6,0,2,0
BRDA:6,0,3,0
BRDA:6,0,4,0
BRDA:6,0,5,0
BRDA:12,1,0,0
BRDA:12,1,1,0
BRDA:12,1,2,0
BRF:9
BRH:0
end_of_record
TN:
SF:src/utils/is/isSingleTokenValueObject.ts
FN:6,isSingleTokenValueObject
FNF:1
FNH:0
FNDA:0,isSingleTokenValueObject
DA:7,0
LF:1
LH:0
BRDA:8,0,0,0
BRDA:8,0,1,0
BRDA:8,0,2,0
BRDA:8,0,3,0
BRDA:8,0,4,0
BRDA:8,0,5,0
BRDA:14,1,0,0
BRDA:14,1,1,0
BRDA:14,1,2,0
BRF:9
BRH:0
end_of_record
TN:
SF:src/utils/is/isSingleTypographyToken.ts
FN:8,isSingleTypographyToken
FN:22,isSingleTypographyTokenInJSON
FNF:2
FNH:0
FNDA:0,isSingleTypographyToken
FNDA:0,isSingleTypographyTokenInJSON
DA:12,0
DA:13,0
DA:14,0
DA:15,0
DA:23,0
DA:24,0
LF:6
LH:0
BRDA:10,0,0,0
BRDA:12,1,0,0
BRDA:12,1,1,0
BRDA:16,2,0,0
BRDA:16,2,1,0
BRDA:16,2,2,0
BRDA:16,2,3,0
BRDA:23,3,0,0
BRDA:23,3,1,0
BRDA:25,4,0,0
BRDA:25,4,1,0
BRDA:25,4,2,0
BRDA:25,4,3,0
BRF:13
BRH:0
end_of_record
TN:
SF:src/utils/is/isSingleTypographyValue.ts
FN:5,isSingleTypographyValue
FN:12,(anonymous_1)
FNF:2
FNH:0
FNDA:0,isSingleTypographyValue
FNDA:0,(anonymous_1)
DA:6,0
DA:13,0
LF:2
LH:0
BRDA:7,0,0,0
BRDA:7,0,1,0
BRDA:7,0,2,0
BRDA:10,1,0,0
BRDA:10,1,1,0
BRDA:13,2,0,0
BRDA:13,2,1,0
BRDA:13,2,2,0
BRDA:13,2,3,0
BRDA:13,2,4,0
BRDA:13,2,5,0
BRDA:13,2,6,0
BRDA:13,2,7,0
BRDA:13,2,8,0
BRDA:13,2,9,0
BRDA:13,2,10,0
BRF:16
BRH:0
end_of_record
TN:
SF:src/utils/is/isTokenGroupWithType.ts
FN:16,isTokenGroupWithType
FNF:1
FNH:0
FNDA:0,isTokenGroupWithType
DA:17,0
LF:1
LH:0
BRDA:18,0,0,0
BRDA:18,0,1,0
BRDA:18,0,2,0
BRDA:18,0,3,0
BRDA:18,0,4,0
BRDA:18,0,5,0
BRDA:18,0,6,0
BRDA:18,0,7,0
BRF:8
BRH:0
end_of_record
TN:
SF:src/utils/is/isTokenType.ts
FN:3,isTokenType
FNF:1
FNH:0
FNDA:0,isTokenType
DA:4,0
LF:1
LH:0
BRF:0
BRH:0
end_of_record
TN:
SF:src/utils/math/checkAndEvaluateMath.ts
FN:14,(anonymous_0)
FN:23,(anonymous_1)
FN:32,(anonymous_2)
FN:41,(anonymous_3)
FN:44,(anonymous_4)
FN:46,(anonymous_5)
FN:52,(anonymous_6)
FN:56,checkAndEvaluateMath
FNF:8
FNH:0
FNDA:0,(anonymous_0)
FNDA:0,(anonymous_1)
FNDA:0,(anonymous_2)
FNDA:0,(anonymous_3)
FNDA:0,(anonymous_4)
FNDA:0,(anonymous_5)
FNDA:0,(anonymous_6)
FNDA:0,checkAndEvaluateMath
DA:5,0
DA:14,0
DA:23,0
DA:32,0
DA:41,0
DA:42,0
DA:44,0
DA:45,0
DA:46,0
DA:47,0
DA:52,0
DA:53,0
DA:59,0
DA:60,0
DA:62,0
DA:65,0
DA:67,0
DA:70,0
DA:71,0
DA:72,0
DA:77,0
DA:78,0
DA:80,0
DA:82,0
DA:83,0
DA:85,0
LF:26
LH:0
BRDA:70,0,0,0
BRDA:70,0,1,0
BRDA:70,1,0,0
BRDA:70,1,1,0
BRDA:83,2,0,0
BRDA:83,2,1,0
BRF:6
BRH:0
end_of_record
TN:
SF:src/utils/math/index.ts
FNF:0
FNH:0
LF:0
LH:0
BRF:0
BRH:0
end_of_record
TN:
SF:src/utils/motion/checkReorder.ts
FN:5,checkReorder
FN:10,(anonymous_1)
FN:14,(anonymous_2)
FN:24,(anonymous_3)
FN:26,(anonymous_4)
FNF:5
FNH:0
FNDA:0,checkReorder
FNDA:0,(anonymous_1)
FNDA:0,(anonymous_2)
FNDA:0,(anonymous_3)
FNDA:0,(anonymous_4)
DA:10,0
DA:12,0
DA:14,0
DA:16,0
DA:18,0
DA:19,0
DA:21,0
DA:23,0
DA:24,0
DA:26,0
DA:29,0
DA:31,0
DA:33,0
DA:35,0
DA:36,0
DA:37,0
DA:38,0
DA:42,0
DA:45,0
LF:19
LH:0
BRDA:10,0,0,0
BRDA:12,1,0,0
BRDA:12,1,1,0
BRDA:16,2,0,0
BRDA:16,2,1,0
BRDA:18,3,0,0
BRDA:18,3,1,0
BRDA:21,4,0,0
BRDA:21,4,1,0
BRDA:23,5,0,0
BRDA:23,5,1,0
BRDA:24,6,0,0
BRDA:24,6,1,0
BRDA:26,7,0,0
BRDA:26,7,1,0
BRDA:31,8,0,0
BRDA:31,8,1,0
BRDA:38,9,0,0
BRDA:38,9,1,0
BRDA:39,10,0,0
BRDA:39,10,1,0
BRDA:39,10,2,0
BRDA:39,10,3,0
BRF:23
BRH:0
end_of_record
TN:
SF:src/utils/motion/index.ts
FNF:0
FNH:0
LF:0
LH:0
BRF:0
BRH:0
end_of_record
TN:
SF:src/utils/motion/moveItem.ts
FN:2,moveItem
FNF:1
FNH:0
FNDA:0,moveItem
DA:3,0
DA:5,0
DA:6,0
DA:8,0
DA:9,0
DA:12,0
LF:6
LH:0
BRDA:3,0,0,0
BRDA:3,0,1,0
BRDA:5,1,0,0
BRDA:5,1,1,0
BRDA:5,2,0,0
BRDA:5,2,1,0
BRDA:6,3,0,0
BRDA:6,3,1,0
BRF:8
BRH:0
end_of_record
TN:
SF:src/utils/plugin/index.ts
FNF:0
FNH:0
LF:0
LH:0
BRF:0
BRH:0
end_of_record
TN:
SF:src/utils/plugin/init.ts
FN:7,init
FN:8,(anonymous_1)
FN:23,(anonymous_2)
FNF:3
FNH:0
FNDA:0,init
FNDA:0,(anonymous_1)
FNDA:0,(anonymous_2)
DA:8,0
DA:9,0
DA:15,0
DA:20,0
DA:21,0
DA:24,0
LF:6
LH:0
BRDA:11,0,0,0
BRDA:11,0,1,0
BRDA:12,1,0,0
BRDA:12,1,1,0
BRDA:20,2,0,0
BRDA:20,2,1,0
BRF:6
BRH:0
end_of_record
TN:
SF:src/utils/plugin/startup.ts
FN:13,startup
FNF:1
FNH:0
FNDA:0,startup
DA:29,0
DA:45,0
LF:2
LH:0
BRDA:53,0,0,0
BRDA:53,0,1,0
BRDA:54,1,0,0
BRDA:54,1,1,0
BRDA:58,2,0,0
BRDA:58,2,1,0
BRF:6
BRH:0
end_of_record
TN:
SF:src/utils/string/index.ts
FNF:0
FNH:0
LF:0
LH:0
BRF:0
BRH:0
end_of_record
TN:
SF:src/utils/string/joinPath.ts
FN:3,joinPath
FN:4,(anonymous_1)
FNF:2
FNH:0
FNDA:0,joinPath
FNDA:0,(anonymous_1)
DA:4,0
DA:5,0
LF:2
LH:0
BRF:0
BRH:0
end_of_record
TN:
SF:src/utils/string/slugify.ts
FN:2,slugify
FNF:1
FNH:0
FNDA:0,slugify
DA:3,0
LF:1
LH:0
BRF:0
BRH:0
end_of_record
TN:
SF:src/utils/string/ui/decodeBase64.ts
FN:1,decodeBase64
FNF:1
FNH:0
FNDA:0,decodeBase64
DA:2,0
DA:3,0
DA:4,0
DA:5,0
DA:6,0
DA:8,0
DA:9,0
LF:7
LH:0
BRF:0
BRH:0
end_of_record
TN:
SF:src/utils/string/ui/index.ts
FNF:0
FNH:0
LF:0
LH:0
BRF:0
BRH:0
end_of_record
TN:
SF:src/utils/tokenset/applyTokenSetOrder.ts
FN:3,applyTokenSetOrder
FN:9,(anonymous_1)
FNF:2
FNH:0
FNDA:0,applyTokenSetOrder
FNDA:0,(anonymous_1)
DA:4,0
DA:5,0
DA:8,0
DA:10,0
DA:11,0
DA:12,0
DA:13,0
DA:14,0
DA:15,0
LF:9
LH:0
BRDA:3,0,0,0
BRDA:3,1,0,0
BRDA:4,2,0,0
BRDA:4,2,1,0
BRDA:4,3,0,0
BRDA:4,3,1,0
BRDA:10,4,0,0
BRDA:10,4,1,0
BRDA:11,5,0,0
BRDA:11,5,1,0
BRDA:12,6,0,0
BRDA:12,6,1,0
BRDA:12,7,0,0
BRDA:12,7,1,0
BRDA:13,8,0,0
BRDA:13,8,1,0
BRDA:13,9,0,0
BRDA:13,9,1,0
BRDA:14,10,0,0
BRDA:14,10,1,0
BRDA:14,11,0,0
BRDA:14,11,1,0
BRDA:14,12,0,0
BRDA:14,12,1,0
BRDA:15,13,0,0
BRDA:15,13,1,0
BRF:26
BRH:0
end_of_record
TN:
SF:src/utils/tokenset/findOrderableTargetIndexesInTokenSetTreeList.tsx
FN:4,findOrderableTargetIndexesInTokenSetTreeList
FN:5,(anonymous_1)
FN:9,(anonymous_2)
FN:11,(anonymous_3)
FNF:4
FNH:0
FNDA:0,findOrderableTargetIndexesInTokenSetTreeList
FNDA:0,(anonymous_1)
FNDA:0,(anonymous_2)
FNDA:0,(anonymous_3)
DA:5,0
DA:6,0
DA:9,0
DA:10,0
DA:11,0
DA:12,0
DA:14,0
DA:16,0
DA:18,0
LF:9
LH:0
BRDA:6,0,0,0
BRDA:6,0,1,0
BRDA:10,1,0,0
BRDA:10,1,1,0
BRDA:12,2,0,0
BRDA:12,2,1,0
BRF:6
BRH:0
end_of_record
TN:
SF:src/utils/tokenset/findParentIndexToInsertSet.ts
FN:3,findParentIndexToInsertSet
FN:4,(anonymous_1)
FN:7,(anonymous_2)
FNF:3
FNH:0
FNDA:0,findParentIndexToInsertSet
FNDA:0,(anonymous_1)
FNDA:0,(anonymous_2)
DA:4,0
DA:5,0
DA:6,0
DA:7,0
DA:8,0
DA:9,0
DA:10,0
DA:16,0
DA:19,0
LF:9
LH:0
BRDA:8,0,0,0
BRDA:8,0,1,0
BRDA:9,1,0,0
BRDA:9,1,1,0
BRF:4
BRH:0
end_of_record
TN:
SF:src/utils/tokenset/index.ts
FNF:0
FNH:0
LF:0
LH:0
BRF:0
BRH:0
end_of_record
TN:
SF:src/utils/tokenset/mapTokensToStyleInfo.ts
FN:4,mapTokensToStyleInfo
FN:15,(anonymous_1)
FN:16,(anonymous_2)
FNF:3
FNH:0
FNDA:0,mapTokensToStyleInfo
FNDA:0,(anonymous_1)
FNDA:0,(anonymous_2)
DA:12,0
DA:14,0
DA:15,0
DA:16,0
DA:17,0
DA:18,0
DA:19,0
DA:20,0
DA:28,0
LF:9
LH:0
BRDA:19,0,0,0
BRDA:19,0,1,0
BRF:2
BRH:0
end_of_record
TN:
SF:src/utils/tokenset/tokenSetListToList.ts
FN:4,tokenSetListToList
FN:5,(anonymous_1)
FNF:2
FNH:0
FNDA:0,tokenSetListToList
FNDA:0,(anonymous_1)
DA:5,0
LF:1
LH:0
BRF:0
BRH:0
end_of_record
TN:
SF:src/utils/tokenset/tokenSetListToTree.ts
FN:13,tokenSetListToTree
FN:14,(anonymous_1)
FN:17,(anonymous_2)
FN:21,(anonymous_3)
FN:23,(anonymous_4)
FN:38,(anonymous_5)
FNF:6
FNH:0
FNDA:0,tokenSetListToTree
FNDA:0,(anonymous_1)
FNDA:0,(anonymous_2)
FNDA:0,(anonymous_3)
FNDA:0,(anonymous_4)
FNDA:0,(anonymous_5)
DA:14,0
DA:15,0
DA:16,0
DA:17,0
DA:19,0
DA:20,0
DA:21,0
DA:22,0
DA:23,0
DA:24,0
DA:37,0
DA:38,0
DA:39,0
DA:49,0
DA:59,0
DA:63,0
LF:16
LH:0
BRDA:16,0,0,0
BRDA:16,0,1,0
BRDA:19,1,0,0
BRDA:19,1,1,0
BRDA:19,2,0,0
BRDA:19,2,1,0
BRDA:23,3,0,0
BRDA:23,3,1,0
BRDA:23,4,0,0
BRDA:23,4,1,0
BRDA:37,5,0,0
BRDA:37,5,1,0
BRF:12
BRH:0
end_of_record
TN:
SF:src/utils/tokenset/updateTokenSetsInState.ts
FN:8,updateTokenSetsInState
FN:15,(anonymous_1)
FN:32,(anonymous_2)
FN:54,(anonymous_3)
FN:65,(anonymous_4)
FN:70,(anonymous_5)
FN:72,(anonymous_6)
FN:85,(anonymous_7)
FN:87,(anonymous_8)
FN:98,(anonymous_9)
FN:100,(anonymous_10)
FN:100,(anonymous_11)
FN:100,(anonymous_12)
FNF:13
FNH:0
FNDA:0,updateTokenSetsInState
FNDA:0,(anonymous_1)
FNDA:0,(anonymous_2)
FNDA:0,(anonymous_3)
FNDA:0,(anonymous_4)
FNDA:0,(anonymous_5)
FNDA:0,(anonymous_6)
FNDA:0,(anonymous_7)
FNDA:0,(anonymous_8)
FNDA:0,(anonymous_9)
FNDA:0,(anonymous_10)
FNDA:0,(anonymous_11)
FNDA:0,(anonymous_12)
DA:13,0
DA:14,0
DA:15,0
DA:16,0
DA:17,0
DA:18,0
DA:19,0
DA:20,0
DA:22,0
DA:24,0
DA:27,0
DA:29,0
DA:32,0
DA:33,0
DA:34,0
DA:37,0
DA:38,0
DA:39,0
DA:40,0
DA:41,0
DA:43,0
DA:45,0
DA:46,0
DA:49,0
DA:50,0
DA:51,0
DA:52,0
DA:53,0
DA:54,0
DA:64,0
DA:65,0
DA:66,0
DA:67,0
DA:68,0
DA:70,0
DA:71,0
DA:72,0
DA:73,0
DA:74,0
DA:75,0
DA:77,0
DA:84,0
DA:85,0
DA:86,0
DA:87,0
DA:97,0
DA:98,0
DA:99,0
DA:100,0
DA:101,0
DA:104,0
LF:51
LH:0
BRDA:16,0,0,0
BRDA:16,0,1,0
BRDA:18,1,0,0
BRDA:18,1,1,0
BRDA:19,2,0,0
BRDA:19,2,1,0
BRDA:33,3,0,0
BRDA:33,3,1,0
BRDA:34,4,0,0
BRDA:34,4,1,0
BRDA:38,5,0,0
BRDA:38,5,1,0
BRDA:39,6,0,0
BRDA:39,6,1,0
BRDA:45,7,0,0
BRDA:45,7,1,0
BRDA:51,8,0,0
BRDA:51,8,1,0
BRDA:64,9,0,0
BRDA:64,9,1,0
BRDA:66,10,0,0
BRDA:66,10,1,0
BRDA:73,11,0,0
BRDA:73,11,1,0
BRDA:84,12,0,0
BRDA:84,12,1,0
BRF:26
BRH:0
end_of_record
